<?xml version="1.0" encoding="UTF-8"?>
<!-- Generated by org.testng.reporters.JUnitXMLReporter -->
<testsuite hostname="CLLK-SHIWANTHAL" ignored="1" name="Unit Test Execution Coverage" tests="1" failures="1" timestamp="21 Jan 2019 12:05:53 GMT" time="59.046" errors="0">
  <testcase name="step_mb_region_membership" time="58.991" classname="se.cambio.qa.dev.MbSampleTest">
    <failure type="java.lang.RuntimeException" message="se.cambio.test.taf.core.exception.ApplicationException: Unable to find JMenuItem using the specified GenericTypeMatcher. 
Error: Unable to find component using matcher se.cambio.test.taf.element.desktop.elementbase.core.BaseJMenu$2@4215e133.

Component hierarchy:
se.cambiosys.client.framework.core.internal.gui.MainWindow[name=&amp;apos;jframe_main_window&amp;apos;, title=&amp;apos;Prasad Ranasinghe, (PrasadR), Central administrator*The Emergency department*&amp;apos;, enabled=true, visible=true, showing=true]
  javax.swing.JRootPane[]
    se.cambiosys.client.framework.core.internal.gui.MainGlassPane[name=null]
    javax.swing.JLayeredPane[]
      javax.swing.JPanel[name=null]
        javax.swing.JPopupMenu[name=null, label=null, enabled=true, visible=true, showing=true]
          se.cambiosys.client.framework.core.internal.gui.CambioMenuSearchComponent[name=null]
            se.cambiosys.client.framework.components.CambioPanel[name=null]
              javax.swing.JTextField[name=null, text=&amp;apos;&amp;apos;, enabled=true, visible=true, showing=true]
              se.cambiosys.client.framework.components.CambioLabel[name=&amp;apos;Table.cellRenderer&amp;apos;, text=&amp;apos;&amp;apos;, enabled=true, visible=true, showing=true]
              se.cambiosys.client.framework.components.CambioButton[name=null, text=&amp;apos;&amp;apos;, enabled=true, visible=false, showing=false]
          se.cambiosys.client.framework.components.CambioMenu[name=null, text=&amp;apos;Page Object Creator&amp;apos;, selected=false, enabled=true, visible=true, showing=true]
            javax.swing.JPopupMenu[name=null, label=null, enabled=true, visible=false, showing=false]
              se.cambiosys.client.framework.menueditor.internal.InitializingMenuItem[name=null, text=&amp;apos;Loading...&amp;apos;, selected=false, enabled=true, visible=true, showing=false]
                se.cambiosys.client.framework.core.internal.CambioShortcutMenuButton[name=null, text=&amp;apos;&amp;apos;, selected=false, enabled=true, visible=true, showing=false]
          se.cambiosys.client.framework.components.CambioMenu[name=null, text=&amp;apos;Activity&amp;apos;, selected=false, enabled=true, visible=true, showing=true]
            javax.swing.JPopupMenu[name=null, label=null, enabled=true, visible=false, showing=false]
              se.cambiosys.client.framework.menueditor.internal.InitializingMenuItem[name=null, text=&amp;apos;Order&amp;apos;, selected=false, enabled=false, visible=true, showing=false]
                se.cambiosys.client.framework.core.internal.CambioShortcutMenuButton[name=null, text=&amp;apos;&amp;apos;, selected=true, enabled=true, visible=true, showing=false]
              se.cambiosys.client.framework.menueditor.internal.InitializingMenuItem[name=null, text=&amp;apos;Order Administration&amp;apos;, selected=false, enabled=true, visible=true, showing=false]
                se.cambiosys.client.framework.core.internal.CambioShortcutMenuButton[name=null, text=&amp;apos;&amp;apos;, selected=false, enabled=true, visible=true, showing=false]
          se.cambiosys.client.framework.components.CambioMenu[name=null, text=&amp;apos;Patient Generated Care Entries&amp;apos;, selected=false, enabled=true, visible=true, showing=true]
            javax.swing.JPopupMenu[name=null, label=null, enabled=true, visible=false, showing=false]
              se.cambiosys.client.framework.menueditor.internal.InitializingMenuItem[name=null, text=&amp;apos;PG CareEntries Testing Tool&amp;apos;, selected=false, enabled=true, visible=true, showing=false]
                se.cambiosys.client.framework.core.internal.CambioShortcutMenuButton[name=null, text=&amp;apos;&amp;apos;, selected=false, enabled=true, visible=true, showing=false]
          se.cambiosys.client.framework.components.CambioMenu[name=null, text=&amp;apos;Referral&amp;apos;, selected=false, enabled=true, visible=true, showing=true]
            javax.swing.JPopupMenu[name=null, label=null, enabled=true, visible=false, showing=false]
              se.cambiosys.client.framework.menueditor.internal.InitializingMenuItem[name=null, text=&amp;apos;New referral&amp;apos;, selected=false, enabled=true, visible=true, showing=false]
                se.cambiosys.client.framework.core.internal.CambioShortcutMenuButton[name=null, text=&amp;apos;&amp;apos;, selected=false, enabled=true, visible=true, showing=false]
              se.cambiosys.client.framework.menueditor.internal.InitializingMenuItem[name=null, text=&amp;apos;Received referrals&amp;apos;, selected=false, enabled=true, visible=true, showing=false]
                se.cambiosys.client.framework.core.internal.CambioShortcutMenuButton[name=null, text=&amp;apos;&amp;apos;, selected=false, enabled=true, visible=true, showing=false]
              se.cambiosys.client.framework.menueditor.internal.InitializingMenuItem[name=null, text=&amp;apos;Register referral&amp;apos;, selected=false, enabled=true, visible=true, showing=false]
                se.cambiosys.client.framework.core.internal.CambioShortcutMenuButton[name=null, text=&amp;apos;&amp;apos;, selected=false, enabled=true, visible=true, showing=false]
              se.cambiosys.client.framework.menueditor.internal.InitializingMenuItem[name=null, text=&amp;apos;Saved and sent referrals&amp;apos;, selected=false, enabled=true, visible=true, showing=false]
                se.cambiosys.client.framework.core.internal.CambioShortcutMenuButton[name=null, text=&amp;apos;&amp;apos;, selected=false, enabled=true, visible=true, showing=false]
              se.cambiosys.client.framework.menueditor.internal.InitializingMenuItem[name=null, text=&amp;apos;Patient&amp;apos;s list of answers&amp;apos;, selected=false, enabled=true, visible=true, showing=false]
                se.cambiosys.client.framework.core.internal.CambioShortcutMenuButton[name=null, text=&amp;apos;&amp;apos;, selected=false, enabled=true, visible=true, showing=false]
              se.cambiosys.client.framework.components.CambioMenu[name=null, text=&amp;apos;Administration&amp;apos;, selected=false, enabled=true, visible=true, showing=false]
                javax.swing.JPopupMenu[name=null, label=null, enabled=true, visible=false, showing=false]
                  se.cambiosys.client.framework.menueditor.internal.InitializingMenuItem[name=null, text=&amp;apos;Documentation templates&amp;apos;, selected=false, enabled=true, visible=true, showing=false]
                    se.cambiosys.client.framework.core.internal.CambioShortcutMenuButton[name=null, text=&amp;apos;&amp;apos;, selected=false, enabled=true, visible=true, showing=false]
          se.cambiosys.client.framework.components.CambioMenu[name=null, text=&amp;apos;Link&amp;apos;, selected=false, enabled=true, visible=true, showing=true]
            javax.swing.JPopupMenu[name=null, label=null, enabled=true, visible=false, showing=false]
              se.cambiosys.client.framework.menueditor.internal.InitializingMenuItem[name=null, text=&amp;apos;Case overview&amp;apos;, selected=false, enabled=true, visible=true, showing=false]
                se.cambiosys.client.framework.core.internal.CambioShortcutMenuButton[name=null, text=&amp;apos;&amp;apos;, selected=false, enabled=true, visible=true, showing=false]
              se.cambiosys.client.framework.components.CambioMenu[name=null, text=&amp;apos;Administration&amp;apos;, selected=false, enabled=true, visible=true, showing=false]
                javax.swing.JPopupMenu[name=null, label=null, enabled=true, visible=false, showing=false]
                  se.cambiosys.client.framework.menueditor.internal.InitializingMenuItem[name=null, text=&amp;apos;Suggested Admission message receivers&amp;apos;, selected=false, enabled=true, visible=true, showing=false]
                    se.cambiosys.client.framework.core.internal.CambioShortcutMenuButton[name=null, text=&amp;apos;&amp;apos;, selected=false, enabled=true, visible=true, showing=false]
          se.cambiosys.client.framework.components.CambioMenu[name=null, text=&amp;apos;Fluid balance&amp;apos;, selected=false, enabled=true, visible=true, showing=true]
            javax.swing.JPopupMenu[name=null, label=null, enabled=true, visible=false, showing=false]
              se.cambiosys.client.framework.menueditor.internal.InitializingMenuItem[name=null, text=&amp;apos;Fluid Balance&amp;apos;, selected=false, enabled=true, visible=true, showing=false]
                se.cambiosys.client.framework.core.internal.CambioShortcutMenuButton[name=null, text=&amp;apos;&amp;apos;, selected=false, enabled=true, visible=true, showing=false]
          se.cambiosys.client.framework.components.CambioMenu[name=null, text=&amp;apos;Help&amp;apos;, selected=false, enabled=true, visible=true, showing=true]
            javax.swing.JPopupMenu[name=null, label=null, enabled=true, visible=false, showing=false]
              se.cambiosys.client.framework.menueditor.internal.InitializingMenuItem[name=null, text=&amp;apos;About Cambio COSMIC...&amp;apos;, selected=false, enabled=true, visible=true, showing=false]
                se.cambiosys.client.framework.core.internal.CambioShortcutMenuButton[name=null, text=&amp;apos;&amp;apos;, selected=false, enabled=true, visible=true, showing=false]
              se.cambiosys.client.framework.menueditor.internal.InitializingMenuItem[name=null, text=&amp;apos;Help for Cosmic&amp;apos;, selected=false, enabled=true, visible=true, showing=false]
                se.cambiosys.client.framework.core.internal.CambioShortcutMenuButton[name=null, text=&amp;apos;&amp;apos;, selected=false, enabled=true, visible=true, showing=false]
          se.cambiosys.client.framework.components.CambioMenu[name=null, text=&amp;apos;CDS&amp;apos;, selected=false, enabled=true, visible=true, showing=true]
            javax.swing.JPopupMenu[name=null, label=null, enabled=true, visible=false, showing=false]
              se.cambiosys.client.framework.menueditor.internal.InitializingMenuItem[name=null, text=&amp;apos;CDS App Administration&amp;apos;, selected=false, enabled=true, visible=true, showing=false]
                se.cambiosys.client.framework.core.internal.CambioShortcutMenuButton[name=null, text=&amp;apos;&amp;apos;, selected=false, enabled=true, visible=true, showing=false]
              se.cambiosys.client.framework.menueditor.internal.InitializingMenuItem[name=null, text=&amp;apos;Stroke Prevention for Atrial Fibrillation&amp;apos;, selected=false, enabled=true, visible=true, showing=false]
                se.cambiosys.client.framework.core.internal.CambioShortcutMenuButton[name=null, text=&amp;apos;&amp;apos;, selected=false, enabled=true, visible=true, showing=false]
          se.cambiosys.client.framework.components.CambioMenu[name=null, text=&amp;apos;Resource planning&amp;apos;, selected=false, enabled=true, visible=true, showing=true]
            javax.swing.JPopupMenu[name=null, label=null, enabled=true, visible=false, showing=false]
              se.cambiosys.client.framework.menueditor.internal.InitializingMenuItem[name=null, text=&amp;apos;Schedule&amp;apos;, selected=false, enabled=true, visible=true, showing=false]
                se.cambiosys.client.framework.core.internal.CambioShortcutMenuButton[name=null, text=&amp;apos;&amp;apos;, selected=false, enabled=true, visible=true, showing=false]
              se.cambiosys.client.framework.menueditor.internal.InitializingMenuItem[name=null, text=&amp;apos;Schedule groups&amp;apos;, selected=false, enabled=true, visible=true, showing=false]
                se.cambiosys.client.framework.core.internal.CambioShortcutMenuButton[name=null, text=&amp;apos;&amp;apos;, selected=false, enabled=true, visible=true, showing=false]
              se.cambiosys.client.framework.menueditor.internal.InitializingMenuItem[name=null, text=&amp;apos;Schedule overview&amp;apos;, selected=false, enabled=true, visible=true, showing=false]
                se.cambiosys.client.framework.core.internal.CambioShortcutMenuButton[name=null, text=&amp;apos;&amp;apos;, selected=false, enabled=true, visible=true, showing=false]
              se.cambiosys.client.framework.components.CambioMenu[name=null, text=&amp;apos;Administration&amp;apos;, selected=false, enabled=true, visible=true, showing=false]
                javax.swing.JPopupMenu[name=null, label=null, enabled=true, visible=false, showing=false]
                  se.cambiosys.client.framework.menueditor.internal.InitializingMenuItem[name=null, text=&amp;apos;Connect time slot services&amp;apos;, selected=false, enabled=true, visible=true, showing=false]
                    se.cambiosys.client.framework.core.internal.CambioShortcutMenuButton[name=null, text=&amp;apos;&amp;apos;, selected=false, enabled=true, visible=true, showing=false]
                  se.cambiosys.client.framework.components.CambioMenu[name=null, text=&amp;apos;Scheme&amp;apos;, selected=false, enabled=true, visible=true, showing=false]
                    javax.swing.JPopupMenu[name=null, label=null, enabled=true, visible=false, showing=false]
                      se.cambiosys.client.framework.menueditor.internal.InitializingMenuItem[name=null, text=&amp;apos;Services scheme&amp;apos;, selected=false, enabled=true, visible=true, showing=false]
                        se.cambiosys.client.framework.core.internal.CambioShortcutMenuButton[name=null, text=&amp;apos;&amp;apos;, selected=false, enabled=true, visible=true, showing=false]
                      se.cambiosys.client.framework.menueditor.internal.InitializingMenuItem[name=null, text=&amp;apos;Scheme templates&amp;apos;, selected=false, enabled=true, visible=true, showing=false]
                        se.cambiosys.client.framework.core.internal.CambioShortcutMenuButton[name=null, text=&amp;apos;&amp;apos;, selected=false, enabled=true, visible=true, showing=false]
                      se.cambiosys.client.framework.menueditor.internal.InitializingMenuItem[name=null, text=&amp;apos;Resource&amp;apos;s scheme&amp;apos;, selected=false, enabled=true, visible=true, showing=false]
                        se.cambiosys.client.framework.core.internal.CambioShortcutMenuButton[name=null, text=&amp;apos;&amp;apos;, selected=false, enabled=true, visible=true, showing=false]
                  se.cambiosys.client.framework.components.CambioMenu[name=null, text=&amp;apos;Staffing&amp;apos;, selected=false, enabled=true, visible=true, showing=false]
                    javax.swing.JPopupMenu[name=null, label=null, enabled=true, visible=false, showing=false]
                      se.cambiosys.client.framework.menueditor.internal.InitializingMenuItem[name=null, text=&amp;apos;Allocate resources - Services scheme&amp;apos;, selected=false, enabled=true, visible=true, showing=false]
                        se.cambiosys.client.framework.core.internal.CambioShortcutMenuButton[name=null, text=&amp;apos;&amp;apos;, selected=false, enabled=true, visible=true, showing=false]
                      se.cambiosys.client.framework.menueditor.internal.InitializingMenuItem[name=null, text=&amp;apos;Allocate resources - Scheme templates&amp;apos;, selected=false, enabled=true, visible=true, showing=false]
                        se.cambiosys.client.framework.core.internal.CambioShortcutMenuButton[name=null, text=&amp;apos;&amp;apos;, selected=false, enabled=true, visible=true, showing=false]
                      se.cambiosys.client.framework.menueditor.internal.InitializingMenuItem[name=null, text=&amp;apos;Services missing resources&amp;apos;, selected=false, enabled=true, visible=true, showing=false]
                        se.cambiosys.client.framework.core.internal.CambioShortcutMenuButton[name=null, text=&amp;apos;&amp;apos;, selected=false, enabled=true, visible=true, showing=false]
              se.cambiosys.client.framework.menueditor.internal.InitializingMenuItem[name=null, text=&amp;apos;Planned activities&amp;apos;, selected=false, enabled=true, visible=true, showing=false]
                se.cambiosys.client.framework.core.internal.CambioShortcutMenuButton[name=null, text=&amp;apos;&amp;apos;, selected=false, enabled=true, visible=true, showing=false]
              se.cambiosys.client.framework.menueditor.internal.InitializingMenuItem[name=null, text=&amp;apos;Planning form&amp;apos;, selected=false, enabled=true, visible=true, showing=false]
                se.cambiosys.client.framework.core.internal.CambioShortcutMenuButton[name=null, text=&amp;apos;&amp;apos;, selected=false, enabled=true, visible=true, showing=false]
              se.cambiosys.client.framework.menueditor.internal.InitializingMenuItem[name=null, text=&amp;apos;Light planning form&amp;apos;, selected=false, enabled=true, visible=true, showing=false]
                se.cambiosys.client.framework.core.internal.CambioShortcutMenuButton[name=null, text=&amp;apos;&amp;apos;, selected=false, enabled=true, visible=true, showing=false]
          se.cambiosys.client.framework.components.CambioMenu[name=null, text=&amp;apos;Activity handling&amp;apos;, selected=false, enabled=true, visible=true, showing=true]
            javax.swing.JPopupMenu[name=null, label=null, enabled=true, visible=false, showing=false]
              se.cambiosys.client.framework.menueditor.internal.InitializingMenuItem[name=null, text=&amp;apos;Activity handler&amp;apos;, selected=false, enabled=true, visible=true, showing=false]
                se.cambiosys.client.framework.core.internal.CambioShortcutMenuButton[name=null, text=&amp;apos;&amp;apos;, selected=false, enabled=true, visible=true, showing=false]
              se.cambiosys.client.framework.components.CambioMenu[name=null, text=&amp;apos;Administration&amp;apos;, selected=false, enabled=true, visible=true, showing=false]
                javax.swing.JPopupMenu[name=null, label=null, enabled=true, visible=false, showing=false]
                  se.cambiosys.client.framework.menueditor.internal.InitializingMenuItem[name=null, text=&amp;apos;Configuration of Activity plans&amp;apos;, selected=false, enabled=true, visible=true, showing=false]
                    se.cambiosys.client.framework.core.internal.CambioShortcutMenuButton[name=null, text=&amp;apos;&amp;apos;, selected=false, enabled=true, visible=true, showing=false]
                  se.cambiosys.client.framework.menueditor.internal.InitializingMenuItem[name=null, text=&amp;apos;Configuration of activity plan activation&amp;apos;, selected=false, enabled=true, visible=true, showing=false]
                    se.cambiosys.client.framework.core.internal.CambioShortcutMenuButton[name=null, text=&amp;apos;&amp;apos;, selected=false, enabled=true, visible=true, showing=false]
          se.cambiosys.client.framework.components.CambioMenu[name=null, text=&amp;apos;Drugs&amp;apos;, selected=false, enabled=true, visible=true, showing=true]
            javax.swing.JPopupMenu[name=null, label=null, enabled=true, visible=false, showing=false]
              se.cambiosys.client.framework.menueditor.internal.InitializingMenuItem[name=null, text=&amp;apos;Appliance&amp;apos;, selected=false, enabled=true, visible=true, showing=false]
                se.cambiosys.client.framework.core.internal.CambioShortcutMenuButton[name=null, text=&amp;apos;&amp;apos;, selected=false, enabled=true, visible=true, showing=false]
              se.cambiosys.client.framework.menueditor.internal.InitializingMenuItem[name=null, text=&amp;apos;Prescription&amp;apos;, selected=false, enabled=true, visible=true, showing=false]
                se.cambiosys.client.framework.core.internal.CambioShortcutMenuButton[name=null, text=&amp;apos;&amp;apos;, selected=false, enabled=true, visible=true, showing=false]
              se.cambiosys.client.framework.menueditor.internal.InitializingMenuItem[name=null, text=&amp;apos;R8.0 List of medications&amp;apos;, selected=false, enabled=true, visible=true, showing=false]
                se.cambiosys.client.framework.core.internal.CambioShortcutMenuButton[name=null, text=&amp;apos;&amp;apos;, selected=false, enabled=true, visible=true, showing=false]
              se.cambiosys.client.framework.components.CambioMenu[name=null, text=&amp;apos;Administration&amp;apos;, selected=false, enabled=true, visible=true, showing=false]
                javax.swing.JPopupMenu[name=null, label=null, enabled=true, visible=false, showing=false]
                  se.cambiosys.client.framework.menueditor.internal.InitializingMenuItem[name=null, text=&amp;apos;Sent E-prescriptions&amp;apos;, selected=false, enabled=true, visible=true, showing=false]
                    se.cambiosys.client.framework.core.internal.CambioShortcutMenuButton[name=null, text=&amp;apos;&amp;apos;, selected=false, enabled=true, visible=true, showing=false]
              se.cambiosys.client.framework.menueditor.internal.InitializingMenuItem[name=null, text=&amp;apos;Warnings, cautions and infected blood&amp;apos;, selected=false, enabled=false, visible=true, showing=false]
                se.cambiosys.client.framework.core.internal.CambioShortcutMenuButton[name=null, text=&amp;apos;&amp;apos;, selected=false, enabled=true, visible=true, showing=false]
              se.cambiosys.client.framework.menueditor.internal.InitializingMenuItem[name=null, text=&amp;apos;Medical administration record&amp;apos;, selected=false, enabled=true, visible=true, showing=false]
                se.cambiosys.client.framework.core.internal.CambioShortcutMenuButton[name=null, text=&amp;apos;&amp;apos;, selected=false, enabled=true, visible=true, showing=false]
              se.cambiosys.client.framework.menueditor.internal.InitializingMenuItem[name=null, text=&amp;apos;Decision about medication at admission&amp;apos;, selected=false, enabled=true, visible=true, showing=false]
                se.cambiosys.client.framework.core.internal.CambioShortcutMenuButton[name=null, text=&amp;apos;&amp;apos;, selected=false, enabled=true, visible=true, showing=false]
          se.cambiosys.client.framework.components.CambioMenu[name=null, text=&amp;apos;Concept&amp;apos;, selected=false, enabled=true, visible=true, showing=true]
            javax.swing.JPopupMenu[name=null, label=null, enabled=true, visible=false, showing=false]
              se.cambiosys.client.framework.menueditor.internal.InitializingMenuItem[name=null, text=&amp;apos;Terminology binding configuration&amp;apos;, selected=false, enabled=true, visible=true, showing=false]
                se.cambiosys.client.framework.core.internal.CambioShortcutMenuButton[name=null, text=&amp;apos;&amp;apos;, selected=false, enabled=true, visible=true, showing=false]
          se.cambiosys.client.framework.components.CambioMenu[name=null, text=&amp;apos;Block Administration&amp;apos;, selected=false, enabled=true, visible=true, showing=true]
            javax.swing.JPopupMenu[name=null, label=null, enabled=true, visible=false, showing=false]
              se.cambiosys.client.framework.menueditor.internal.InitializingMenuItem[name=null, text=&amp;apos;Block Administration&amp;apos;, selected=false, enabled=true, visible=true, showing=false]
                se.cambiosys.client.framework.core.internal.CambioShortcutMenuButton[name=null, text=&amp;apos;&amp;apos;, selected=false, enabled=true, visible=true, showing=false]
          se.cambiosys.client.framework.components.CambioMenu[name=null, text=&amp;apos;Overviews&amp;apos;, selected=false, enabled=true, visible=true, showing=true]
            javax.swing.JPopupMenu[name=null, label=null, enabled=true, visible=false, showing=false]
              se.cambiosys.client.framework.menueditor.internal.InitializingMenuItem[name=null, text=&amp;apos;Unsigned and Unacknowledged&amp;apos;, selected=false, enabled=true, visible=true, showing=false]
                se.cambiosys.client.framework.core.internal.CambioShortcutMenuButton[name=null, text=&amp;apos;&amp;apos;, selected=false, enabled=true, visible=true, showing=false]
              se.cambiosys.client.framework.components.CambioMenu[name=null, text=&amp;apos;Unit overviews&amp;apos;, selected=false, enabled=true, visible=true, showing=false]
                javax.swing.JPopupMenu[name=null, label=null, enabled=true, visible=false, showing=false]
                  se.cambiosys.client.framework.menueditor.internal.InitializingMenuItem[name=null, text=&amp;apos;Services&amp;apos;, selected=false, enabled=true, visible=true, showing=false]
                    se.cambiosys.client.framework.core.internal.CambioShortcutMenuButton[name=null, text=&amp;apos;&amp;apos;, selected=false, enabled=true, visible=true, showing=false]
                  se.cambiosys.client.framework.menueditor.internal.InitializingMenuItem[name=null, text=&amp;apos;Commitment&amp;apos;, selected=false, enabled=true, visible=true, showing=false]
                    se.cambiosys.client.framework.core.internal.CambioShortcutMenuButton[name=null, text=&amp;apos;&amp;apos;, selected=false, enabled=true, visible=true, showing=false]
                  se.cambiosys.client.framework.menueditor.internal.InitializingMenuItem[name=null, text=&amp;apos;Admission overview&amp;apos;, selected=false, enabled=true, visible=true, showing=false]
                    se.cambiosys.client.framework.core.internal.CambioShortcutMenuButton[name=null, text=&amp;apos;&amp;apos;, selected=false, enabled=true, visible=true, showing=false]
                  se.cambiosys.client.framework.menueditor.internal.InitializingMenuItem[name=null, text=&amp;apos;Loading...&amp;apos;, selected=false, enabled=true, visible=true, showing=false]
                    se.cambiosys.client.framework.core.internal.CambioShortcutMenuButton[name=null, text=&amp;apos;&amp;apos;, selected=false, enabled=true, visible=true, showing=false]
                  se.cambiosys.client.framework.menueditor.internal.InitializingMenuItem[name=null, text=&amp;apos;Loading...&amp;apos;, selected=false, enabled=true, visible=true, showing=false]
                    se.cambiosys.client.framework.core.internal.CambioShortcutMenuButton[name=null, text=&amp;apos;&amp;apos;, selected=false, enabled=true, visible=true, showing=false]
              se.cambiosys.client.framework.menueditor.internal.InitializingMenuItem[name=null, text=&amp;apos;Visit Overview&amp;apos;, selected=false, enabled=true, visible=true, showing=false]
                se.cambiosys.client.framework.core.internal.CambioShortcutMenuButton[name=null, text=&amp;apos;&amp;apos;, selected=false, enabled=true, visible=true, showing=false]
              se.cambiosys.client.framework.menueditor.internal.InitializingMenuItem[name=null, text=&amp;apos;Clinical overview - OP&amp;apos;, selected=false, enabled=true, visible=true, showing=false]
                se.cambiosys.client.framework.core.internal.CambioShortcutMenuButton[name=null, text=&amp;apos;&amp;apos;, selected=false, enabled=true, visible=true, showing=false]
              se.cambiosys.client.framework.menueditor.internal.InitializingMenuItem[name=null, text=&amp;apos;Clinical overview - IP&amp;apos;, selected=false, enabled=true, visible=true, showing=false]
                se.cambiosys.client.framework.core.internal.CambioShortcutMenuButton[name=null, text=&amp;apos;&amp;apos;, selected=false, enabled=true, visible=true, showing=false]
              se.cambiosys.client.framework.menueditor.internal.InitializingMenuItem[name=null, text=&amp;apos;Process view&amp;apos;, selected=false, enabled=true, visible=true, showing=false]
                se.cambiosys.client.framework.core.internal.CambioShortcutMenuButton[name=null, text=&amp;apos;&amp;apos;, selected=false, enabled=true, visible=true, showing=false]
              se.cambiosys.client.framework.menueditor.internal.InitializingMenuItem[name=null, text=&amp;apos;Dynamic overviews - Administration&amp;apos;, selected=false, enabled=true, visible=true, showing=false]
                se.cambiosys.client.framework.core.internal.CambioShortcutMenuButton[name=null, text=&amp;apos;&amp;apos;, selected=false, enabled=true, visible=true, showing=false]
              se.cambiosys.client.framework.components.CambioMenu[name=null, text=&amp;apos;Dynamic overviews&amp;apos;, selected=false, enabled=true, visible=true, showing=false]
                javax.swing.JPopupMenu[name=null, label=null, enabled=true, visible=false, showing=false]
                  se.cambiosys.client.overviewmodule.Module$8(se.cambiosys.client.framework.components.CambioMenuItem)[name=null, text=&amp;apos;All views*&amp;apos;, selected=false, enabled=true, visible=true, showing=false]
                    se.cambiosys.client.framework.core.internal.CambioShortcutMenuButton[name=null, text=&amp;apos;&amp;apos;, selected=false, enabled=true, visible=true, showing=false]
                  se.cambiosys.client.overviewmodule.Module$8(se.cambiosys.client.framework.components.CambioMenuItem)[name=null, text=&amp;apos;Doctor*&amp;apos;, selected=false, enabled=true, visible=true, showing=false]
                    se.cambiosys.client.framework.core.internal.CambioShortcutMenuButton[name=null, text=&amp;apos;&amp;apos;, selected=false, enabled=true, visible=true, showing=false]
                  se.cambiosys.client.overviewmodule.Module$8(se.cambiosys.client.framework.components.CambioMenuItem)[name=null, text=&amp;apos;Inpatient*&amp;apos;, selected=false, enabled=true, visible=true, showing=false]
                    se.cambiosys.client.framework.core.internal.CambioShortcutMenuButton[name=null, text=&amp;apos;&amp;apos;, selected=false, enabled=true, visible=true, showing=false]
                  se.cambiosys.client.overviewmodule.Module$8(se.cambiosys.client.framework.components.CambioMenuItem)[name=null, text=&amp;apos;Patient*&amp;apos;, selected=false, enabled=true, visible=true, showing=false]
                    se.cambiosys.client.framework.core.internal.CambioShortcutMenuButton[name=null, text=&amp;apos;&amp;apos;, selected=false, enabled=true, visible=true, showing=false]
              se.cambiosys.client.framework.menueditor.internal.InitializingMenuItem[name=null, text=&amp;apos;Patient Overview&amp;apos;, selected=false, enabled=true, visible=true, showing=false]
                se.cambiosys.client.framework.core.internal.CambioShortcutMenuButton[name=null, text=&amp;apos;&amp;apos;, selected=false, enabled=true, visible=true, showing=false]
              se.cambiosys.client.framework.menueditor.internal.InitializingMenuItem[name=null, text=&amp;apos;Analyse Area&amp;apos;, selected=false, enabled=true, visible=true, showing=false]
                se.cambiosys.client.framework.core.internal.CambioShortcutMenuButton[name=null, text=&amp;apos;&amp;apos;, selected=false, enabled=true, visible=true, showing=false]
              se.cambiosys.client.framework.menueditor.internal.InitializingMenuItem[name=null, text=&amp;apos;My Overview&amp;apos;, selected=false, enabled=true, visible=true, showing=false]
                se.cambiosys.client.framework.core.internal.CambioShortcutMenuButton[name=null, text=&amp;apos;&amp;apos;, selected=false, enabled=true, visible=true, showing=false]
              se.cambiosys.client.framework.menueditor.internal.InitializingMenuItem[name=null, text=&amp;apos;Management Overview&amp;apos;, selected=false, enabled=true, visible=true, showing=false]
                se.cambiosys.client.framework.core.internal.CambioShortcutMenuButton[name=null, text=&amp;apos;&amp;apos;, selected=false, enabled=true, visible=true, showing=false]
              se.cambiosys.client.framework.menueditor.internal.InitializingMenuItem[name=null, text=&amp;apos;List of visits&amp;apos;, selected=false, enabled=true, visible=true, showing=false]
                se.cambiosys.client.framework.core.internal.CambioShortcutMenuButton[name=null, text=&amp;apos;&amp;apos;, selected=false, enabled=true, visible=true, showing=false]
              se.cambiosys.client.framework.menueditor.internal.InitializingMenuItem[name=null, text=&amp;apos;Connection Overview&amp;apos;, selected=false, enabled=true, visible=true, showing=false]
                se.cambiosys.client.framework.core.internal.CambioShortcutMenuButton[name=null, text=&amp;apos;&amp;apos;, selected=false, enabled=true, visible=true, showing=false]
              se.cambiosys.client.framework.components.CambioMenu[name=null, text=&amp;apos;Unit overview-Administration&amp;apos;, selected=false, enabled=true, visible=true, showing=false]
                javax.swing.JPopupMenu[name=null, label=null, enabled=true, visible=false, showing=false]
                  se.cambiosys.client.framework.components.CambioMenu[name=null, text=&amp;apos;Priority configuration&amp;apos;, selected=false, enabled=true, visible=true, showing=false]
                    javax.swing.JPopupMenu[name=null, label=null, enabled=true, visible=false, showing=false]
                      se.cambiosys.client.framework.menueditor.internal.InitializingMenuItem[name=null, text=&amp;apos;Loading...&amp;apos;, selected=false, enabled=true, visible=true, showing=false]
                        se.cambiosys.client.framework.core.internal.CambioShortcutMenuButton[name=null, text=&amp;apos;&amp;apos;, selected=false, enabled=true, visible=true, showing=false]
                      se.cambiosys.client.framework.menueditor.internal.InitializingMenuItem[name=null, text=&amp;apos;Loading...&amp;apos;, selected=false, enabled=true, visible=true, showing=false]
                        se.cambiosys.client.framework.core.internal.CambioShortcutMenuButton[name=null, text=&amp;apos;&amp;apos;, selected=false, enabled=true, visible=true, showing=false]
                  se.cambiosys.client.framework.components.CambioMenu[name=null, text=&amp;apos;OW Configuration&amp;apos;, selected=false, enabled=true, visible=true, showing=false]
                    javax.swing.JPopupMenu[name=null, label=null, enabled=true, visible=false, showing=false]
                      se.cambiosys.client.framework.menueditor.internal.InitializingMenuItem[name=null, text=&amp;apos;Loading...&amp;apos;, selected=false, enabled=true, visible=true, showing=false]
                        se.cambiosys.client.framework.core.internal.CambioShortcutMenuButton[name=null, text=&amp;apos;&amp;apos;, selected=false, enabled=true, visible=true, showing=false]
                      se.cambiosys.client.framework.menueditor.internal.InitializingMenuItem[name=null, text=&amp;apos;Loading...&amp;apos;, selected=false, enabled=true, visible=true, showing=false]
                        se.cambiosys.client.framework.core.internal.CambioShortcutMenuButton[name=null, text=&amp;apos;&amp;apos;, selected=false, enabled=true, visible=true, showing=false]
                      se.cambiosys.client.framework.menueditor.internal.InitializingMenuItem[name=null, text=&amp;apos;Loading...&amp;apos;, selected=false, enabled=true, visible=true, showing=false]
                        se.cambiosys.client.framework.core.internal.CambioShortcutMenuButton[name=null, text=&amp;apos;&amp;apos;, selected=false, enabled=true, visible=true, showing=false]
                  se.cambiosys.client.framework.menueditor.internal.InitializingMenuItem[name=null, text=&amp;apos;Loading...&amp;apos;, selected=false, enabled=true, visible=true, showing=false]
                    se.cambiosys.client.framework.core.internal.CambioShortcutMenuButton[name=null, text=&amp;apos;&amp;apos;, selected=false, enabled=true, visible=true, showing=false]
          se.cambiosys.client.framework.components.CambioMenu[name=null, text=&amp;apos;Messenger&amp;apos;, selected=false, enabled=true, visible=true, showing=true]
            javax.swing.JPopupMenu[name=null, label=null, enabled=true, visible=false, showing=false]
              se.cambiosys.client.framework.menueditor.internal.InitializingMenuItem[name=null, text=&amp;apos;Inbox&amp;apos;, selected=false, enabled=true, visible=true, showing=false]
                se.cambiosys.client.framework.core.internal.CambioShortcutMenuButton[name=null, text=&amp;apos;&amp;apos;, selected=false, enabled=true, visible=true, showing=false]
              se.cambiosys.client.framework.menueditor.internal.InitializingMenuItem[name=null, text=&amp;apos;New message&amp;apos;, selected=false, enabled=true, visible=true, showing=false]
                se.cambiosys.client.framework.core.internal.CambioShortcutMenuButton[name=null, text=&amp;apos;&amp;apos;, selected=false, enabled=true, visible=true, showing=false]
              se.cambiosys.client.framework.menueditor.internal.InitializingMenuItem[name=null, text=&amp;apos;New broadcast message&amp;apos;, selected=false, enabled=true, visible=true, showing=false]
                se.cambiosys.client.framework.core.internal.CambioShortcutMenuButton[name=null, text=&amp;apos;&amp;apos;, selected=false, enabled=true, visible=true, showing=false]
              se.cambiosys.client.framework.components.CambioMenu[name=null, text=&amp;apos;Administration&amp;apos;, selected=false, enabled=true, visible=true, showing=false]
                javax.swing.JPopupMenu[name=null, label=null, enabled=true, visible=false, showing=false]
                  se.cambiosys.client.framework.menueditor.internal.InitializingMenuItem[name=null, text=&amp;apos;Recipient group&amp;apos;, selected=false, enabled=true, visible=true, showing=false]
                    se.cambiosys.client.framework.core.internal.CambioShortcutMenuButton[name=null, text=&amp;apos;&amp;apos;, selected=false, enabled=true, visible=true, showing=false]
                  se.cambiosys.client.framework.menueditor.internal.InitializingMenuItem[name=null, text=&amp;apos;Messenger accounts&amp;apos;, selected=false, enabled=true, visible=true, showing=false]
                    se.cambiosys.client.framework.core.internal.CambioShortcutMenuButton[name=null, text=&amp;apos;&amp;apos;, selected=false, enabled=true, visible=true, showing=false]
                  se.cambiosys.client.framework.menueditor.internal.InitializingMenuItem[name=null, text=&amp;apos;Access to other users&amp;apos; Messenger accounts&amp;apos;, selected=false, enabled=true, visible=true, showing=false]
                    se.cambiosys.client.framework.core.internal.CambioShortcutMenuButton[name=null, text=&amp;apos;&amp;apos;, selected=false, enabled=true, visible=true, showing=false]
                  se.cambiosys.client.framework.menueditor.internal.InitializingMenuItem[name=null, text=&amp;apos;Out of office administration&amp;apos;, selected=false, enabled=true, visible=true, showing=false]
                    se.cambiosys.client.framework.core.internal.CambioShortcutMenuButton[name=null, text=&amp;apos;&amp;apos;, selected=false, enabled=true, visible=true, showing=false]
          se.cambiosys.client.framework.components.CambioMenu[name=null, text=&amp;apos;Administration&amp;apos;, selected=false, enabled=true, visible=true, showing=true]
            javax.swing.JPopupMenu[name=null, label=null, enabled=true, visible=false, showing=false]
              se.cambiosys.client.framework.menueditor.internal.InitializingMenuItem[name=null, text=&amp;apos;Unit register&amp;apos;, selected=false, enabled=true, visible=true, showing=false]
                se.cambiosys.client.framework.core.internal.CambioShortcutMenuButton[name=null, text=&amp;apos;&amp;apos;, selected=false, enabled=true, visible=true, showing=false]
              se.cambiosys.client.framework.menueditor.internal.InitializingMenuItem[name=null, text=&amp;apos;Resources&amp;apos;, selected=false, enabled=true, visible=true, showing=false]
                se.cambiosys.client.framework.core.internal.CambioShortcutMenuButton[name=null, text=&amp;apos;&amp;apos;, selected=false, enabled=true, visible=true, showing=false]
              se.cambiosys.client.framework.components.CambioMenu[name=null, text=&amp;apos;Permission&amp;apos;, selected=false, enabled=true, visible=true, showing=false]
                javax.swing.JPopupMenu[name=null, label=null, enabled=true, visible=false, showing=false]
                  se.cambiosys.client.framework.menueditor.internal.InitializingMenuItem[name=null, text=&amp;apos;Define access&amp;apos;, selected=false, enabled=true, visible=true, showing=false]
                    se.cambiosys.client.framework.core.internal.CambioShortcutMenuButton[name=null, text=&amp;apos;&amp;apos;, selected=false, enabled=true, visible=true, showing=false]
                  se.cambiosys.client.framework.menueditor.internal.InitializingMenuItem[name=null, text=&amp;apos;Access overview&amp;apos;, selected=false, enabled=true, visible=true, showing=false]
                    se.cambiosys.client.framework.core.internal.CambioShortcutMenuButton[name=null, text=&amp;apos;&amp;apos;, selected=false, enabled=true, visible=true, showing=false]
                  se.cambiosys.client.framework.menueditor.internal.InitializingMenuItem[name=null, text=&amp;apos;Profile manager&amp;apos;, selected=false, enabled=true, visible=true, showing=false]
                    se.cambiosys.client.framework.core.internal.CambioShortcutMenuButton[name=null, text=&amp;apos;&amp;apos;, selected=false, enabled=true, visible=true, showing=false]
              se.cambiosys.client.framework.components.CambioMenu[name=null, text=&amp;apos;Settings&amp;apos;, selected=false, enabled=true, visible=true, showing=false]
                javax.swing.JPopupMenu[name=null, label=null, enabled=true, visible=false, showing=false]
                  se.cambiosys.client.framework.menueditor.internal.InitializingMenuItem[name=null, text=&amp;apos;Log settings&amp;apos;, selected=false, enabled=true, visible=true, showing=false]
                    se.cambiosys.client.framework.core.internal.CambioShortcutMenuButton[name=null, text=&amp;apos;&amp;apos;, selected=false, enabled=true, visible=true, showing=false]
                  se.cambiosys.client.framework.menueditor.internal.InitializingMenuItem[name=null, text=&amp;apos;Server settings&amp;apos;, selected=false, enabled=true, visible=true, showing=false]
                    se.cambiosys.client.framework.core.internal.CambioShortcutMenuButton[name=null, text=&amp;apos;&amp;apos;, selected=false, enabled=true, visible=true, showing=false]
                  se.cambiosys.client.framework.menueditor.internal.InitializingMenuItem[name=null, text=&amp;apos;Personal settings and selections&amp;apos;, selected=false, enabled=true, visible=true, showing=false]
                    se.cambiosys.client.framework.core.internal.CambioShortcutMenuButton[name=null, text=&amp;apos;&amp;apos;, selected=false, enabled=true, visible=true, showing=false]
                  se.cambiosys.client.framework.menueditor.internal.InitializingMenuItem[name=null, text=&amp;apos;Global settings and selections&amp;apos;, selected=false, enabled=true, visible=true, showing=false]
                    se.cambiosys.client.framework.core.internal.CambioShortcutMenuButton[name=null, text=&amp;apos;&amp;apos;, selected=false, enabled=true, visible=true, showing=false]
                  se.cambiosys.client.framework.menueditor.internal.InitializingMenuItem[name=null, text=&amp;apos;Settings and selections&amp;apos;, selected=false, enabled=true, visible=true, showing=false]
                    se.cambiosys.client.framework.core.internal.CambioShortcutMenuButton[name=null, text=&amp;apos;&amp;apos;, selected=false, enabled=true, visible=true, showing=false]
                  se.cambiosys.client.framework.menueditor.internal.InitializingMenuItem[name=null, text=&amp;apos;Administration nodes&amp;apos;, selected=false, enabled=true, visible=true, showing=false]
                    se.cambiosys.client.framework.core.internal.CambioShortcutMenuButton[name=null, text=&amp;apos;&amp;apos;, selected=false, enabled=true, visible=true, showing=false]
                  se.cambiosys.client.framework.menueditor.internal.InitializingMenuItem[name=null, text=&amp;apos;Places&amp;apos;, selected=false, enabled=true, visible=true, showing=false]
                    se.cambiosys.client.framework.core.internal.CambioShortcutMenuButton[name=null, text=&amp;apos;&amp;apos;, selected=false, enabled=true, visible=true, showing=false]
              se.cambiosys.client.framework.menueditor.internal.InitializingMenuItem[name=null, text=&amp;apos;User&amp;apos;, selected=false, enabled=true, visible=true, showing=false]
                se.cambiosys.client.framework.core.internal.CambioShortcutMenuButton[name=null, text=&amp;apos;&amp;apos;, selected=false, enabled=true, visible=true, showing=false]
              se.cambiosys.client.framework.menueditor.internal.InitializingMenuItem[name=null, text=&amp;apos;Roles&amp;apos;, selected=false, enabled=true, visible=true, showing=false]
                se.cambiosys.client.framework.core.internal.CambioShortcutMenuButton[name=null, text=&amp;apos;&amp;apos;, selected=false, enabled=true, visible=true, showing=false]
              se.cambiosys.client.framework.menueditor.internal.InitializingMenuItem[name=null, text=&amp;apos;Type definitions&amp;apos;, selected=false, enabled=true, visible=true, showing=false]
                se.cambiosys.client.framework.core.internal.CambioShortcutMenuButton[name=null, text=&amp;apos;&amp;apos;, selected=false, enabled=true, visible=true, showing=false]
              se.cambiosys.client.framework.components.CambioMenu[name=null, text=&amp;apos;Terms &amp;amp; Concept&amp;apos;, selected=false, enabled=true, visible=true, showing=false]
                javax.swing.JPopupMenu[name=null, label=null, enabled=true, visible=false, showing=false]
                  se.cambiosys.client.framework.menueditor.internal.InitializingMenuItem[name=null, text=&amp;apos;Terms&amp;apos;, selected=false, enabled=true, visible=true, showing=false]
                    se.cambiosys.client.framework.core.internal.CambioShortcutMenuButton[name=null, text=&amp;apos;&amp;apos;, selected=false, enabled=true, visible=true, showing=false]
                  se.cambiosys.client.framework.menueditor.internal.InitializingMenuItem[name=null, text=&amp;apos;Concept&amp;apos;, selected=false, enabled=true, visible=true, showing=false]
                    se.cambiosys.client.framework.core.internal.CambioShortcutMenuButton[name=null, text=&amp;apos;&amp;apos;, selected=false, enabled=true, visible=true, showing=false]
              se.cambiosys.client.framework.menueditor.internal.InitializingMenuItem[name=null, text=&amp;apos;Ranges&amp;apos;, selected=false, enabled=true, visible=true, showing=false]
                se.cambiosys.client.framework.core.internal.CambioShortcutMenuButton[name=null, text=&amp;apos;&amp;apos;, selected=false, enabled=true, visible=true, showing=false]
              se.cambiosys.client.framework.menueditor.internal.InitializingMenuItem[name=null, text=&amp;apos;Reports&amp;apos;, selected=false, enabled=true, visible=true, showing=false]
                se.cambiosys.client.framework.core.internal.CambioShortcutMenuButton[name=null, text=&amp;apos;&amp;apos;, selected=false, enabled=true, visible=true, showing=false]
              se.cambiosys.client.framework.menueditor.internal.InitializingMenuItem[name=null, text=&amp;apos;Import reports&amp;apos;, selected=false, enabled=true, visible=true, showing=false]
                se.cambiosys.client.framework.core.internal.CambioShortcutMenuButton[name=null, text=&amp;apos;&amp;apos;, selected=false, enabled=true, visible=true, showing=false]
              se.cambiosys.client.framework.menueditor.internal.InitializingMenuItem[name=null, text=&amp;apos;Phrase editor&amp;apos;, selected=false, enabled=true, visible=true, showing=false]
                se.cambiosys.client.framework.core.internal.CambioShortcutMenuButton[name=null, text=&amp;apos;&amp;apos;, selected=false, enabled=true, visible=true, showing=false]
              se.cambiosys.client.framework.components.CambioMenu[name=null, text=&amp;apos;Services&amp;apos;, selected=false, enabled=true, visible=true, showing=false]
                javax.swing.JPopupMenu[name=null, label=null, enabled=true, visible=false, showing=false]
                  se.cambiosys.client.framework.menueditor.internal.InitializingMenuItem[name=null, text=&amp;apos;Services&amp;apos;, selected=false, enabled=true, visible=true, showing=false]
                    se.cambiosys.client.framework.core.internal.CambioShortcutMenuButton[name=null, text=&amp;apos;&amp;apos;, selected=false, enabled=true, visible=true, showing=false]
                  se.cambiosys.client.framework.menueditor.internal.InitializingMenuItem[name=null, text=&amp;apos;Offers of the unit&amp;apos;, selected=false, enabled=true, visible=true, showing=false]
                    se.cambiosys.client.framework.core.internal.CambioShortcutMenuButton[name=null, text=&amp;apos;&amp;apos;, selected=false, enabled=true, visible=true, showing=false]
              se.cambiosys.client.framework.menueditor.internal.InitializingMenuItem[name=null, text=&amp;apos;Selection&amp;apos;, selected=false, enabled=true, visible=true, showing=false]
                se.cambiosys.client.framework.core.internal.CambioShortcutMenuButton[name=null, text=&amp;apos;&amp;apos;, selected=false, enabled=true, visible=true, showing=false]
              se.cambiosys.client.framework.menueditor.internal.InitializingMenuItem[name=null, text=&amp;apos;Printers&amp;apos;, selected=false, enabled=true, visible=true, showing=false]
                se.cambiosys.client.framework.core.internal.CambioShortcutMenuButton[name=null, text=&amp;apos;&amp;apos;, selected=false, enabled=true, visible=true, showing=false]
              se.cambiosys.client.framework.components.CambioMenu[name=null, text=&amp;apos;Secrecy administration&amp;apos;, selected=false, enabled=true, visible=true, showing=false]
                javax.swing.JPopupMenu[name=null, label=null, enabled=true, visible=false, showing=false]
                  se.cambiosys.client.framework.menueditor.internal.InitializingMenuItem[name=null, text=&amp;apos;Secrecy groups&amp;apos;, selected=false, enabled=true, visible=true, showing=false]
                    se.cambiosys.client.framework.core.internal.CambioShortcutMenuButton[name=null, text=&amp;apos;&amp;apos;, selected=false, enabled=true, visible=true, showing=false]
                  se.cambiosys.client.framework.menueditor.internal.InitializingMenuItem[name=null, text=&amp;apos;Secrecy level&amp;apos;, selected=false, enabled=true, visible=true, showing=false]
                    se.cambiosys.client.framework.core.internal.CambioShortcutMenuButton[name=null, text=&amp;apos;&amp;apos;, selected=false, enabled=true, visible=true, showing=false]
                  se.cambiosys.client.framework.menueditor.internal.InitializingMenuItem[name=null, text=&amp;apos;Secrecy rules&amp;apos;, selected=false, enabled=true, visible=true, showing=false]
                    se.cambiosys.client.framework.core.internal.CambioShortcutMenuButton[name=null, text=&amp;apos;&amp;apos;, selected=false, enabled=true, visible=true, showing=false]
              se.cambiosys.client.framework.menueditor.internal.InitializingMenuItem[name=null, text=&amp;apos;Schedule backup&amp;apos;, selected=false, enabled=true, visible=true, showing=false]
                se.cambiosys.client.framework.core.internal.CambioShortcutMenuButton[name=null, text=&amp;apos;&amp;apos;, selected=false, enabled=true, visible=true, showing=false]
              se.cambiosys.client.framework.menueditor.internal.InitializingMenuItem[name=null, text=&amp;apos;Template administration&amp;apos;, selected=false, enabled=true, visible=true, showing=false]
                se.cambiosys.client.framework.core.internal.CambioShortcutMenuButton[name=null, text=&amp;apos;&amp;apos;, selected=false, enabled=true, visible=true, showing=false]
              se.cambiosys.client.framework.menueditor.internal.InitializingMenuItem[name=null, text=&amp;apos;Printout Handler&amp;apos;, selected=false, enabled=true, visible=true, showing=false]
                se.cambiosys.client.framework.core.internal.CambioShortcutMenuButton[name=null, text=&amp;apos;&amp;apos;, selected=false, enabled=true, visible=true, showing=false]
              se.cambiosys.client.framework.menueditor.internal.InitializingMenuItem[name=null, text=&amp;apos;Unit handler&amp;apos;, selected=false, enabled=true, visible=true, showing=false]
                se.cambiosys.client.framework.core.internal.CambioShortcutMenuButton[name=null, text=&amp;apos;&amp;apos;, selected=false, enabled=true, visible=true, showing=false]
              se.cambiosys.client.framework.menueditor.internal.InitializingMenuItem[name=null, text=&amp;apos;Access Log&amp;apos;, selected=false, enabled=true, visible=true, showing=false]
                se.cambiosys.client.framework.core.internal.CambioShortcutMenuButton[name=null, text=&amp;apos;&amp;apos;, selected=false, enabled=true, visible=true, showing=false]
              se.cambiosys.client.framework.menueditor.internal.InitializingMenuItem[name=null, text=&amp;apos;Configuration of Access Log&amp;apos;, selected=false, enabled=true, visible=true, showing=false]
                se.cambiosys.client.framework.core.internal.CambioShortcutMenuButton[name=null, text=&amp;apos;&amp;apos;, selected=false, enabled=true, visible=true, showing=false]
              se.cambiosys.client.framework.menueditor.internal.InitializingMenuItem[name=null, text=&amp;apos;Application logger&amp;apos;, selected=false, enabled=true, visible=true, showing=false]
                se.cambiosys.client.framework.core.internal.CambioShortcutMenuButton[name=null, text=&amp;apos;&amp;apos;, selected=false, enabled=true, visible=true, showing=false]
              se.cambiosys.client.framework.menueditor.internal.InitializingMenuItem[name=null, text=&amp;apos;eVisit Configuration&amp;apos;, selected=false, enabled=true, visible=true, showing=false]
                se.cambiosys.client.framework.core.internal.CambioShortcutMenuButton[name=null, text=&amp;apos;&amp;apos;, selected=false, enabled=true, visible=true, showing=false]
              se.cambiosys.client.framework.components.CambioMenu[name=null, text=&amp;apos;Order management&amp;apos;, selected=false, enabled=true, visible=true, showing=false]
                javax.swing.JPopupMenu[name=null, label=null, enabled=true, visible=false, showing=false]
                  se.cambiosys.client.framework.menueditor.internal.InitializingMenuItem[name=null, text=&amp;apos;Catalog administration&amp;apos;, selected=false, enabled=true, visible=true, showing=false]
                    se.cambiosys.client.framework.core.internal.CambioShortcutMenuButton[name=null, text=&amp;apos;&amp;apos;, selected=false, enabled=true, visible=true, showing=false]
                  se.cambiosys.client.framework.menueditor.internal.InitializingMenuItem[name=null, text=&amp;apos;File administration&amp;apos;, selected=false, enabled=true, visible=true, showing=false]
                    se.cambiosys.client.framework.core.internal.CambioShortcutMenuButton[name=null, text=&amp;apos;&amp;apos;, selected=false, enabled=true, visible=true, showing=false]
                  se.cambiosys.client.framework.menueditor.internal.InitializingMenuItem[name=null, text=&amp;apos;Secrecy administration&amp;apos;, selected=false, enabled=true, visible=true, showing=false]
                    se.cambiosys.client.framework.core.internal.CambioShortcutMenuButton[name=null, text=&amp;apos;&amp;apos;, selected=false, enabled=true, visible=true, showing=false]
                  se.cambiosys.client.framework.menueditor.internal.InitializingMenuItem[name=null, text=&amp;apos;Groups/packages/profiles&amp;apos;, selected=false, enabled=true, visible=true, showing=false]
                    se.cambiosys.client.framework.core.internal.CambioShortcutMenuButton[name=null, text=&amp;apos;&amp;apos;, selected=false, enabled=true, visible=true, showing=false]
                  se.cambiosys.client.framework.menueditor.internal.InitializingMenuItem[name=null, text=&amp;apos;Sorting orders&amp;apos;, selected=false, enabled=true, visible=true, showing=false]
                    se.cambiosys.client.framework.core.internal.CambioShortcutMenuButton[name=null, text=&amp;apos;&amp;apos;, selected=false, enabled=true, visible=true, showing=false]
                  se.cambiosys.client.framework.menueditor.internal.InitializingMenuItem[name=null, text=&amp;apos;Local analyses&amp;apos;, selected=false, enabled=true, visible=true, showing=false]
                    se.cambiosys.client.framework.core.internal.CambioShortcutMenuButton[name=null, text=&amp;apos;&amp;apos;, selected=false, enabled=true, visible=true, showing=false]
                  se.cambiosys.client.framework.menueditor.internal.InitializingMenuItem[name=null, text=&amp;apos;Label printer&amp;apos;, selected=false, enabled=true, visible=true, showing=false]
                    se.cambiosys.client.framework.core.internal.CambioShortcutMenuButton[name=null, text=&amp;apos;&amp;apos;, selected=false, enabled=true, visible=true, showing=false]
              se.cambiosys.client.framework.menueditor.internal.InitializingMenuItem[name=null, text=&amp;apos;Configure Y-axis for Clinical Parameter&amp;apos;, selected=false, enabled=true, visible=true, showing=false]
                se.cambiosys.client.framework.core.internal.CambioShortcutMenuButton[name=null, text=&amp;apos;&amp;apos;, selected=false, enabled=true, visible=true, showing=false]
              se.cambiosys.client.framework.components.CambioMenu[name=null, text=&amp;apos;Visits and admissions&amp;apos;, selected=false, enabled=true, visible=true, showing=false]
                javax.swing.JPopupMenu[name=null, label=null, enabled=true, visible=false, showing=false]
                  se.cambiosys.client.framework.menueditor.internal.InitializingMenuItem[name=null, text=&amp;apos;Create new visit / admission&amp;apos;, selected=false, enabled=true, visible=true, showing=false]
                    se.cambiosys.client.framework.core.internal.CambioShortcutMenuButton[name=null, text=&amp;apos;&amp;apos;, selected=false, enabled=true, visible=true, showing=false]
                  se.cambiosys.client.framework.menueditor.internal.InitializingMenuItem[name=null, text=&amp;apos;Edit visit / admission&amp;apos;, selected=false, enabled=true, visible=true, showing=false]
                    se.cambiosys.client.framework.core.internal.CambioShortcutMenuButton[name=null, text=&amp;apos;&amp;apos;, selected=false, enabled=true, visible=true, showing=false]
              se.cambiosys.client.framework.components.CambioMenu[name=null, text=&amp;apos;Publishing&amp;apos;, selected=false, enabled=true, visible=true, showing=false]
                javax.swing.JPopupMenu[name=null, label=null, enabled=true, visible=false, showing=false]
                  se.cambiosys.client.framework.menueditor.internal.InitializingMenuItem[name=null, text=&amp;apos;Mining&amp;apos;, selected=false, enabled=true, visible=true, showing=false]
                    se.cambiosys.client.framework.core.internal.CambioShortcutMenuButton[name=null, text=&amp;apos;&amp;apos;, selected=false, enabled=true, visible=true, showing=false]
                  se.cambiosys.client.framework.menueditor.internal.InitializingMenuItem[name=null, text=&amp;apos;Error management&amp;apos;, selected=false, enabled=true, visible=true, showing=false]
                    se.cambiosys.client.framework.core.internal.CambioShortcutMenuButton[name=null, text=&amp;apos;&amp;apos;, selected=false, enabled=true, visible=true, showing=false]
              se.cambiosys.client.framework.menueditor.internal.InitializingMenuItem[name=null, text=&amp;apos;CCP Filter Configuration&amp;apos;, selected=false, enabled=true, visible=true, showing=false]
                se.cambiosys.client.framework.core.internal.CambioShortcutMenuButton[name=null, text=&amp;apos;&amp;apos;, selected=false, enabled=true, visible=true, showing=false]
              se.cambiosys.client.framework.menueditor.internal.InitializingMenuItem[name=null, text=&amp;apos;Menu editor&amp;apos;, selected=false, enabled=true, visible=true, showing=false]
                se.cambiosys.client.framework.core.internal.CambioShortcutMenuButton[name=null, text=&amp;apos;&amp;apos;, selected=false, enabled=true, visible=true, showing=false]
              se.cambiosys.client.framework.menueditor.internal.InitializingMenuItem[name=null, text=&amp;apos;Script&amp;apos;, selected=false, enabled=true, visible=true, showing=false]
                se.cambiosys.client.framework.core.internal.CambioShortcutMenuButton[name=null, text=&amp;apos;&amp;apos;, selected=false, enabled=true, visible=true, showing=false]
              se.cambiosys.client.framework.components.CambioMenu[name=null, text=&amp;apos;Spell Check&amp;apos;, selected=false, enabled=true, visible=true, showing=false]
                javax.swing.JPopupMenu[name=null, label=null, enabled=true, visible=false, showing=false]
                  se.cambiosys.client.framework.menueditor.internal.InitializingMenuItem[name=null, text=&amp;apos;Settings&amp;apos;, selected=false, enabled=true, visible=true, showing=false]
                    se.cambiosys.client.framework.core.internal.CambioShortcutMenuButton[name=null, text=&amp;apos;&amp;apos;, selected=false, enabled=true, visible=true, showing=false]
                  se.cambiosys.client.framework.menueditor.internal.InitializingMenuItem[name=null, text=&amp;apos;User dictionary&amp;apos;, selected=false, enabled=true, visible=true, showing=false]
                    se.cambiosys.client.framework.core.internal.CambioShortcutMenuButton[name=null, text=&amp;apos;&amp;apos;, selected=false, enabled=true, visible=true, showing=false]
                  se.cambiosys.client.framework.menueditor.internal.InitializingMenuItem[name=null, text=&amp;apos;Global dictionary&amp;apos;, selected=false, enabled=true, visible=true, showing=false]
                    se.cambiosys.client.framework.core.internal.CambioShortcutMenuButton[name=null, text=&amp;apos;&amp;apos;, selected=false, enabled=true, visible=true, showing=false]
          se.cambiosys.client.framework.components.CambioMenu[name=null, text=&amp;apos;Child Healthcare&amp;apos;, selected=false, enabled=true, visible=true, showing=true]
            javax.swing.JPopupMenu[name=null, label=null, enabled=true, visible=false, showing=false]
              se.cambiosys.client.framework.menueditor.internal.InitializingMenuItem[name=null, text=&amp;apos;Print Child Healthcare data&amp;apos;, selected=false, enabled=true, visible=true, showing=false]
                se.cambiosys.client.framework.core.internal.CambioShortcutMenuButton[name=null, text=&amp;apos;&amp;apos;, selected=false, enabled=true, visible=true, showing=false]
          se.cambiosys.client.framework.components.CambioMenu[name=null, text=&amp;apos;Medication&amp;apos;, selected=false, enabled=true, visible=true, showing=true]
            javax.swing.JPopupMenu[name=null, label=null, enabled=true, visible=false, showing=false]
              se.cambiosys.client.framework.components.CambioMenu[name=null, text=&amp;apos;Administration&amp;apos;, selected=false, enabled=true, visible=true, showing=false]
                javax.swing.JPopupMenu[name=null, label=null, enabled=true, visible=false, showing=false]
                  se.cambiosys.client.framework.menueditor.internal.InitializingMenuItem[name=null, text=&amp;apos;Sent e-recipe overview&amp;apos;, selected=false, enabled=true, visible=true, showing=false]
                    se.cambiosys.client.framework.core.internal.CambioShortcutMenuButton[name=null, text=&amp;apos;&amp;apos;, selected=false, enabled=true, visible=true, showing=false]
                  se.cambiosys.client.framework.menueditor.internal.InitializingMenuItem[name=null, text=&amp;apos;Catalogue administration&amp;apos;, selected=false, enabled=true, visible=true, showing=false]
                    se.cambiosys.client.framework.core.internal.CambioShortcutMenuButton[name=null, text=&amp;apos;&amp;apos;, selected=false, enabled=true, visible=true, showing=false]
                  se.cambiosys.client.framework.menueditor.internal.InitializingMenuItem[name=null, text=&amp;apos;Unit Times and Medicine Cabinet&amp;apos;, selected=false, enabled=true, visible=true, showing=false]
                    se.cambiosys.client.framework.core.internal.CambioShortcutMenuButton[name=null, text=&amp;apos;&amp;apos;, selected=false, enabled=true, visible=true, showing=false]
                  se.cambiosys.client.framework.menueditor.internal.InitializingMenuItem[name=null, text=&amp;apos;Order basis for vaccine&amp;apos;, selected=false, enabled=true, visible=true, showing=false]
                    se.cambiosys.client.framework.core.internal.CambioShortcutMenuButton[name=null, text=&amp;apos;&amp;apos;, selected=false, enabled=true, visible=true, showing=false]
              se.cambiosys.client.framework.components.CambioMenu[name=null, text=&amp;apos;New prescription&amp;apos;, selected=false, enabled=true, visible=true, showing=false]
                javax.swing.JPopupMenu[name=null, label=null, enabled=true, visible=false, showing=false]
                  se.cambiosys.client.framework.menueditor.internal.InitializingMenuItem[name=null, text=&amp;apos;Drug&amp;apos;, selected=false, enabled=true, visible=true, showing=false]
                    se.cambiosys.client.framework.core.internal.CambioShortcutMenuButton[name=null, text=&amp;apos;&amp;apos;, selected=false, enabled=true, visible=true, showing=false]
                  se.cambiosys.client.framework.menueditor.internal.InitializingMenuItem[name=null, text=&amp;apos;Nutrition product&amp;apos;, selected=false, enabled=true, visible=true, showing=false]
                    se.cambiosys.client.framework.core.internal.CambioShortcutMenuButton[name=null, text=&amp;apos;&amp;apos;, selected=false, enabled=true, visible=true, showing=false]
                  se.cambiosys.client.framework.menueditor.internal.InitializingMenuItem[name=null, text=&amp;apos;Consumable&amp;apos;, selected=false, enabled=true, visible=true, showing=false]
                    se.cambiosys.client.framework.core.internal.CambioShortcutMenuButton[name=null, text=&amp;apos;&amp;apos;, selected=false, enabled=true, visible=true, showing=false]
              se.cambiosys.client.framework.components.CambioMenu[name=null, text=&amp;apos;Lists&amp;apos;, selected=false, enabled=true, visible=true, showing=false]
                javax.swing.JPopupMenu[name=null, label=null, enabled=true, visible=false, showing=false]
                  se.cambiosys.client.framework.menueditor.internal.InitializingMenuItem[name=null, text=&amp;apos;Drugs&amp;apos;, selected=false, enabled=true, visible=true, showing=false]
                    se.cambiosys.client.framework.core.internal.CambioShortcutMenuButton[name=null, text=&amp;apos;&amp;apos;, selected=false, enabled=true, visible=true, showing=false]
                  se.cambiosys.client.framework.menueditor.internal.InitializingMenuItem[name=null, text=&amp;apos;Nutritions&amp;apos;, selected=false, enabled=true, visible=true, showing=false]
                    se.cambiosys.client.framework.core.internal.CambioShortcutMenuButton[name=null, text=&amp;apos;&amp;apos;, selected=false, enabled=true, visible=true, showing=false]
                  se.cambiosys.client.framework.menueditor.internal.InitializingMenuItem[name=null, text=&amp;apos;Consumables&amp;apos;, selected=false, enabled=true, visible=true, showing=false]
                    se.cambiosys.client.framework.core.internal.CambioShortcutMenuButton[name=null, text=&amp;apos;&amp;apos;, selected=false, enabled=true, visible=true, showing=false]
                  se.cambiosys.client.framework.menueditor.internal.InitializingMenuItem[name=null, text=&amp;apos;Vaccination list&amp;apos;, selected=false, enabled=true, visible=true, showing=false]
                    se.cambiosys.client.framework.core.internal.CambioShortcutMenuButton[name=null, text=&amp;apos;&amp;apos;, selected=false, enabled=true, visible=true, showing=false]
                  se.cambiosys.client.framework.menueditor.internal.InitializingMenuItem[name=null, text=&amp;apos;Recipe overview&amp;apos;, selected=false, enabled=true, visible=true, showing=false]
                    se.cambiosys.client.framework.core.internal.CambioShortcutMenuButton[name=null, text=&amp;apos;&amp;apos;, selected=false, enabled=true, visible=true, showing=false]
              se.cambiosys.client.framework.menueditor.internal.InitializingMenuItem[name=null, text=&amp;apos;Nurse view&amp;apos;, selected=false, enabled=true, visible=true, showing=false]
                se.cambiosys.client.framework.core.internal.CambioShortcutMenuButton[name=null, text=&amp;apos;&amp;apos;, selected=false, enabled=true, visible=true, showing=false]
          se.cambiosys.client.framework.components.CambioMenu[name=null, text=&amp;apos;Theatre&amp;apos;, selected=false, enabled=true, visible=true, showing=true]
            javax.swing.JPopupMenu[name=null, label=null, enabled=true, visible=false, showing=false]
              se.cambiosys.client.framework.menueditor.internal.InitializingMenuItem[name=null, text=&amp;apos;Create theatre registration&amp;apos;, selected=false, enabled=true, visible=true, showing=false]
                se.cambiosys.client.framework.core.internal.CambioShortcutMenuButton[name=null, text=&amp;apos;&amp;apos;, selected=false, enabled=true, visible=true, showing=false]
              se.cambiosys.client.framework.menueditor.internal.InitializingMenuItem[name=null, text=&amp;apos;Operation list&amp;apos;, selected=false, enabled=true, visible=true, showing=false]
                se.cambiosys.client.framework.core.internal.CambioShortcutMenuButton[name=null, text=&amp;apos;&amp;apos;, selected=false, enabled=true, visible=true, showing=false]
              se.cambiosys.client.framework.menueditor.internal.InitializingMenuItem[name=null, text=&amp;apos;Planning schedule&amp;apos;, selected=false, enabled=true, visible=true, showing=false]
                se.cambiosys.client.framework.core.internal.CambioShortcutMenuButton[name=null, text=&amp;apos;&amp;apos;, selected=false, enabled=true, visible=true, showing=false]
              se.cambiosys.client.framework.menueditor.internal.InitializingMenuItem[name=null, text=&amp;apos;Schedule overview&amp;apos;, selected=false, enabled=true, visible=true, showing=false]
                se.cambiosys.client.framework.core.internal.CambioShortcutMenuButton[name=null, text=&amp;apos;&amp;apos;, selected=false, enabled=true, visible=true, showing=false]
              se.cambiosys.client.framework.menueditor.internal.InitializingMenuItem[name=null, text=&amp;apos;Live Schedule&amp;apos;, selected=false, enabled=true, visible=true, showing=false]
                se.cambiosys.client.framework.core.internal.CambioShortcutMenuButton[name=null, text=&amp;apos;&amp;apos;, selected=false, enabled=true, visible=true, showing=false]
              se.cambiosys.client.framework.components.CambioMenu[name=null, text=&amp;apos;Administration&amp;apos;, selected=false, enabled=true, visible=true, showing=false]
                javax.swing.JPopupMenu[name=null, label=null, enabled=true, visible=false, showing=false]
                  se.cambiosys.client.framework.menueditor.internal.InitializingMenuItem[name=null, text=&amp;apos;Templates for Anaesthetic, Th.record, Recovery&amp;apos;, selected=false, enabled=true, visible=true, showing=false]
                    se.cambiosys.client.framework.core.internal.CambioShortcutMenuButton[name=null, text=&amp;apos;&amp;apos;, selected=false, enabled=true, visible=true, showing=false]
                  se.cambiosys.client.framework.menueditor.internal.InitializingMenuItem[name=null, text=&amp;apos;Basic templates for Th. registration&amp;apos;, selected=false, enabled=true, visible=true, showing=false]
                    se.cambiosys.client.framework.core.internal.CambioShortcutMenuButton[name=null, text=&amp;apos;&amp;apos;, selected=false, enabled=true, visible=true, showing=false]
                  se.cambiosys.client.framework.menueditor.internal.InitializingMenuItem[name=null, text=&amp;apos;Templates for Waypoints&amp;apos;, selected=false, enabled=true, visible=true, showing=false]
                    se.cambiosys.client.framework.core.internal.CambioShortcutMenuButton[name=null, text=&amp;apos;&amp;apos;, selected=false, enabled=true, visible=true, showing=false]
                  se.cambiosys.client.framework.menueditor.internal.InitializingMenuItem[name=null, text=&amp;apos;Theatre suite administration&amp;apos;, selected=false, enabled=true, visible=true, showing=false]
                    se.cambiosys.client.framework.core.internal.CambioShortcutMenuButton[name=null, text=&amp;apos;&amp;apos;, selected=false, enabled=true, visible=true, showing=false]
                  se.cambiosys.client.framework.menueditor.internal.InitializingMenuItem[name=null, text=&amp;apos;Medical priority&amp;apos;, selected=false, enabled=true, visible=true, showing=false]
                    se.cambiosys.client.framework.core.internal.CambioShortcutMenuButton[name=null, text=&amp;apos;&amp;apos;, selected=false, enabled=true, visible=true, showing=false]
                  se.cambiosys.client.framework.menueditor.internal.InitializingMenuItem[name=null, text=&amp;apos;Keyword mapping&amp;apos;, selected=false, enabled=true, visible=true, showing=false]
                    se.cambiosys.client.framework.core.internal.CambioShortcutMenuButton[name=null, text=&amp;apos;&amp;apos;, selected=false, enabled=true, visible=true, showing=false]
                  se.cambiosys.client.framework.menueditor.internal.InitializingMenuItem[name=null, text=&amp;apos;Create theatres&amp;apos;, selected=false, enabled=true, visible=true, showing=false]
                    se.cambiosys.client.framework.core.internal.CambioShortcutMenuButton[name=null, text=&amp;apos;&amp;apos;, selected=false, enabled=true, visible=true, showing=false]
                  se.cambiosys.client.framework.menueditor.internal.InitializingMenuItem[name=null, text=&amp;apos;Global filters&amp;apos;, selected=false, enabled=true, visible=true, showing=false]
                    se.cambiosys.client.framework.core.internal.CambioShortcutMenuButton[name=null, text=&amp;apos;&amp;apos;, selected=false, enabled=true, visible=true, showing=false]
                  se.cambiosys.client.framework.menueditor.internal.InitializingMenuItem[name=null, text=&amp;apos;Activity lists&amp;apos;, selected=false, enabled=true, visible=true, showing=false]
                    se.cambiosys.client.framework.core.internal.CambioShortcutMenuButton[name=null, text=&amp;apos;&amp;apos;, selected=false, enabled=true, visible=true, showing=false]
                  se.cambiosys.client.framework.menueditor.internal.InitializingMenuItem[name=null, text=&amp;apos;Templates for Th. registration&amp;apos;, selected=false, enabled=true, visible=true, showing=false]
                    se.cambiosys.client.framework.core.internal.CambioShortcutMenuButton[name=null, text=&amp;apos;&amp;apos;, selected=false, enabled=true, visible=true, showing=false]
                  se.cambiosys.client.framework.menueditor.internal.InitializingMenuItem[name=null, text=&amp;apos;Colour configuration&amp;apos;, selected=false, enabled=true, visible=true, showing=false]
                    se.cambiosys.client.framework.core.internal.CambioShortcutMenuButton[name=null, text=&amp;apos;&amp;apos;, selected=false, enabled=true, visible=true, showing=false]
                  se.cambiosys.client.framework.menueditor.internal.InitializingMenuItem[name=null, text=&amp;apos;Surgical Unit Administration&amp;apos;, selected=false, enabled=true, visible=true, showing=false]
                    se.cambiosys.client.framework.core.internal.CambioShortcutMenuButton[name=null, text=&amp;apos;&amp;apos;, selected=false, enabled=true, visible=true, showing=false]
                  se.cambiosys.client.framework.menueditor.internal.InitializingMenuItem[name=null, text=&amp;apos;Code Packages&amp;apos;, selected=false, enabled=true, visible=true, showing=false]
                    se.cambiosys.client.framework.core.internal.CambioShortcutMenuButton[name=null, text=&amp;apos;&amp;apos;, selected=false, enabled=true, visible=true, showing=false]
          se.cambiosys.client.framework.components.CambioMenu[name=null, text=&amp;apos;Order management&amp;apos;, selected=false, enabled=true, visible=true, showing=true]
            javax.swing.JPopupMenu[name=null, label=null, enabled=true, visible=false, showing=false]
              se.cambiosys.client.framework.menueditor.internal.InitializingMenuItem[name=null, text=&amp;apos;Request&amp;apos;, selected=false, enabled=true, visible=true, showing=false]
                se.cambiosys.client.framework.core.internal.CambioShortcutMenuButton[name=null, text=&amp;apos;&amp;apos;, selected=false, enabled=true, visible=true, showing=false]
              se.cambiosys.client.framework.menueditor.internal.InitializingMenuItem[name=null, text=&amp;apos;Specimen collection&amp;apos;, selected=false, enabled=true, visible=true, showing=false]
                se.cambiosys.client.framework.core.internal.CambioShortcutMenuButton[name=null, text=&amp;apos;&amp;apos;, selected=false, enabled=true, visible=true, showing=false]
              se.cambiosys.client.framework.menueditor.internal.InitializingMenuItem[name=null, text=&amp;apos;Radiology Request&amp;apos;, selected=false, enabled=true, visible=true, showing=false]
                se.cambiosys.client.framework.core.internal.CambioShortcutMenuButton[name=null, text=&amp;apos;&amp;apos;, selected=false, enabled=true, visible=true, showing=false]
              se.cambiosys.client.framework.menueditor.internal.InitializingMenuItem[name=null, text=&amp;apos;Unsent Radiology Request&amp;apos;, selected=false, enabled=true, visible=true, showing=false]
                se.cambiosys.client.framework.core.internal.CambioShortcutMenuButton[name=null, text=&amp;apos;&amp;apos;, selected=false, enabled=true, visible=true, showing=false]
              se.cambiosys.client.framework.menueditor.internal.InitializingMenuItem[name=null, text=&amp;apos;Request status&amp;apos;, selected=false, enabled=true, visible=true, showing=false]
                se.cambiosys.client.framework.core.internal.CambioShortcutMenuButton[name=null, text=&amp;apos;&amp;apos;, selected=false, enabled=true, visible=true, showing=false]
              se.cambiosys.client.framework.menueditor.internal.InitializingMenuItem[name=null, text=&amp;apos;Local analyses input&amp;apos;, selected=false, enabled=true, visible=true, showing=false]
                se.cambiosys.client.framework.core.internal.CambioShortcutMenuButton[name=null, text=&amp;apos;&amp;apos;, selected=false, enabled=true, visible=true, showing=false]
              se.cambiosys.client.framework.menueditor.internal.InitializingMenuItem[name=null, text=&amp;apos;Result inbox&amp;apos;, selected=false, enabled=true, visible=true, showing=false]
[...]
                  se.cambiosys.client.framework.subjectofcare.internal.group.gui.GroupSOCSearchPanel[name='Subjectofcare.GroupSOCPanel.searchPanel']
                    se.cambiosys.client.framework.components.CambioSelectionComboBox[name='Subjectofcare.GroupSOCSearchPanel.careUnitSelectionComboBox', selectedItem=null, contents=[], editable=false, enabled=true, visible=true, showing=false]
                      javax.swing.plaf.synth.SynthArrowButton[name='ComboBox.arrowButton', text='', enabled=true, visible=true, showing=false]
                      javax.swing.CellRendererPane[,0,0,0x0,hidden]
                    se.cambiosys.client.framework.components.CambioSelectionComboBox[name='Subjectofcare.GroupSOCSearchPanel.careGiverSelectionComboBox', selectedItem=null, contents=[], editable=false, enabled=true, visible=true, showing=false]
                      javax.swing.plaf.synth.SynthArrowButton[name='ComboBox.arrowButton', text='', enabled=true, visible=true, showing=false]
                      javax.swing.CellRendererPane[,0,0,0x0,hidden]
                    se.cambiosys.client.framework.components.CambioLabeledTextField[name='Subjectofcare.GroupSOCSearchPanel.groupNameTextField', text='', enabled=true, visible=true, showing=false]
                    se.cambiosys.client.framework.subjectofcare.gui.CambioClickablePatientBannerButton[name='Subjectofcare.GroupSOCSearchPanel.searchButton', text=null, enabled=true, visible=true, showing=false]
                    se.cambiosys.client.framework.subjectofcare.CambioPatientBannerButton[name='Subjectofcare.GroupSOCSearchPanel.clearButton', text='Clear', enabled=true, visible=true, showing=false]
                  se.cambiosys.client.framework.subjectofcare.internal.group.gui.GroupSOCSelectedPanel[name='Subjectofcare.GroupSOCPanel.selectedPanel']
                    se.cambiosys.client.framework.components.CambioLabel[name='SubjectGroupSOCSelectedPanel.detailLabel', text='', enabled=true, visible=true, showing=false]
                    se.cambiosys.client.framework.subjectofcare.internal.group.gui.GroupDetailsPanel[name='SubjectGroupSOCSelectedPanel.groupDetailsPanel']
                      se.cambiosys.client.framework.components.CambioLabel[name='Subjectofcare.GroupDetailsPanel.groupSizeLabel', text='', enabled=true, visible=true, showing=false]
                      se.cambiosys.client.framework.components.CambioLabel[name='Subjectofcare.GroupDetailsPanel.groupNameLabel', text='', enabled=true, visible=true, showing=false]
                      se.cambiosys.client.framework.components.CambioLabel[name='Subjectofcare.GroupDetailsPanel.dummyLabel', text='', enabled=true, visible=true, showing=false]
                    se.cambiosys.client.framework.subjectofcare.CambioPatientBannerButton[name='SubjectGroupSOCSelectedPanel.clearButton', text='Clear', enabled=true, visible=true, showing=false]
                    se.cambiosys.client.framework.subjectofcare.CambioPatientBannerButton[name='SubjectGroupSOCSelectedPanel.toggleButton', text='', enabled=true, visible=true, showing=false]
            se.cambiosys.client.framework.core.internal.gui.SecurityStatusComponent[name=null]
          se.cambiosys.client.framework.components.CambioSplitPane[,0,62,2880x1469,invalid,layout=javax.swing.plaf.basic.BasicSplitPaneUI$BasicHorizontalLayoutManager,alignmentX=0.0,alignmentY=0.0,border=javax.swing.plaf.synth.SynthBorder@3d9f4d7e,flags=201326920,maximumSize=,minimumSize=,preferredSize=,continuousLayout=false,dividerSize=2,lastDividerLocation=-1,oneTouchExpandable=false,orientation=HORIZONTAL_SPLIT]
            javax.swing.plaf.synth.SynthSplitPaneDivider[,200,0,2x1469,layout=javax.swing.plaf.basic.BasicSplitPaneDivider$DividerLayout]
            se.cambiosys.client.framework.core.internal.gui.SidebarPanel[name=null]
              se.cambiosys.client.framework.components.CambioPanel[name=null]
                se.cambiosys.client.framework.core.internal.gui.ShortcutContainerPanel[name=null]
                  se.cambiosys.client.framework.components.CambioPanel[name=null]
                    se.cambiosys.client.framework.components.CambioPanel[name=null]
                      javax.swing.JLabel[name=null, text='MY SHORTCUTS', enabled=true, visible=true, showing=true]
                    se.cambiosys.client.framework.core.internal.gui.ShortcutContainerPanel$2(se.cambiosys.client.framework.components.CambioPanel)[name=null]
                  se.cambiosys.client.framework.components.CambioPanel[name=null]
                    se.cambiosys.client.framework.components.CambioScrollPane[name=null, enabled=true, visible=true, showing=true]
                      javax.swing.JViewport[,0,0,191x663,layout=javax.swing.ViewportLayout,alignmentX=0.0,alignmentY=0.0,border=,flags=25165832,maximumSize=,minimumSize=,preferredSize=,isViewSizeSet=true,lastPaintPosition=java.awt.Point[x=0,y=0],scrollUnderway=false]
                        se.cambiosys.client.framework.core.internal.gui.ScrollableContainerPanel[name=null]
                          se.cambiosys.client.framework.core.internal.gui.OpenedWindowPanel[name=null]
                            se.cambiosys.client.framework.core.internal.gui.OpenedWindowPanel$2(javax.swing.JToggleButton)[name=null, text='Order', selected=false, enabled=false, visible=true, showing=true]
                            se.cambiosys.client.framework.components.CambioPanel[name=null]
                              javax.swing.JButton[name=null, text='', enabled=false, visible=false, showing=false]
                      javax.swing.JScrollPane$ScrollBar[name=null, value=0, blockIncrement=10, minimum=0, maximum=663, enabled=true, visible=false, showing=false]
                        javax.swing.plaf.synth.SynthScrollBarUI$2(javax.swing.plaf.synth.SynthArrowButton)[name='ScrollBar.button', text='', enabled=true, visible=true, showing=false]
                        javax.swing.plaf.synth.SynthScrollBarUI$1(javax.swing.plaf.synth.SynthArrowButton)[name='ScrollBar.button', text='', enabled=true, visible=true, showing=false]
                      javax.swing.JScrollPane$ScrollBar[name=null, value=0, blockIncrement=10, minimum=0, maximum=191, enabled=true, visible=false, showing=false]
                        javax.swing.plaf.synth.SynthScrollBarUI$2(javax.swing.plaf.synth.SynthArrowButton)[name='ScrollBar.button', text='', enabled=true, visible=true, showing=false]
                        javax.swing.plaf.synth.SynthScrollBarUI$1(javax.swing.plaf.synth.SynthArrowButton)[name='ScrollBar.button', text='', enabled=true, visible=true, showing=false]
                    se.cambiosys.client.framework.core.internal.gui.ShortcutContainerPanel$1(se.cambiosys.client.framework.components.CambioPanel)[name=null]
                se.cambiosys.client.framework.components.CambioPanel[name=null]
                  javax.swing.JSeparator[,0,0,191x3,alignmentX=0.0,alignmentY=0.0,border=javax.swing.plaf.synth.SynthBorder@64c4e2a9,flags=0,maximumSize=,minimumSize=,preferredSize=,orientation=HORIZONTAL]
                  se.cambiosys.client.framework.core.internal.gui.SidebarPanel$1(se.cambiosys.client.framework.components.CambioPanel)[name=null]
                se.cambiosys.client.framework.core.internal.gui.OpenedWindowsContainerPanel[name=null]
                  se.cambiosys.client.framework.components.CambioPanel[name=null]
                    se.cambiosys.client.framework.components.CambioScrollPane[name=null, enabled=true, visible=true, showing=true]
                      javax.swing.JViewport[,0,0,191x640,layout=javax.swing.ViewportLayout,alignmentX=0.0,alignmentY=0.0,border=,flags=25165832,maximumSize=,minimumSize=,preferredSize=,isViewSizeSet=true,lastPaintPosition=java.awt.Point[x=0,y=0],scrollUnderway=false]
                        se.cambiosys.client.framework.core.internal.gui.ScrollableContainerPanel[name=null]
                      javax.swing.JScrollPane$ScrollBar[name=null, value=0, blockIncrement=10, minimum=0, maximum=640, enabled=true, visible=false, showing=false]
                        javax.swing.plaf.synth.SynthScrollBarUI$2(javax.swing.plaf.synth.SynthArrowButton)[name='ScrollBar.button', text='', enabled=true, visible=true, showing=false]
                        javax.swing.plaf.synth.SynthScrollBarUI$1(javax.swing.plaf.synth.SynthArrowButton)[name='ScrollBar.button', text='', enabled=true, visible=true, showing=false]
                      javax.swing.JScrollPane$ScrollBar[name=null, value=0, blockIncrement=10, minimum=0, maximum=191, enabled=true, visible=false, showing=false]
                        javax.swing.plaf.synth.SynthScrollBarUI$2(javax.swing.plaf.synth.SynthArrowButton)[name='ScrollBar.button', text='', enabled=true, visible=true, showing=false]
                        javax.swing.plaf.synth.SynthScrollBarUI$1(javax.swing.plaf.synth.SynthArrowButton)[name='ScrollBar.button', text='', enabled=true, visible=true, showing=false]
                    se.cambiosys.client.framework.core.internal.gui.OpenedWindowsContainerPanel$1(se.cambiosys.client.framework.components.CambioPanel)[name=null]
                  se.cambiosys.client.framework.components.CambioPanel[name=null]
                    se.cambiosys.client.framework.components.CambioCheckBox[name=null, text='Keep windows', selected=true, enabled=true, visible=true, showing=true]
                    se.cambiosys.client.framework.core.internal.multimonitor.MultiMonitorComponent[name=null, text='', enabled=true, visible=true, showing=true]
              se.cambiosys.client.framework.components.notification.plugin.gui.NotificationPluginComponent[name=null]
                se.cambiosys.client.framework.components.progress.CambioBusyLabel[name=null, text='', enabled=true, visible=true, showing=true]
              se.cambiosys.client.framework.core.internal.gui.SideBarBottomPanel[name=null]
                se.cambiosys.client.framework.subjectofcare.gui.CambioClickablePatientBannerButton[name=null, text='', enabled=true, visible=true, showing=true]
                se.cambiosys.client.framework.subjectofcare.gui.CambioClickablePatientBannerButton[name=null, text='', enabled=true, visible=true, showing=true]
                se.cambiosys.client.framework.subjectofcare.gui.CambioClickablePatientBannerButton[name=null, text='', enabled=true, visible=true, showing=true]
                se.cambiosys.client.framework.subjectofcare.gui.CambioClickablePatientBannerButton[name=null, text='', enabled=true, visible=true, showing=true]
                se.cambiosys.client.framework.components.CambioLabel[name='Table.cellRenderer', text='', enabled=true, visible=true, showing=true]
            se.cambiosys.client.framework.components.CambioDesktopPane[]
              javax.swing.JLabel[name=null, text='', enabled=true, visible=true, showing=true]
        se.cambiosys.client.framework.core.internal.gui.ScreenSaverPanel[name=null]
          se.cambiosys.client.framework.components.CambioLabel[name='Table.cellRenderer', text=' ', enabled=true, visible=true, showing=false]
        se.cambiosys.client.framework.core.internal.gui.ScreenSaverLoginPanel[name=null]
        se.cambiosys.client.framework.core.internal.gui.NoPermissionPanel[name=null]
          se.cambiosys.client.framework.core.internal.gui.NoPermissionPanel$1(javax.swing.JPanel)[name=null]
            se.cambiosys.client.framework.components.CambioPanel[name=null]
              se.cambiosys.client.framework.core.internal.gui.NoPermissionPanel$3(se.cambiosys.client.framework.components.CambioLabel)[name='Table.cellRenderer', text='or if the user is inactivated by the system administrator. Click OK to login again.', enabled=true, visible=true, showing=false]
              se.cambiosys.client.framework.components.CambioPanel[name=null]
              se.cambiosys.client.framework.components.CambioButton[name=null, text='OK', enabled=true, visible=true, showing=false]
              se.cambiosys.client.framework.core.internal.gui.NoPermissionPanel$2(se.cambiosys.client.framework.components.CambioLabel)[name='Table.cellRenderer', text='You have been logged out from this computer. This happens if the same user log in to another computer', enabled=true, visible=true, showing=false]
      de.javasoft.plaf.synthetica.SyntheticaTitlePane[name='RootPane.titlePane']
        javax.swing.JButton[name='RootPane.titlePane.menuButton', text='', enabled=true, visible=true, showing=true]
        javax.swing.JLabel[name='RootPane.title', text=' ', enabled=true, visible=true, showing=true]
        javax.swing.JLabel[name='RootPane.menuBar', text=' ', enabled=true, visible=false, showing=false]
        javax.swing.JButton[name='RootPane.titlePane.iconifyButton', text=null, enabled=true, visible=true, showing=true]
        javax.swing.JButton[name='RootPane.titlePane.toggleButton', text=null, enabled=true, visible=true, showing=true]
        javax.swing.JButton[name='RootPane.titlePane.closeButton', text=null, enabled=true, visible=true, showing=true]
  se.cambiosys.client.framework.subjectofcare.internal.group.gui.GroupSOCSelectedPanel$ExtendedGroupBannerDialog[name='dialog2', title=null, enabled=true, modal=false, visible=false, showing=false]
    javax.swing.JRootPane[]
      javax.swing.JPanel[name='null.glassPane']
      javax.swing.JLayeredPane[]
        javax.swing.JPanel[name='null.contentPane']
          se.cambiosys.client.framework.subjectofcare.internal.group.gui.ExtendedGroupBannerPanel[name='SubjectGroupSOCSelectedPanel.groupBannerPanel']
            se.cambiosys.client.framework.components.CambioScrollPane[name='Subjectofcare.ExtendedGroupBannerPanel.scrollPane', enabled=true, visible=true, showing=false]
              javax.swing.JViewport[,0,0,0x0,invalid,layout=javax.swing.ViewportLayout,alignmentX=0.0,alignmentY=0.0,border=,flags=25165824,maximumSize=,minimumSize=,preferredSize=,isViewSizeSet=false,lastPaintPosition=,scrollUnderway=false]
                se.cambiosys.client.framework.subjectofcare.internal.group.gui.ExtendedGroupBannerPanel$1(se.cambiosys.client.framework.components.CambioTextPane)[name='Subjectofcare.ExtendedGroupBannerPanel.textPane', text='<html>
  <head>

  </head>
  <body>
    <p style="margin-top: 0">
      
    </p>
  </body>
</html>
', enabled=true, visible=true, showing=false]
              javax.swing.JScrollPane$ScrollBar[name=null, value=0, blockIncrement=10, minimum=0, maximum=100, enabled=true, visible=true, showing=false]
                javax.swing.plaf.synth.SynthScrollBarUI$2(javax.swing.plaf.synth.SynthArrowButton)[name='ScrollBar.button', text='', enabled=true, visible=true, showing=false]
                javax.swing.plaf.synth.SynthScrollBarUI$1(javax.swing.plaf.synth.SynthArrowButton)[name='ScrollBar.button', text='', enabled=true, visible=true, showing=false]
              javax.swing.JScrollPane$ScrollBar[name=null, value=0, blockIncrement=10, minimum=0, maximum=100, enabled=true, visible=true, showing=false]
                javax.swing.plaf.synth.SynthScrollBarUI$2(javax.swing.plaf.synth.SynthArrowButton)[name='ScrollBar.button', text='', enabled=true, visible=true, showing=false]
                javax.swing.plaf.synth.SynthScrollBarUI$1(javax.swing.plaf.synth.SynthArrowButton)[name='ScrollBar.button', text='', enabled=true, visible=true, showing=false]
            se.cambiosys.client.framework.components.CambioPanel[name='Subjectofcare.ExtendedGroupBannerPanel.buttonPanel']
              se.cambiosys.client.framework.components.CambioButton[name='Subjectofcare.ExtendedGroupBannerPanel.btnGroupCard', text='Group card', enabled=true, visible=true, showing=false]
  se.cambiosys.client.framework.subjectofcare.internal.gui.ExtendedPatientBannerDialog[name='Patients.PatientSOCSelectedPanel.PatientSOCSelectedPanel', title=null, enabled=true, modal=false, visible=false, showing=false]
    javax.swing.JRootPane[]
      javax.swing.JPanel[name='null.glassPane']
      javax.swing.JLayeredPane[]
        javax.swing.JPanel[name='null.contentPane']
          se.cambiosys.client.framework.subjectofcare.internal.gui.ExtendedPatientBannerPanel[name='Patients.PatientSOCSelectedPanel.PatientSOCSelectedPanel']
            se.cambiosys.client.framework.components.CambioScrollPane[name='Subjectofcare.ExtendedPatientBannerPanel.scrollPane', enabled=true, visible=true, showing=false]
              javax.swing.JViewport[,0,0,0x0,invalid,layout=javax.swing.ViewportLayout,alignmentX=0.0,alignmentY=0.0,border=,flags=25165824,maximumSize=,minimumSize=,preferredSize=,isViewSizeSet=false,lastPaintPosition=,scrollUnderway=false]
                se.cambiosys.client.framework.subjectofcare.internal.gui.ExtendedPatientBannerPanel$1(se.cambiosys.client.framework.components.CambioTextPane)[name='Subjectofcare.ExtendedPatientBannerPanel.textPane', text='<html>
  <head>

  </head>
  <body>
    <p style="margin-top: 0">
      
    </p>
  </body>
</html>
', enabled=true, visible=true, showing=false]
              javax.swing.JScrollPane$ScrollBar[name=null, value=0, blockIncrement=10, minimum=0, maximum=100, enabled=true, visible=true, showing=false]
                javax.swing.plaf.synth.SynthScrollBarUI$2(javax.swing.plaf.synth.SynthArrowButton)[name='ScrollBar.button', text='', enabled=true, visible=true, showing=false]
                javax.swing.plaf.synth.SynthScrollBarUI$1(javax.swing.plaf.synth.SynthArrowButton)[name='ScrollBar.button', text='', enabled=true, visible=true, showing=false]
              javax.swing.JScrollPane$ScrollBar[name=null, value=0, blockIncrement=10, minimum=0, maximum=100, enabled=true, visible=true, showing=false]
                javax.swing.plaf.synth.SynthScrollBarUI$2(javax.swing.plaf.synth.SynthArrowButton)[name='ScrollBar.button', text='', enabled=true, visible=true, showing=false]
                javax.swing.plaf.synth.SynthScrollBarUI$1(javax.swing.plaf.synth.SynthArrowButton)[name='ScrollBar.button', text='', enabled=true, visible=true, showing=false]
            se.cambiosys.client.framework.components.CambioPanel[name='Subjectofcare.ExtendedPatientBannerPanel.buttonPanel']
              se.cambiosys.client.framework.components.CambioButton[name='Subjectofcare.ExtendedPatientBannerPanel.btnPatientCard', text='Patient card', enabled=true, visible=true, showing=false]

at se.cambio.test.taf.element.desktop.elementbase.core.BaseElement.handleComponentLookUpException(BaseElement.java:288)
at se.cambio.test.taf.element.desktop.elementbase.core.BaseJMenuItem.<init>(BaseJMenuItem.java:72)
at se.cambio.test.taf.element.desktop.elementbase.core.BaseJMenu.selectMenu(BaseJMenu.java:45)
at se.cambio.test.taf.element.desktop.element.JMenu.selectCosmicMenu(JMenu.java:33)
at se.cambio.test.taf.element.desktop.DesktopContainerLocator.selectMenu(DesktopContainerLocator.java:206)
at se.cambio.test.taf.element.desktop.PageObject.selectMenu(PageObject.java:449)
at se.cambio.qa.panels.CosmicCDECommonHeaderPanel.headerPanel_NavigateToMenu(CosmicCDECommonHeaderPanel.java:109)
at se.cambio.qa.panels.CosmicCDECommonHeaderPanel.landing_mb_navigate_region_membership_section(CosmicCDECommonHeaderPanel.java:345)
at se.cambio.qa.pages.CosmicCDECommonLandingPage.landing_mb_navigate_region_membership_section(CosmicCDECommonLandingPage.java:394)
at se.cambio.qa.dev.MbSampleTest.step_mb_region_membership(MbSampleTest.java:20)
at se.cambio.test.runner.framework.executor.impl.local.TestNgTestExecutor.runTestSuite(TestNgTestExecutor.java:53)
at se.cambio.test.runner.framework.executor.impl.local.TestNgTestExecutor.execute(TestNgTestExecutor.java:37)
at se.cambio.test.runner.framework.runner.DelegatingTestRunner.run(DelegatingTestRunner.java:34)
... 30 more
... Removed 51 stack frames]]>
    </failure>
  </testcase> <!-- step_mb_region_membership -->
  <testcase name="step_mb_membership" time="0.0" classname="se.cambio.qa.dev.MbSampleTest">
    <ignored/>
  </testcase> <!-- step_mb_membership -->
</testsuite> <!-- Unit Test Execution Coverage -->
