<html xmlns:xs="http://www.w3.org/2001/XMLSchema"
      xmlns:regexp="http://exslt.org/regular-expressions"
      xmlns:math="http://exslt.org/math"
      xmlns:testng="http://testng.org"
      xmlns:f="Functions">
   <head>
      <title>CTAF Results</title>
      <meta http-equiv="content-type" content="text/html; charset=utf-8"></meta>
      <meta http-equiv="pragma" content="no-cache"></meta>
      <meta http-equiv="cache-control" content="max-age=0"></meta>
      <meta http-equiv="cache-control" content="no-cache"></meta>
      <meta http-equiv="cache-control" content="no-store"></meta>
      <link rel="stylesheet"
            href="https://maxcdn.bootstrapcdn.com/bootstrap/4.0.0/css/bootstrap.min.css"
            integrity="sha384-Gn5384xqQ1aoWXA+058RXPxPg6fy4IWvTNh0E263XmFcJlSAwiGgFAW/dAiS6JXm"
            crossorigin="anonymous"></link>
      <LINK rel="stylesheet" href="style.css"></LINK>
      <LINK rel="stylesheet" href="default.css"></LINK>
      <script type="text/javascript" src="main.js"></script>
   </head>
   <body>
      <table width="100%" style="font-size: 16px; margin-bottom: 10px;" cellspacing="1">
         <tr>
            <td width="100%">
               Project/Module:
               
               <b>Smoke Scope Execution Coverage</b>
            </td>
            <td style="background-color: #FFBBBB; padding: 3px 3px 3px 0;" align="center">
               <div style="width: 60px;">1</div>
            </td>
            <td style="background-color: lightgreen; padding: 3px 3px 3px 0;" align="center">
               <div style="width: 60px;">0</div>
            </td>
            <td style="background-color: #FFFFBB; padding: 3px 3px 3px 0;" align="center">
               <div style="width: 60px;">0</div>
            </td>
            <td align="center" style="background-color: #cedcec; padding: 3px 3px 3px 0;">
               <div style="width: 60px;">1</div>
            </td>
            <td align="center"
                style="font-weight: bold; background-color: #cedcec; padding: 3px 3px 3px 0;">
               <div style="width: 60px;">0%</div>
            </td>
            <td style="background-color: #cedcec; padding: 3px 3px 3px 0;" align="center">
               <div style="width: 120px;">1m
                  6s
                  
               </div>
            </td>
         </tr>
      </table>
      <div style="width: 200px;">
         <label for="groupMethodsCheckBox" style="font-weight: bold; margin: 0;">
            <input id="groupMethodsCheckBox" type="checkbox" onclick="switchTestMethodsView(this)"
                   checked=""></input>
            Group by class
            
         </label>
         <br></br>
         <label for="methodsFilter_ALL" style="font-weight: bold; margin: 0;">
            <input id="methodsFilter_ALL" type="checkbox"
                   onclick="testMethodsFilterChanged(this, 'ALL')"></input>
            All
            
         </label>
      </div>
      <label for="methodsFilter_FAIL" style="margin-left: 20px;">
         <input id="methodsFilter_FAIL" type="checkbox"
                onclick="testMethodsFilterChanged(this, 'FAIL')"
                checked=""></input>
         Failed
         
      </label>
      <label for="methodsFilter_PASS">
         <input id="methodsFilter_PASS" type="checkbox"
                onclick="testMethodsFilterChanged(this, 'PASS')"
                checked=""></input>
         Passed
         
      </label>
      <label for="methodsFilter_SKIP">
         <input id="methodsFilter_SKIP" type="checkbox"
                onclick="testMethodsFilterChanged(this, 'SKIP')"
                checked=""></input>
         Skipped
         
      </label>
      <label for="methodsFilter_CONF">
         <input id="methodsFilter_CONF" type="checkbox"
                onclick="testMethodsFilterChanged(this, 'CONF')"></input>
         Config
         
      </label>
      <br></br>
      <div id="testMethodsByStatus" style="display: none;">
         <div class="section">
            <table class="testMethodsTable" cellpadding="0" cellspacing="0">
               <tr class="methodsTableHeader">
                  <th width="100%">Name</th>
                  <th nowrap="true">Started</th>
                  <th nowrap="true">Duration</th>
                  <th>Exception</th>
               </tr>
               <tr id="se.cambio.qa.dev.AS_UNIT_01_01Test_test_cosmic_as_attention_signal_open_attention_signal_create_new_ContagiousDisease_Type_byStatus_failed_FAIL1_row"
                   class="testMethodStatusFAIL">
                  <td width="100%" class="firstMethodCell"
                      onclick="toggleDetailsVisibility('se.cambio.qa.dev.AS_UNIT_01_01Test_test_cosmic_as_attention_signal_open_attention_signal_create_new_ContagiousDisease_Type_byStatus_failed_FAIL1_details')">
                     <img src="images/close.gif"
                          id="imgExpand_se.cambio.qa.dev.AS_UNIT_01_01Test_test_cosmic_as_attention_signal_open_attention_signal_create_new_ContagiousDisease_Type_byStatus_failed_FAIL1_details"
                          class="imgExpandClose"></img>
                     <a>test_cosmic_as_attention_signal_open_attention_signal_create_new_ContagiousDisease_Type()</a>
                  </td>
                  <td nowrap="true">11:11:18</td>
                  <td nowrap="true" align="right">1m
                     6s
                     
                  </td>
                  <td nowrap="true">
                     <a onclick="toggleExceptionsVisibility('se.cambio.qa.dev.AS_UNIT_01_01Test_test_cosmic_as_attention_signal_open_attention_signal_create_new_ContagiousDisease_Type_byStatus_failed_FAIL1_exception')">java.lang.RuntimeException</a>
                      
                     
                  </td>
               </tr>
               <tr>
                  <td colspan="6" class="detailsBox">
                     <div id="se.cambio.qa.dev.AS_UNIT_01_01Test_test_cosmic_as_attention_signal_open_attention_signal_create_new_ContagiousDisease_Type_byStatus_failed_FAIL1_details"
                          class="testMethodDetails">
                        <table>
                           <tr>
                              <td width="12%">
                                 <b>Start time</b>
                              </td>
                              <td width="1%">:</td>
                              <td>11:11:18</td>
                              <td width="12%">
                                 <b>End time</b>
                              </td>
                              <td width="1%">:</td>
                              <td>11:12:24</td>
                              <td width="12%">
                                 <b>Duration</b>
                              </td>
                              <td width="1%">:</td>
                              <td>1m
                                 6s
                                 
                              </td>
                           </tr>
                        </table>
                        <table>
                           <tr></tr>
                           <tr></tr>
                        </table>
                        <div id="testMethodsByClass">
                           <div class="section">
                              <table class="testMethodsTable individualRunsPass individualRuns" cellpadding="0"
                                     cellspacing="0">
                                 <tr class="serviceRunTableHeader">
                                    <th width="100%">Test Steps</th>
                                 </tr>
                                 <tr class="individualRuns">
                                    <td>
                                       test_step_initiation
                                       
                                    </td>
                                 </tr>
                                 <tr class="individualRunsFail">
                                    <td data-toggle="modal" data-target="#exampleModal"
                                        onclick="document.getElementById('ScreenshotIdImg').src='screenshots/browser/test_cosmic_as_attention_signal_open_attention_signal_create_new_ContagiousDisease_Type.png'">
                                       test_step_initiation
                                       
                                    </td>
                                 </tr>
                              </table>
                           </div>
                        </div>
                        <div id="se.cambio.qa.dev.AS_UNIT_01_01Test_test_cosmic_as_attention_signal_open_attention_signal_create_new_ContagiousDisease_Type_byStatus_failed_FAIL1_exception"
                             class="exceptionDetails">
                           <div>
                              <table width="75%">
                                 <tbody>
                                    <tr>
                                       <td width="100%">
                                          <font size="2">
                                             <b>Exception</b>
                                          </font>
                                       </td>
                                    </tr>
                                 </tbody>
                              </table>
                           </div>
                           <div>
                              <table width="75%">
                                 <tbody>
                                    <tr nowrap="true">
                                       <td colspan="6">
                                          <pre style="padding: 0px; margin-left:-200; margin-bottom:-40;">
                                             java.lang.RuntimeException: se.cambio.test.taf.core.exception.ApplicationException: Component not found on the active window.
                                             Unexpected window open. 
                                             Component: se.cambiosys.client.framework.components.CambioButton[,5,58,56x21,alignmentX=0.0,alignmentY=0.5,border=javax.swing.plaf.synth.SynthBorder@7996d0d4,flags=416,maximumSize=,minimumSize=,preferredSize=,defaultIcon=,disabledIcon=,disabledSelectedIcon=,margin=java.awt.Insets[top=2,left=10,bottom=2,right=10],paintBorder=true,paintFocus=true,pressedIcon=,rolloverEnabled=true,rolloverIcon=,rolloverSelectedIcon=,selectedIcon=,text=New...,defaultCapable=true]
                                             Currently Active Window: Information
                                             at se.cambio.test.runner.framework.runner.DelegatingTestRunner.run(DelegatingTestRunner.java:38)
                                             at org.testng.internal.MethodInvocationHelper.invokeHookable(MethodInvocationHelper.java:242)
                                             at org.testng.internal.Invoker.invokeMethod(Invoker.java:579)
                                             at org.testng.internal.Invoker.invokeTestMethod(Invoker.java:719)
                                             at org.testng.internal.Invoker.invokeTestMethods(Invoker.java:989)
                                             at org.testng.internal.TestMethodWorker.invokeTestMethods(TestMethodWorker.java:125)
                                             at org.testng.internal.TestMethodWorker.run(TestMethodWorker.java:109)
                                             at org.testng.TestRunner.privateRun(TestRunner.java:648)
                                             at org.testng.TestRunner.run(TestRunner.java:505)
                                             at org.testng.SuiteRunner.runTest(SuiteRunner.java:455)
                                             at org.testng.SuiteRunner.runSequentially(SuiteRunner.java:450)
                                             at org.testng.SuiteRunner.privateRun(SuiteRunner.java:415)
                                             at org.testng.SuiteRunner.run(SuiteRunner.java:364)
                                             at org.testng.SuiteRunnerWorker.runSuite(SuiteRunnerWorker.java:52)
                                             at org.testng.SuiteRunnerWorker.run(SuiteRunnerWorker.java:84)
                                             at org.testng.TestNG.runSuitesSequentially(TestNG.java:1208)
                                             at org.testng.TestNG.runSuitesLocally(TestNG.java:1137)
                                             at org.testng.TestNG.runSuites(TestNG.java:1049)
                                             at org.testng.TestNG.run(TestNG.java:1017)
                                             at org.apache.maven.surefire.testng.TestNGExecutor.run(TestNGExecutor.java:72)
                                             at org.apache.maven.surefire.testng.TestNGXmlTestSuite.execute(TestNGXmlTestSuite.java:88)
                                             at org.apache.maven.surefire.testng.TestNGProvider.invoke(TestNGProvider.java:101)
                                             at sun.reflect.NativeMethodAccessorImpl.invoke0(Native Method)
                                             at sun.reflect.NativeMethodAccessorImpl.invoke(NativeMethodAccessorImpl.java:62)
                                             at sun.reflect.DelegatingMethodAccessorImpl.invoke(DelegatingMethodAccessorImpl.java:43)
                                             at java.lang.reflect.Method.invoke(Method.java:498)
                                             at org.apache.maven.surefire.booter.ProviderFactory$ClassLoaderProxy.invoke(ProviderFactory.java:103)
                                             at com.sun.proxy.$Proxy0.invoke(Unknown Source)
                                             at org.apache.maven.surefire.booter.SurefireStarter.invokeProvider(SurefireStarter.java:150)
                                             at org.apache.maven.surefire.booter.SurefireStarter.runSuitesInProcess(SurefireStarter.java:91)
                                             at org.apache.maven.surefire.booter.ForkedBooter.main(ForkedBooter.java:69)
                                             Caused by: se.cambio.test.taf.core.exception.ApplicationException: Component not found on the active window. Unexpected window
                                             open. 
                                             Component: se.cambiosys.client.framework.components.CambioButton[,5,58,56x21,alignmentX=0.0,alignmentY=0.5,border=javax.swing.plaf.synth.SynthBorder@7996d0d4,flags=416,maximumSize=,minimumSize=,preferredSize=,defaultIcon=,disabledIcon=,disabledSelectedIcon=,margin=java.awt.Insets[top=2,left=10,bottom=2,right=10],paintBorder=true,paintFocus=true,pressedIcon=,rolloverEnabled=true,rolloverIcon=,rolloverSelectedIcon=,selectedIcon=,text=New...,defaultCapable=true]
                                             Currently Active Window: Information
                                             at se.cambio.test.taf.element.desktop.elementbase.core.BaseElement.verifyComponentIsInActiveWindow(BaseElement.java:319)
                                             at se.cambio.test.taf.element.desktop.elementbase.core.BaseAbstractButton.&lt;init&gt;(BaseAbstractButton.java:146)
                                             at se.cambio.test.taf.element.desktop.element.JButton.&lt;init&gt;(JButton.java:41)
                                             at se.cambio.test.taf.element.desktop.element.JButton.findBy(JButton.java:63)
                                             at se.cambio.test.taf.element.desktop.DesktopContainerLocator.button(DesktopContainerLocator.java:38)
                                             at se.cambio.qa.as.pages.CosmicASAttentionSignalPage.step_as_attention_signal_perform_new_button(CosmicASAttentionSignalPage.java:106)
                                             at se.cambio.qa.dev.AS_UNIT_01_01Test.test_cosmic_as_attention_signal_open_attention_signal_create_new_ContagiousDisease_Type(AS_UNIT_01_01Test.java:23)
                                             at sun.reflect.NativeMethodAccessorImpl.invoke0(Native Method)
                                             at sun.reflect.NativeMethodAccessorImpl.invoke(NativeMethodAccessorImpl.java:62)
                                             at sun.reflect.DelegatingMethodAccessorImpl.invoke(DelegatingMethodAccessorImpl.java:43)
                                             at java.lang.reflect.Method.invoke(Method.java:498)
                                             at org.testng.internal.MethodInvocationHelper.invokeMethod(MethodInvocationHelper.java:124)
                                             at org.testng.internal.Invoker.invokeMethod(Invoker.java:583)
                                             at org.testng.internal.Invoker.invokeTestMethod(Invoker.java:719)
                                             at org.testng.internal.Invoker.invokeTestMethods(Invoker.java:989)
                                             at org.testng.internal.TestMethodWorker.invokeTestMethods(TestMethodWorker.java:125)
                                             at org.testng.internal.TestMethodWorker.run(TestMethodWorker.java:109)
                                             at org.testng.TestRunner.privateRun(TestRunner.java:648)
                                             at org.testng.TestRunner.run(TestRunner.java:505)
                                             at org.testng.SuiteRunner.runTest(SuiteRunner.java:455)
                                             at org.testng.SuiteRunner.runSequentially(SuiteRunner.java:450)
                                             at org.testng.SuiteRunner.privateRun(SuiteRunner.java:415)
                                             at org.testng.SuiteRunner.run(SuiteRunner.java:364)
                                             at org.testng.SuiteRunnerWorker.runSuite(SuiteRunnerWorker.java:52)
                                             at org.testng.SuiteRunnerWorker.run(SuiteRunnerWorker.java:84)
                                             at org.testng.TestNG.runSuitesSequentially(TestNG.java:1208)
                                             at org.testng.TestNG.runSuitesLocally(TestNG.java:1137)
                                             at org.testng.TestNG.runSuites(TestNG.java:1049)
                                             at org.testng.TestNG.run(TestNG.java:1017)
                                             at se.cambio.test.runner.framework.executor.impl.local.TestNgTestExecutor.runTestSuite(TestNgTestExecutor.java:53)
                                             at se.cambio.test.runner.framework.executor.impl.local.TestNgTestExecutor.execute(TestNgTestExecutor.java:37)
                                             at se.cambio.test.runner.framework.runner.DelegatingTestRunner.run(DelegatingTestRunner.java:34)
                                             ... 30 more
                                             
                                             
                                          </pre>
                                       </td>
                                    </tr>
                                 </tbody>
                              </table>
                           </div>
                        </div>
                     </div>
                  </td>
               </tr>
            </table>
         </div>
      </div>
      <div id="testMethodsByClass">
         <div class="section">
            <h3 style="display: inline;">se.cambio.qa.dev.AS_UNIT_01_01Test</h3>
            <table class="testMethodsTable" cellpadding="0" cellspacing="0">
               <tr class="methodsTableHeader">
                  <th width="100%">Name</th>
                  <th nowrap="true">Started</th>
                  <th nowrap="true">Duration</th>
                  <th>Exception</th>
               </tr>
               <tr id="se.cambio.qa.dev.AS_UNIT_01_01Test_test_cosmic_as_attention_signal_open_attention_signal_create_new_ContagiousDisease_Type_byClass_FAIL1_row"
                   class="testMethodStatusFAIL">
                  <td width="100%" class="firstMethodCell"
                      onclick="toggleDetailsVisibility('se.cambio.qa.dev.AS_UNIT_01_01Test_test_cosmic_as_attention_signal_open_attention_signal_create_new_ContagiousDisease_Type_byClass_FAIL1_details')">
                     <img src="images/close.gif"
                          id="imgExpand_se.cambio.qa.dev.AS_UNIT_01_01Test_test_cosmic_as_attention_signal_open_attention_signal_create_new_ContagiousDisease_Type_byClass_FAIL1_details"
                          class="imgExpandClose"></img>
                     <a>test_cosmic_as_attention_signal_open_attention_signal_create_new_ContagiousDisease_Type()</a>
                  </td>
                  <td nowrap="true">11:11:18</td>
                  <td nowrap="true" align="right">1m
                     6s
                     
                  </td>
                  <td nowrap="true">
                     <a onclick="toggleExceptionsVisibility('se.cambio.qa.dev.AS_UNIT_01_01Test_test_cosmic_as_attention_signal_open_attention_signal_create_new_ContagiousDisease_Type_byClass_FAIL1_exception')">java.lang.RuntimeException</a>
                      
                     
                  </td>
               </tr>
               <tr>
                  <td colspan="6" class="detailsBox">
                     <div id="se.cambio.qa.dev.AS_UNIT_01_01Test_test_cosmic_as_attention_signal_open_attention_signal_create_new_ContagiousDisease_Type_byClass_FAIL1_details"
                          class="testMethodDetails">
                        <table>
                           <tr>
                              <td width="12%">
                                 <b>Start time</b>
                              </td>
                              <td width="1%">:</td>
                              <td>11:11:18</td>
                              <td width="12%">
                                 <b>End time</b>
                              </td>
                              <td width="1%">:</td>
                              <td>11:12:24</td>
                              <td width="12%">
                                 <b>Duration</b>
                              </td>
                              <td width="1%">:</td>
                              <td>1m
                                 6s
                                 
                              </td>
                           </tr>
                        </table>
                        <table>
                           <tr></tr>
                           <tr></tr>
                        </table>
                        <div id="testMethodsByClass">
                           <div class="section">
                              <table class="testMethodsTable individualRunsPass individualRuns" cellpadding="0"
                                     cellspacing="0">
                                 <tr class="serviceRunTableHeader">
                                    <th width="100%">Test Steps</th>
                                 </tr>
                                 <tr class="individualRuns">
                                    <td>
                                       test_step_initiation
                                       
                                    </td>
                                 </tr>
                                 <tr class="individualRunsFail">
                                    <td data-toggle="modal" data-target="#exampleModal"
                                        onclick="document.getElementById('ScreenshotIdImg').src='screenshots/browser/test_cosmic_as_attention_signal_open_attention_signal_create_new_ContagiousDisease_Type.png'">
                                       test_step_initiation
                                       
                                    </td>
                                 </tr>
                              </table>
                           </div>
                        </div>
                        <div id="se.cambio.qa.dev.AS_UNIT_01_01Test_test_cosmic_as_attention_signal_open_attention_signal_create_new_ContagiousDisease_Type_byClass_FAIL1_exception"
                             class="exceptionDetails">
                           <div>
                              <table width="75%">
                                 <tbody>
                                    <tr>
                                       <td width="100%">
                                          <font size="2">
                                             <b>Exception</b>
                                          </font>
                                       </td>
                                    </tr>
                                 </tbody>
                              </table>
                           </div>
                           <div>
                              <table width="75%">
                                 <tbody>
                                    <tr nowrap="true">
                                       <td colspan="6">
                                          <pre style="padding: 0px; margin-left:-200; margin-bottom:-40;">
                                             java.lang.RuntimeException: se.cambio.test.taf.core.exception.ApplicationException: Component not found on the active window.
                                             Unexpected window open. 
                                             Component: se.cambiosys.client.framework.components.CambioButton[,5,58,56x21,alignmentX=0.0,alignmentY=0.5,border=javax.swing.plaf.synth.SynthBorder@7996d0d4,flags=416,maximumSize=,minimumSize=,preferredSize=,defaultIcon=,disabledIcon=,disabledSelectedIcon=,margin=java.awt.Insets[top=2,left=10,bottom=2,right=10],paintBorder=true,paintFocus=true,pressedIcon=,rolloverEnabled=true,rolloverIcon=,rolloverSelectedIcon=,selectedIcon=,text=New...,defaultCapable=true]
                                             Currently Active Window: Information
                                             at se.cambio.test.runner.framework.runner.DelegatingTestRunner.run(DelegatingTestRunner.java:38)
                                             at org.testng.internal.MethodInvocationHelper.invokeHookable(MethodInvocationHelper.java:242)
                                             at org.testng.internal.Invoker.invokeMethod(Invoker.java:579)
                                             at org.testng.internal.Invoker.invokeTestMethod(Invoker.java:719)
                                             at org.testng.internal.Invoker.invokeTestMethods(Invoker.java:989)
                                             at org.testng.internal.TestMethodWorker.invokeTestMethods(TestMethodWorker.java:125)
                                             at org.testng.internal.TestMethodWorker.run(TestMethodWorker.java:109)
                                             at org.testng.TestRunner.privateRun(TestRunner.java:648)
                                             at org.testng.TestRunner.run(TestRunner.java:505)
                                             at org.testng.SuiteRunner.runTest(SuiteRunner.java:455)
                                             at org.testng.SuiteRunner.runSequentially(SuiteRunner.java:450)
                                             at org.testng.SuiteRunner.privateRun(SuiteRunner.java:415)
                                             at org.testng.SuiteRunner.run(SuiteRunner.java:364)
                                             at org.testng.SuiteRunnerWorker.runSuite(SuiteRunnerWorker.java:52)
                                             at org.testng.SuiteRunnerWorker.run(SuiteRunnerWorker.java:84)
                                             at org.testng.TestNG.runSuitesSequentially(TestNG.java:1208)
                                             at org.testng.TestNG.runSuitesLocally(TestNG.java:1137)
                                             at org.testng.TestNG.runSuites(TestNG.java:1049)
                                             at org.testng.TestNG.run(TestNG.java:1017)
                                             at org.apache.maven.surefire.testng.TestNGExecutor.run(TestNGExecutor.java:72)
                                             at org.apache.maven.surefire.testng.TestNGXmlTestSuite.execute(TestNGXmlTestSuite.java:88)
                                             at org.apache.maven.surefire.testng.TestNGProvider.invoke(TestNGProvider.java:101)
                                             at sun.reflect.NativeMethodAccessorImpl.invoke0(Native Method)
                                             at sun.reflect.NativeMethodAccessorImpl.invoke(NativeMethodAccessorImpl.java:62)
                                             at sun.reflect.DelegatingMethodAccessorImpl.invoke(DelegatingMethodAccessorImpl.java:43)
                                             at java.lang.reflect.Method.invoke(Method.java:498)
                                             at org.apache.maven.surefire.booter.ProviderFactory$ClassLoaderProxy.invoke(ProviderFactory.java:103)
                                             at com.sun.proxy.$Proxy0.invoke(Unknown Source)
                                             at org.apache.maven.surefire.booter.SurefireStarter.invokeProvider(SurefireStarter.java:150)
                                             at org.apache.maven.surefire.booter.SurefireStarter.runSuitesInProcess(SurefireStarter.java:91)
                                             at org.apache.maven.surefire.booter.ForkedBooter.main(ForkedBooter.java:69)
                                             Caused by: se.cambio.test.taf.core.exception.ApplicationException: Component not found on the active window. Unexpected window
                                             open. 
                                             Component: se.cambiosys.client.framework.components.CambioButton[,5,58,56x21,alignmentX=0.0,alignmentY=0.5,border=javax.swing.plaf.synth.SynthBorder@7996d0d4,flags=416,maximumSize=,minimumSize=,preferredSize=,defaultIcon=,disabledIcon=,disabledSelectedIcon=,margin=java.awt.Insets[top=2,left=10,bottom=2,right=10],paintBorder=true,paintFocus=true,pressedIcon=,rolloverEnabled=true,rolloverIcon=,rolloverSelectedIcon=,selectedIcon=,text=New...,defaultCapable=true]
                                             Currently Active Window: Information
                                             at se.cambio.test.taf.element.desktop.elementbase.core.BaseElement.verifyComponentIsInActiveWindow(BaseElement.java:319)
                                             at se.cambio.test.taf.element.desktop.elementbase.core.BaseAbstractButton.&lt;init&gt;(BaseAbstractButton.java:146)
                                             at se.cambio.test.taf.element.desktop.element.JButton.&lt;init&gt;(JButton.java:41)
                                             at se.cambio.test.taf.element.desktop.element.JButton.findBy(JButton.java:63)
                                             at se.cambio.test.taf.element.desktop.DesktopContainerLocator.button(DesktopContainerLocator.java:38)
                                             at se.cambio.qa.as.pages.CosmicASAttentionSignalPage.step_as_attention_signal_perform_new_button(CosmicASAttentionSignalPage.java:106)
                                             at se.cambio.qa.dev.AS_UNIT_01_01Test.test_cosmic_as_attention_signal_open_attention_signal_create_new_ContagiousDisease_Type(AS_UNIT_01_01Test.java:23)
                                             at sun.reflect.NativeMethodAccessorImpl.invoke0(Native Method)
                                             at sun.reflect.NativeMethodAccessorImpl.invoke(NativeMethodAccessorImpl.java:62)
                                             at sun.reflect.DelegatingMethodAccessorImpl.invoke(DelegatingMethodAccessorImpl.java:43)
                                             at java.lang.reflect.Method.invoke(Method.java:498)
                                             at org.testng.internal.MethodInvocationHelper.invokeMethod(MethodInvocationHelper.java:124)
                                             at org.testng.internal.Invoker.invokeMethod(Invoker.java:583)
                                             at org.testng.internal.Invoker.invokeTestMethod(Invoker.java:719)
                                             at org.testng.internal.Invoker.invokeTestMethods(Invoker.java:989)
                                             at org.testng.internal.TestMethodWorker.invokeTestMethods(TestMethodWorker.java:125)
                                             at org.testng.internal.TestMethodWorker.run(TestMethodWorker.java:109)
                                             at org.testng.TestRunner.privateRun(TestRunner.java:648)
                                             at org.testng.TestRunner.run(TestRunner.java:505)
                                             at org.testng.SuiteRunner.runTest(SuiteRunner.java:455)
                                             at org.testng.SuiteRunner.runSequentially(SuiteRunner.java:450)
                                             at org.testng.SuiteRunner.privateRun(SuiteRunner.java:415)
                                             at org.testng.SuiteRunner.run(SuiteRunner.java:364)
                                             at org.testng.SuiteRunnerWorker.runSuite(SuiteRunnerWorker.java:52)
                                             at org.testng.SuiteRunnerWorker.run(SuiteRunnerWorker.java:84)
                                             at org.testng.TestNG.runSuitesSequentially(TestNG.java:1208)
                                             at org.testng.TestNG.runSuitesLocally(TestNG.java:1137)
                                             at org.testng.TestNG.runSuites(TestNG.java:1049)
                                             at org.testng.TestNG.run(TestNG.java:1017)
                                             at se.cambio.test.runner.framework.executor.impl.local.TestNgTestExecutor.runTestSuite(TestNgTestExecutor.java:53)
                                             at se.cambio.test.runner.framework.executor.impl.local.TestNgTestExecutor.execute(TestNgTestExecutor.java:37)
                                             at se.cambio.test.runner.framework.runner.DelegatingTestRunner.run(DelegatingTestRunner.java:34)
                                             ... 30 more
                                             
                                             
                                          </pre>
                                       </td>
                                    </tr>
                                 </tbody>
                              </table>
                           </div>
                        </div>
                     </div>
                  </td>
               </tr>
            </table>
         </div>
         <br></br>
      </div>
      <div style="margin-top: 15px; color: gray; text-align: center; font-size: 9px;">
         Copyright ©
         
         <a href="" style="color: #8888aa;" target="_blank">
            Cambio Test Automation Framewrok [CTAF]
            
         </a>
      </div>
      <script src="https://code.jquery.com/jquery-3.2.1.slim.min.js"
              integrity="sha384-KJ3o2DKtIkvYIK3UENzmM7KCkRr/rE9/Qpg6aAZGJwFDMVNA/GpGFF93hXpG5KkN"
              crossorigin="anonymous"></script>
      <script src="https://cdnjs.cloudflare.com/ajax/libs/popper.js/1.12.9/umd/popper.min.js"
              integrity="sha384-ApNbgh9B+Y1QKtv3Rn7W3mgPxhU9K/ScQsAP7hUibX39j7fakFPskvXusvfa0b4Q"
              crossorigin="anonymous"></script>
      <script src="https://maxcdn.bootstrapcdn.com/bootstrap/4.0.0/js/bootstrap.min.js"
              integrity="sha384-JZR6Spejh4U02d8jOt6vLEHfe/JQGiRRSQQxSfFWpi1MquVdAyjUar5+76PVCmYl"
              crossorigin="anonymous"></script>
      <div class="modal fade" id="exampleModal" tabindex="-1" role="dialog"
           aria-labelledby="exampleModalLabel"
           aria-hidden="true">
         <div class="modal-dialog modal-lg">
            <div class="modal-content">
               <div class="modal-header"></div>
               <div class="modal-body">
                  <img name="ScreenshotIdImg" id="ScreenshotIdImg" border="0" width="100%"
                       src="test.png"></img>
               </div>
               <div class="modal-footer">
                  <button type="button" class="btn btn-secondary" data-dismiss="modal">Close
                     
                  </button>
               </div>
            </div>
         </div>
      </div>
   </body>
</html>