<?xml version="1.0" encoding="UTF-8"?>
<testng-results skipped="0" failed="1" ignored="1" total="2" passed="0">
  <reporter-output>
    <line>
      <![CDATA[login_SuccessfulLogin]]>
    </line>
  </reporter-output>
  <suite name="Unit Test Suite" duration-ms="59046" started-at="2019-01-21T12:04:54Z" finished-at="2019-01-21T12:05:53Z">
    <groups>
      <group name="dev">
        <method signature="MbSampleTest.step_mb_region_membership()[pri:0, instance:se.cambio.qa.dev.MbSampleTest@31f924f5]" name="step_mb_region_membership" class="se.cambio.qa.dev.MbSampleTest"/>
      </group> <!-- dev -->
    </groups>
    <test name="Unit Test Execution Coverage" duration-ms="59046" started-at="2019-01-21T12:04:54Z" finished-at="2019-01-21T12:05:53Z">
      <class name="se.cambio.qa.dev.MbSampleTest">
        <test-method status="FAIL" signature="step_mb_region_membership()[pri:0, instance:se.cambio.qa.dev.MbSampleTest@31f924f5]" name="step_mb_region_membership" duration-ms="58991" started-at="2019-01-21T12:04:54Z" finished-at="2019-01-21T12:05:53Z">
          <exception class="java.lang.RuntimeException">
            <message>
              <![CDATA[se.cambio.test.taf.core.exception.ApplicationException: Unable to find JMenuItem using the specified GenericTypeMatcher. 
Error: Unable to find component using matcher se.cambio.test.taf.element.desktop.elementbase.core.BaseJMenu$2@4215e133.

Component hierarchy:
se.cambiosys.client.framework.core.internal.gui.MainWindow[name='jframe_main_window', title='Prasad Ranasinghe, (PrasadR), Central administrator*The Emergency department*', enabled=true, visible=true, showing=true]
  javax.swing.JRootPane[]
    se.cambiosys.client.framework.core.internal.gui.MainGlassPane[name=null]
    javax.swing.JLayeredPane[]
      javax.swing.JPanel[name=null]
        javax.swing.JPopupMenu[name=null, label=null, enabled=true, visible=true, showing=true]
          se.cambiosys.client.framework.core.internal.gui.CambioMenuSearchComponent[name=null]
            se.cambiosys.client.framework.components.CambioPanel[name=null]
              javax.swing.JTextField[name=null, text='', enabled=true, visible=true, showing=true]
              se.cambiosys.client.framework.components.CambioLabel[name='Table.cellRenderer', text='', enabled=true, visible=true, showing=true]
              se.cambiosys.client.framework.components.CambioButton[name=null, text='', enabled=true, visible=false, showing=false]
          se.cambiosys.client.framework.components.CambioMenu[name=null, text='Page Object Creator', selected=false, enabled=true, visible=true, showing=true]
            javax.swing.JPopupMenu[name=null, label=null, enabled=true, visible=false, showing=false]
              se.cambiosys.client.framework.menueditor.internal.InitializingMenuItem[name=null, text='Loading...', selected=false, enabled=true, visible=true, showing=false]
                se.cambiosys.client.framework.core.internal.CambioShortcutMenuButton[name=null, text='', selected=false, enabled=true, visible=true, showing=false]
          se.cambiosys.client.framework.components.CambioMenu[name=null, text='Activity', selected=false, enabled=true, visible=true, showing=true]
            javax.swing.JPopupMenu[name=null, label=null, enabled=true, visible=false, showing=false]
              se.cambiosys.client.framework.menueditor.internal.InitializingMenuItem[name=null, text='Order', selected=false, enabled=false, visible=true, showing=false]
                se.cambiosys.client.framework.core.internal.CambioShortcutMenuButton[name=null, text='', selected=true, enabled=true, visible=true, showing=false]
              se.cambiosys.client.framework.menueditor.internal.InitializingMenuItem[name=null, text='Order Administration', selected=false, enabled=true, visible=true, showing=false]
                se.cambiosys.client.framework.core.internal.CambioShortcutMenuButton[name=null, text='', selected=false, enabled=true, visible=true, showing=false]
          se.cambiosys.client.framework.components.CambioMenu[name=null, text='Patient Generated Care Entries', selected=false, enabled=true, visible=true, showing=true]
            javax.swing.JPopupMenu[name=null, label=null, enabled=true, visible=false, showing=false]
              se.cambiosys.client.framework.menueditor.internal.InitializingMenuItem[name=null, text='PG CareEntries Testing Tool', selected=false, enabled=true, visible=true, showing=false]
                se.cambiosys.client.framework.core.internal.CambioShortcutMenuButton[name=null, text='', selected=false, enabled=true, visible=true, showing=false]
          se.cambiosys.client.framework.components.CambioMenu[name=null, text='Referral', selected=false, enabled=true, visible=true, showing=true]
            javax.swing.JPopupMenu[name=null, label=null, enabled=true, visible=false, showing=false]
              se.cambiosys.client.framework.menueditor.internal.InitializingMenuItem[name=null, text='New referral', selected=false, enabled=true, visible=true, showing=false]
                se.cambiosys.client.framework.core.internal.CambioShortcutMenuButton[name=null, text='', selected=false, enabled=true, visible=true, showing=false]
              se.cambiosys.client.framework.menueditor.internal.InitializingMenuItem[name=null, text='Received referrals', selected=false, enabled=true, visible=true, showing=false]
                se.cambiosys.client.framework.core.internal.CambioShortcutMenuButton[name=null, text='', selected=false, enabled=true, visible=true, showing=false]
              se.cambiosys.client.framework.menueditor.internal.InitializingMenuItem[name=null, text='Register referral', selected=false, enabled=true, visible=true, showing=false]
                se.cambiosys.client.framework.core.internal.CambioShortcutMenuButton[name=null, text='', selected=false, enabled=true, visible=true, showing=false]
              se.cambiosys.client.framework.menueditor.internal.InitializingMenuItem[name=null, text='Saved and sent referrals', selected=false, enabled=true, visible=true, showing=false]
                se.cambiosys.client.framework.core.internal.CambioShortcutMenuButton[name=null, text='', selected=false, enabled=true, visible=true, showing=false]
              se.cambiosys.client.framework.menueditor.internal.InitializingMenuItem[name=null, text='Patient's list of answers', selected=false, enabled=true, visible=true, showing=false]
                se.cambiosys.client.framework.core.internal.CambioShortcutMenuButton[name=null, text='', selected=false, enabled=true, visible=true, showing=false]
              se.cambiosys.client.framework.components.CambioMenu[name=null, text='Administration', selected=false, enabled=true, visible=true, showing=false]
                javax.swing.JPopupMenu[name=null, label=null, enabled=true, visible=false, showing=false]
                  se.cambiosys.client.framework.menueditor.internal.InitializingMenuItem[name=null, text='Documentation templates', selected=false, enabled=true, visible=true, showing=false]
                    se.cambiosys.client.framework.core.internal.CambioShortcutMenuButton[name=null, text='', selected=false, enabled=true, visible=true, showing=false]
          se.cambiosys.client.framework.components.CambioMenu[name=null, text='Link', selected=false, enabled=true, visible=true, showing=true]
            javax.swing.JPopupMenu[name=null, label=null, enabled=true, visible=false, showing=false]
              se.cambiosys.client.framework.menueditor.internal.InitializingMenuItem[name=null, text='Case overview', selected=false, enabled=true, visible=true, showing=false]
                se.cambiosys.client.framework.core.internal.CambioShortcutMenuButton[name=null, text='', selected=false, enabled=true, visible=true, showing=false]
              se.cambiosys.client.framework.components.CambioMenu[name=null, text='Administration', selected=false, enabled=true, visible=true, showing=false]
                javax.swing.JPopupMenu[name=null, label=null, enabled=true, visible=false, showing=false]
                  se.cambiosys.client.framework.menueditor.internal.InitializingMenuItem[name=null, text='Suggested Admission message receivers', selected=false, enabled=true, visible=true, showing=false]
                    se.cambiosys.client.framework.core.internal.CambioShortcutMenuButton[name=null, text='', selected=false, enabled=true, visible=true, showing=false]
          se.cambiosys.client.framework.components.CambioMenu[name=null, text='Fluid balance', selected=false, enabled=true, visible=true, showing=true]
            javax.swing.JPopupMenu[name=null, label=null, enabled=true, visible=false, showing=false]
              se.cambiosys.client.framework.menueditor.internal.InitializingMenuItem[name=null, text='Fluid Balance', selected=false, enabled=true, visible=true, showing=false]
                se.cambiosys.client.framework.core.internal.CambioShortcutMenuButton[name=null, text='', selected=false, enabled=true, visible=true, showing=false]
          se.cambiosys.client.framework.components.CambioMenu[name=null, text='Help', selected=false, enabled=true, visible=true, showing=true]
            javax.swing.JPopupMenu[name=null, label=null, enabled=true, visible=false, showing=false]
              se.cambiosys.client.framework.menueditor.internal.InitializingMenuItem[name=null, text='About Cambio COSMIC...', selected=false, enabled=true, visible=true, showing=false]
                se.cambiosys.client.framework.core.internal.CambioShortcutMenuButton[name=null, text='', selected=false, enabled=true, visible=true, showing=false]
              se.cambiosys.client.framework.menueditor.internal.InitializingMenuItem[name=null, text='Help for Cosmic', selected=false, enabled=true, visible=true, showing=false]
                se.cambiosys.client.framework.core.internal.CambioShortcutMenuButton[name=null, text='', selected=false, enabled=true, visible=true, showing=false]
          se.cambiosys.client.framework.components.CambioMenu[name=null, text='CDS', selected=false, enabled=true, visible=true, showing=true]
            javax.swing.JPopupMenu[name=null, label=null, enabled=true, visible=false, showing=false]
              se.cambiosys.client.framework.menueditor.internal.InitializingMenuItem[name=null, text='CDS App Administration', selected=false, enabled=true, visible=true, showing=false]
                se.cambiosys.client.framework.core.internal.CambioShortcutMenuButton[name=null, text='', selected=false, enabled=true, visible=true, showing=false]
              se.cambiosys.client.framework.menueditor.internal.InitializingMenuItem[name=null, text='Stroke Prevention for Atrial Fibrillation', selected=false, enabled=true, visible=true, showing=false]
                se.cambiosys.client.framework.core.internal.CambioShortcutMenuButton[name=null, text='', selected=false, enabled=true, visible=true, showing=false]
          se.cambiosys.client.framework.components.CambioMenu[name=null, text='Resource planning', selected=false, enabled=true, visible=true, showing=true]
            javax.swing.JPopupMenu[name=null, label=null, enabled=true, visible=false, showing=false]
              se.cambiosys.client.framework.menueditor.internal.InitializingMenuItem[name=null, text='Schedule', selected=false, enabled=true, visible=true, showing=false]
                se.cambiosys.client.framework.core.internal.CambioShortcutMenuButton[name=null, text='', selected=false, enabled=true, visible=true, showing=false]
              se.cambiosys.client.framework.menueditor.internal.InitializingMenuItem[name=null, text='Schedule groups', selected=false, enabled=true, visible=true, showing=false]
                se.cambiosys.client.framework.core.internal.CambioShortcutMenuButton[name=null, text='', selected=false, enabled=true, visible=true, showing=false]
              se.cambiosys.client.framework.menueditor.internal.InitializingMenuItem[name=null, text='Schedule overview', selected=false, enabled=true, visible=true, showing=false]
                se.cambiosys.client.framework.core.internal.CambioShortcutMenuButton[name=null, text='', selected=false, enabled=true, visible=true, showing=false]
              se.cambiosys.client.framework.components.CambioMenu[name=null, text='Administration', selected=false, enabled=true, visible=true, showing=false]
                javax.swing.JPopupMenu[name=null, label=null, enabled=true, visible=false, showing=false]
                  se.cambiosys.client.framework.menueditor.internal.InitializingMenuItem[name=null, text='Connect time slot services', selected=false, enabled=true, visible=true, showing=false]
                    se.cambiosys.client.framework.core.internal.CambioShortcutMenuButton[name=null, text='', selected=false, enabled=true, visible=true, showing=false]
                  se.cambiosys.client.framework.components.CambioMenu[name=null, text='Scheme', selected=false, enabled=true, visible=true, showing=false]
                    javax.swing.JPopupMenu[name=null, label=null, enabled=true, visible=false, showing=false]
                      se.cambiosys.client.framework.menueditor.internal.InitializingMenuItem[name=null, text='Services scheme', selected=false, enabled=true, visible=true, showing=false]
                        se.cambiosys.client.framework.core.internal.CambioShortcutMenuButton[name=null, text='', selected=false, enabled=true, visible=true, showing=false]
                      se.cambiosys.client.framework.menueditor.internal.InitializingMenuItem[name=null, text='Scheme templates', selected=false, enabled=true, visible=true, showing=false]
                        se.cambiosys.client.framework.core.internal.CambioShortcutMenuButton[name=null, text='', selected=false, enabled=true, visible=true, showing=false]
                      se.cambiosys.client.framework.menueditor.internal.InitializingMenuItem[name=null, text='Resource's scheme', selected=false, enabled=true, visible=true, showing=false]
                        se.cambiosys.client.framework.core.internal.CambioShortcutMenuButton[name=null, text='', selected=false, enabled=true, visible=true, showing=false]
                  se.cambiosys.client.framework.components.CambioMenu[name=null, text='Staffing', selected=false, enabled=true, visible=true, showing=false]
                    javax.swing.JPopupMenu[name=null, label=null, enabled=true, visible=false, showing=false]
                      se.cambiosys.client.framework.menueditor.internal.InitializingMenuItem[name=null, text='Allocate resources - Services scheme', selected=false, enabled=true, visible=true, showing=false]
                        se.cambiosys.client.framework.core.internal.CambioShortcutMenuButton[name=null, text='', selected=false, enabled=true, visible=true, showing=false]
                      se.cambiosys.client.framework.menueditor.internal.InitializingMenuItem[name=null, text='Allocate resources - Scheme templates', selected=false, enabled=true, visible=true, showing=false]
                        se.cambiosys.client.framework.core.internal.CambioShortcutMenuButton[name=null, text='', selected=false, enabled=true, visible=true, showing=false]
                      se.cambiosys.client.framework.menueditor.internal.InitializingMenuItem[name=null, text='Services missing resources', selected=false, enabled=true, visible=true, showing=false]
                        se.cambiosys.client.framework.core.internal.CambioShortcutMenuButton[name=null, text='', selected=false, enabled=true, visible=true, showing=false]
              se.cambiosys.client.framework.menueditor.internal.InitializingMenuItem[name=null, text='Planned activities', selected=false, enabled=true, visible=true, showing=false]
                se.cambiosys.client.framework.core.internal.CambioShortcutMenuButton[name=null, text='', selected=false, enabled=true, visible=true, showing=false]
              se.cambiosys.client.framework.menueditor.internal.InitializingMenuItem[name=null, text='Planning form', selected=false, enabled=true, visible=true, showing=false]
                se.cambiosys.client.framework.core.internal.CambioShortcutMenuButton[name=null, text='', selected=false, enabled=true, visible=true, showing=false]
              se.cambiosys.client.framework.menueditor.internal.InitializingMenuItem[name=null, text='Light planning form', selected=false, enabled=true, visible=true, showing=false]
                se.cambiosys.client.framework.core.internal.CambioShortcutMenuButton[name=null, text='', selected=false, enabled=true, visible=true, showing=false]
          se.cambiosys.client.framework.components.CambioMenu[name=null, text='Activity handling', selected=false, enabled=true, visible=true, showing=true]
            javax.swing.JPopupMenu[name=null, label=null, enabled=true, visible=false, showing=false]
              se.cambiosys.client.framework.menueditor.internal.InitializingMenuItem[name=null, text='Activity handler', selected=false, enabled=true, visible=true, showing=false]
                se.cambiosys.client.framework.core.internal.CambioShortcutMenuButton[name=null, text='', selected=false, enabled=true, visible=true, showing=false]
              se.cambiosys.client.framework.components.CambioMenu[name=null, text='Administration', selected=false, enabled=true, visible=true, showing=false]
                javax.swing.JPopupMenu[name=null, label=null, enabled=true, visible=false, showing=false]
                  se.cambiosys.client.framework.menueditor.internal.InitializingMenuItem[name=null, text='Configuration of Activity plans', selected=false, enabled=true, visible=true, showing=false]
                    se.cambiosys.client.framework.core.internal.CambioShortcutMenuButton[name=null, text='', selected=false, enabled=true, visible=true, showing=false]
                  se.cambiosys.client.framework.menueditor.internal.InitializingMenuItem[name=null, text='Configuration of activity plan activation', selected=false, enabled=true, visible=true, showing=false]
                    se.cambiosys.client.framework.core.internal.CambioShortcutMenuButton[name=null, text='', selected=false, enabled=true, visible=true, showing=false]
          se.cambiosys.client.framework.components.CambioMenu[name=null, text='Drugs', selected=false, enabled=true, visible=true, showing=true]
            javax.swing.JPopupMenu[name=null, label=null, enabled=true, visible=false, showing=false]
              se.cambiosys.client.framework.menueditor.internal.InitializingMenuItem[name=null, text='Appliance', selected=false, enabled=true, visible=true, showing=false]
                se.cambiosys.client.framework.core.internal.CambioShortcutMenuButton[name=null, text='', selected=false, enabled=true, visible=true, showing=false]
              se.cambiosys.client.framework.menueditor.internal.InitializingMenuItem[name=null, text='Prescription', selected=false, enabled=true, visible=true, showing=false]
                se.cambiosys.client.framework.core.internal.CambioShortcutMenuButton[name=null, text='', selected=false, enabled=true, visible=true, showing=false]
              se.cambiosys.client.framework.menueditor.internal.InitializingMenuItem[name=null, text='R8.0 List of medications', selected=false, enabled=true, visible=true, showing=false]
                se.cambiosys.client.framework.core.internal.CambioShortcutMenuButton[name=null, text='', selected=false, enabled=true, visible=true, showing=false]
              se.cambiosys.client.framework.components.CambioMenu[name=null, text='Administration', selected=false, enabled=true, visible=true, showing=false]
                javax.swing.JPopupMenu[name=null, label=null, enabled=true, visible=false, showing=false]
                  se.cambiosys.client.framework.menueditor.internal.InitializingMenuItem[name=null, text='Sent E-prescriptions', selected=false, enabled=true, visible=true, showing=false]
                    se.cambiosys.client.framework.core.internal.CambioShortcutMenuButton[name=null, text='', selected=false, enabled=true, visible=true, showing=false]
              se.cambiosys.client.framework.menueditor.internal.InitializingMenuItem[name=null, text='Warnings, cautions and infected blood', selected=false, enabled=false, visible=true, showing=false]
                se.cambiosys.client.framework.core.internal.CambioShortcutMenuButton[name=null, text='', selected=false, enabled=true, visible=true, showing=false]
              se.cambiosys.client.framework.menueditor.internal.InitializingMenuItem[name=null, text='Medical administration record', selected=false, enabled=true, visible=true, showing=false]
                se.cambiosys.client.framework.core.internal.CambioShortcutMenuButton[name=null, text='', selected=false, enabled=true, visible=true, showing=false]
              se.cambiosys.client.framework.menueditor.internal.InitializingMenuItem[name=null, text='Decision about medication at admission', selected=false, enabled=true, visible=true, showing=false]
                se.cambiosys.client.framework.core.internal.CambioShortcutMenuButton[name=null, text='', selected=false, enabled=true, visible=true, showing=false]
          se.cambiosys.client.framework.components.CambioMenu[name=null, text='Concept', selected=false, enabled=true, visible=true, showing=true]
            javax.swing.JPopupMenu[name=null, label=null, enabled=true, visible=false, showing=false]
              se.cambiosys.client.framework.menueditor.internal.InitializingMenuItem[name=null, text='Terminology binding configuration', selected=false, enabled=true, visible=true, showing=false]
                se.cambiosys.client.framework.core.internal.CambioShortcutMenuButton[name=null, text='', selected=false, enabled=true, visible=true, showing=false]
          se.cambiosys.client.framework.components.CambioMenu[name=null, text='Block Administration', selected=false, enabled=true, visible=true, showing=true]
            javax.swing.JPopupMenu[name=null, label=null, enabled=true, visible=false, showing=false]
              se.cambiosys.client.framework.menueditor.internal.InitializingMenuItem[name=null, text='Block Administration', selected=false, enabled=true, visible=true, showing=false]
                se.cambiosys.client.framework.core.internal.CambioShortcutMenuButton[name=null, text='', selected=false, enabled=true, visible=true, showing=false]
          se.cambiosys.client.framework.components.CambioMenu[name=null, text='Overviews', selected=false, enabled=true, visible=true, showing=true]
            javax.swing.JPopupMenu[name=null, label=null, enabled=true, visible=false, showing=false]
              se.cambiosys.client.framework.menueditor.internal.InitializingMenuItem[name=null, text='Unsigned and Unacknowledged', selected=false, enabled=true, visible=true, showing=false]
                se.cambiosys.client.framework.core.internal.CambioShortcutMenuButton[name=null, text='', selected=false, enabled=true, visible=true, showing=false]
              se.cambiosys.client.framework.components.CambioMenu[name=null, text='Unit overviews', selected=false, enabled=true, visible=true, showing=false]
                javax.swing.JPopupMenu[name=null, label=null, enabled=true, visible=false, showing=false]
                  se.cambiosys.client.framework.menueditor.internal.InitializingMenuItem[name=null, text='Services', selected=false, enabled=true, visible=true, showing=false]
                    se.cambiosys.client.framework.core.internal.CambioShortcutMenuButton[name=null, text='', selected=false, enabled=true, visible=true, showing=false]
                  se.cambiosys.client.framework.menueditor.internal.InitializingMenuItem[name=null, text='Commitment', selected=false, enabled=true, visible=true, showing=false]
                    se.cambiosys.client.framework.core.internal.CambioShortcutMenuButton[name=null, text='', selected=false, enabled=true, visible=true, showing=false]
                  se.cambiosys.client.framework.menueditor.internal.InitializingMenuItem[name=null, text='Admission overview', selected=false, enabled=true, visible=true, showing=false]
                    se.cambiosys.client.framework.core.internal.CambioShortcutMenuButton[name=null, text='', selected=false, enabled=true, visible=true, showing=false]
                  se.cambiosys.client.framework.menueditor.internal.InitializingMenuItem[name=null, text='Loading...', selected=false, enabled=true, visible=true, showing=false]
                    se.cambiosys.client.framework.core.internal.CambioShortcutMenuButton[name=null, text='', selected=false, enabled=true, visible=true, showing=false]
                  se.cambiosys.client.framework.menueditor.internal.InitializingMenuItem[name=null, text='Loading...', selected=false, enabled=true, visible=true, showing=false]
                    se.cambiosys.client.framework.core.internal.CambioShortcutMenuButton[name=null, text='', selected=false, enabled=true, visible=true, showing=false]
              se.cambiosys.client.framework.menueditor.internal.InitializingMenuItem[name=null, text='Visit Overview', selected=false, enabled=true, visible=true, showing=false]
                se.cambiosys.client.framework.core.internal.CambioShortcutMenuButton[name=null, text='', selected=false, enabled=true, visible=true, showing=false]
              se.cambiosys.client.framework.menueditor.internal.InitializingMenuItem[name=null, text='Clinical overview - OP', selected=false, enabled=true, visible=true, showing=false]
                se.cambiosys.client.framework.core.internal.CambioShortcutMenuButton[name=null, text='', selected=false, enabled=true, visible=true, showing=false]
              se.cambiosys.client.framework.menueditor.internal.InitializingMenuItem[name=null, text='Clinical overview - IP', selected=false, enabled=true, visible=true, showing=false]
                se.cambiosys.client.framework.core.internal.CambioShortcutMenuButton[name=null, text='', selected=false, enabled=true, visible=true, showing=false]
              se.cambiosys.client.framework.menueditor.internal.InitializingMenuItem[name=null, text='Process view', selected=false, enabled=true, visible=true, showing=false]
                se.cambiosys.client.framework.core.internal.CambioShortcutMenuButton[name=null, text='', selected=false, enabled=true, visible=true, showing=false]
              se.cambiosys.client.framework.menueditor.internal.InitializingMenuItem[name=null, text='Dynamic overviews - Administration', selected=false, enabled=true, visible=true, showing=false]
                se.cambiosys.client.framework.core.internal.CambioShortcutMenuButton[name=null, text='', selected=false, enabled=true, visible=true, showing=false]
              se.cambiosys.client.framework.components.CambioMenu[name=null, text='Dynamic overviews', selected=false, enabled=true, visible=true, showing=false]
                javax.swing.JPopupMenu[name=null, label=null, enabled=true, visible=false, showing=false]
                  se.cambiosys.client.overviewmodule.Module$8(se.cambiosys.client.framework.components.CambioMenuItem)[name=null, text='All views*', selected=false, enabled=true, visible=true, showing=false]
                    se.cambiosys.client.framework.core.internal.CambioShortcutMenuButton[name=null, text='', selected=false, enabled=true, visible=true, showing=false]
                  se.cambiosys.client.overviewmodule.Module$8(se.cambiosys.client.framework.components.CambioMenuItem)[name=null, text='Doctor*', selected=false, enabled=true, visible=true, showing=false]
                    se.cambiosys.client.framework.core.internal.CambioShortcutMenuButton[name=null, text='', selected=false, enabled=true, visible=true, showing=false]
                  se.cambiosys.client.overviewmodule.Module$8(se.cambiosys.client.framework.components.CambioMenuItem)[name=null, text='Inpatient*', selected=false, enabled=true, visible=true, showing=false]
                    se.cambiosys.client.framework.core.internal.CambioShortcutMenuButton[name=null, text='', selected=false, enabled=true, visible=true, showing=false]
                  se.cambiosys.client.overviewmodule.Module$8(se.cambiosys.client.framework.components.CambioMenuItem)[name=null, text='Patient*', selected=false, enabled=true, visible=true, showing=false]
                    se.cambiosys.client.framework.core.internal.CambioShortcutMenuButton[name=null, text='', selected=false, enabled=true, visible=true, showing=false]
              se.cambiosys.client.framework.menueditor.internal.InitializingMenuItem[name=null, text='Patient Overview', selected=false, enabled=true, visible=true, showing=false]
                se.cambiosys.client.framework.core.internal.CambioShortcutMenuButton[name=null, text='', selected=false, enabled=true, visible=true, showing=false]
              se.cambiosys.client.framework.menueditor.internal.InitializingMenuItem[name=null, text='Analyse Area', selected=false, enabled=true, visible=true, showing=false]
                se.cambiosys.client.framework.core.internal.CambioShortcutMenuButton[name=null, text='', selected=false, enabled=true, visible=true, showing=false]
              se.cambiosys.client.framework.menueditor.internal.InitializingMenuItem[name=null, text='My Overview', selected=false, enabled=true, visible=true, showing=false]
                se.cambiosys.client.framework.core.internal.CambioShortcutMenuButton[name=null, text='', selected=false, enabled=true, visible=true, showing=false]
              se.cambiosys.client.framework.menueditor.internal.InitializingMenuItem[name=null, text='Management Overview', selected=false, enabled=true, visible=true, showing=false]
                se.cambiosys.client.framework.core.internal.CambioShortcutMenuButton[name=null, text='', selected=false, enabled=true, visible=true, showing=false]
              se.cambiosys.client.framework.menueditor.internal.InitializingMenuItem[name=null, text='List of visits', selected=false, enabled=true, visible=true, showing=false]
                se.cambiosys.client.framework.core.internal.CambioShortcutMenuButton[name=null, text='', selected=false, enabled=true, visible=true, showing=false]
              se.cambiosys.client.framework.menueditor.internal.InitializingMenuItem[name=null, text='Connection Overview', selected=false, enabled=true, visible=true, showing=false]
                se.cambiosys.client.framework.core.internal.CambioShortcutMenuButton[name=null, text='', selected=false, enabled=true, visible=true, showing=false]
              se.cambiosys.client.framework.components.CambioMenu[name=null, text='Unit overview-Administration', selected=false, enabled=true, visible=true, showing=false]
                javax.swing.JPopupMenu[name=null, label=null, enabled=true, visible=false, showing=false]
                  se.cambiosys.client.framework.components.CambioMenu[name=null, text='Priority configuration', selected=false, enabled=true, visible=true, showing=false]
                    javax.swing.JPopupMenu[name=null, label=null, enabled=true, visible=false, showing=false]
                      se.cambiosys.client.framework.menueditor.internal.InitializingMenuItem[name=null, text='Loading...', selected=false, enabled=true, visible=true, showing=false]
                        se.cambiosys.client.framework.core.internal.CambioShortcutMenuButton[name=null, text='', selected=false, enabled=true, visible=true, showing=false]
                      se.cambiosys.client.framework.menueditor.internal.InitializingMenuItem[name=null, text='Loading...', selected=false, enabled=true, visible=true, showing=false]
                        se.cambiosys.client.framework.core.internal.CambioShortcutMenuButton[name=null, text='', selected=false, enabled=true, visible=true, showing=false]
                  se.cambiosys.client.framework.components.CambioMenu[name=null, text='OW Configuration', selected=false, enabled=true, visible=true, showing=false]
                    javax.swing.JPopupMenu[name=null, label=null, enabled=true, visible=false, showing=false]
                      se.cambiosys.client.framework.menueditor.internal.InitializingMenuItem[name=null, text='Loading...', selected=false, enabled=true, visible=true, showing=false]
                        se.cambiosys.client.framework.core.internal.CambioShortcutMenuButton[name=null, text='', selected=false, enabled=true, visible=true, showing=false]
                      se.cambiosys.client.framework.menueditor.internal.InitializingMenuItem[name=null, text='Loading...', selected=false, enabled=true, visible=true, showing=false]
                        se.cambiosys.client.framework.core.internal.CambioShortcutMenuButton[name=null, text='', selected=false, enabled=true, visible=true, showing=false]
                      se.cambiosys.client.framework.menueditor.internal.InitializingMenuItem[name=null, text='Loading...', selected=false, enabled=true, visible=true, showing=false]
                        se.cambiosys.client.framework.core.internal.CambioShortcutMenuButton[name=null, text='', selected=false, enabled=true, visible=true, showing=false]
                  se.cambiosys.client.framework.menueditor.internal.InitializingMenuItem[name=null, text='Loading...', selected=false, enabled=true, visible=true, showing=false]
                    se.cambiosys.client.framework.core.internal.CambioShortcutMenuButton[name=null, text='', selected=false, enabled=true, visible=true, showing=false]
          se.cambiosys.client.framework.components.CambioMenu[name=null, text='Messenger', selected=false, enabled=true, visible=true, showing=true]
            javax.swing.JPopupMenu[name=null, label=null, enabled=true, visible=false, showing=false]
              se.cambiosys.client.framework.menueditor.internal.InitializingMenuItem[name=null, text='Inbox', selected=false, enabled=true, visible=true, showing=false]
                se.cambiosys.client.framework.core.internal.CambioShortcutMenuButton[name=null, text='', selected=false, enabled=true, visible=true, showing=false]
              se.cambiosys.client.framework.menueditor.internal.InitializingMenuItem[name=null, text='New message', selected=false, enabled=true, visible=true, showing=false]
                se.cambiosys.client.framework.core.internal.CambioShortcutMenuButton[name=null, text='', selected=false, enabled=true, visible=true, showing=false]
              se.cambiosys.client.framework.menueditor.internal.InitializingMenuItem[name=null, text='New broadcast message', selected=false, enabled=true, visible=true, showing=false]
                se.cambiosys.client.framework.core.internal.CambioShortcutMenuButton[name=null, text='', selected=false, enabled=true, visible=true, showing=false]
              se.cambiosys.client.framework.components.CambioMenu[name=null, text='Administration', selected=false, enabled=true, visible=true, showing=false]
                javax.swing.JPopupMenu[name=null, label=null, enabled=true, visible=false, showing=false]
                  se.cambiosys.client.framework.menueditor.internal.InitializingMenuItem[name=null, text='Recipient group', selected=false, enabled=true, visible=true, showing=false]
                    se.cambiosys.client.framework.core.internal.CambioShortcutMenuButton[name=null, text='', selected=false, enabled=true, visible=true, showing=false]
                  se.cambiosys.client.framework.menueditor.internal.InitializingMenuItem[name=null, text='Messenger accounts', selected=false, enabled=true, visible=true, showing=false]
                    se.cambiosys.client.framework.core.internal.CambioShortcutMenuButton[name=null, text='', selected=false, enabled=true, visible=true, showing=false]
                  se.cambiosys.client.framework.menueditor.internal.InitializingMenuItem[name=null, text='Access to other users' Messenger accounts', selected=false, enabled=true, visible=true, showing=false]
                    se.cambiosys.client.framework.core.internal.CambioShortcutMenuButton[name=null, text='', selected=false, enabled=true, visible=true, showing=false]
                  se.cambiosys.client.framework.menueditor.internal.InitializingMenuItem[name=null, text='Out of office administration', selected=false, enabled=true, visible=true, showing=false]
                    se.cambiosys.client.framework.core.internal.CambioShortcutMenuButton[name=null, text='', selected=false, enabled=true, visible=true, showing=false]
          se.cambiosys.client.framework.components.CambioMenu[name=null, text='Administration', selected=false, enabled=true, visible=true, showing=true]
            javax.swing.JPopupMenu[name=null, label=null, enabled=true, visible=false, showing=false]
              se.cambiosys.client.framework.menueditor.internal.InitializingMenuItem[name=null, text='Unit register', selected=false, enabled=true, visible=true, showing=false]
                se.cambiosys.client.framework.core.internal.CambioShortcutMenuButton[name=null, text='', selected=false, enabled=true, visible=true, showing=false]
              se.cambiosys.client.framework.menueditor.internal.InitializingMenuItem[name=null, text='Resources', selected=false, enabled=true, visible=true, showing=false]
                se.cambiosys.client.framework.core.internal.CambioShortcutMenuButton[name=null, text='', selected=false, enabled=true, visible=true, showing=false]
              se.cambiosys.client.framework.components.CambioMenu[name=null, text='Permission', selected=false, enabled=true, visible=true, showing=false]
                javax.swing.JPopupMenu[name=null, label=null, enabled=true, visible=false, showing=false]
                  se.cambiosys.client.framework.menueditor.internal.InitializingMenuItem[name=null, text='Define access', selected=false, enabled=true, visible=true, showing=false]
                    se.cambiosys.client.framework.core.internal.CambioShortcutMenuButton[name=null, text='', selected=false, enabled=true, visible=true, showing=false]
                  se.cambiosys.client.framework.menueditor.internal.InitializingMenuItem[name=null, text='Access overview', selected=false, enabled=true, visible=true, showing=false]
                    se.cambiosys.client.framework.core.internal.CambioShortcutMenuButton[name=null, text='', selected=false, enabled=true, visible=true, showing=false]
                  se.cambiosys.client.framework.menueditor.internal.InitializingMenuItem[name=null, text='Profile manager', selected=false, enabled=true, visible=true, showing=false]
                    se.cambiosys.client.framework.core.internal.CambioShortcutMenuButton[name=null, text='', selected=false, enabled=true, visible=true, showing=false]
              se.cambiosys.client.framework.components.CambioMenu[name=null, text='Settings', selected=false, enabled=true, visible=true, showing=false]
                javax.swing.JPopupMenu[name=null, label=null, enabled=true, visible=false, showing=false]
                  se.cambiosys.client.framework.menueditor.internal.InitializingMenuItem[name=null, text='Log settings', selected=false, enabled=true, visible=true, showing=false]
                    se.cambiosys.client.framework.core.internal.CambioShortcutMenuButton[name=null, text='', selected=false, enabled=true, visible=true, showing=false]
                  se.cambiosys.client.framework.menueditor.internal.InitializingMenuItem[name=null, text='Server settings', selected=false, enabled=true, visible=true, showing=false]
                    se.cambiosys.client.framework.core.internal.CambioShortcutMenuButton[name=null, text='', selected=false, enabled=true, visible=true, showing=false]
                  se.cambiosys.client.framework.menueditor.internal.InitializingMenuItem[name=null, text='Personal settings and selections', selected=false, enabled=true, visible=true, showing=false]
                    se.cambiosys.client.framework.core.internal.CambioShortcutMenuButton[name=null, text='', selected=false, enabled=true, visible=true, showing=false]
                  se.cambiosys.client.framework.menueditor.internal.InitializingMenuItem[name=null, text='Global settings and selections', selected=false, enabled=true, visible=true, showing=false]
                    se.cambiosys.client.framework.core.internal.CambioShortcutMenuButton[name=null, text='', selected=false, enabled=true, visible=true, showing=false]
                  se.cambiosys.client.framework.menueditor.internal.InitializingMenuItem[name=null, text='Settings and selections', selected=false, enabled=true, visible=true, showing=false]
                    se.cambiosys.client.framework.core.internal.CambioShortcutMenuButton[name=null, text='', selected=false, enabled=true, visible=true, showing=false]
                  se.cambiosys.client.framework.menueditor.internal.InitializingMenuItem[name=null, text='Administration nodes', selected=false, enabled=true, visible=true, showing=false]
                    se.cambiosys.client.framework.core.internal.CambioShortcutMenuButton[name=null, text='', selected=false, enabled=true, visible=true, showing=false]
                  se.cambiosys.client.framework.menueditor.internal.InitializingMenuItem[name=null, text='Places', selected=false, enabled=true, visible=true, showing=false]
                    se.cambiosys.client.framework.core.internal.CambioShortcutMenuButton[name=null, text='', selected=false, enabled=true, visible=true, showing=false]
              se.cambiosys.client.framework.menueditor.internal.InitializingMenuItem[name=null, text='User', selected=false, enabled=true, visible=true, showing=false]
                se.cambiosys.client.framework.core.internal.CambioShortcutMenuButton[name=null, text='', selected=false, enabled=true, visible=true, showing=false]
              se.cambiosys.client.framework.menueditor.internal.InitializingMenuItem[name=null, text='Roles', selected=false, enabled=true, visible=true, showing=false]
                se.cambiosys.client.framework.core.internal.CambioShortcutMenuButton[name=null, text='', selected=false, enabled=true, visible=true, showing=false]
              se.cambiosys.client.framework.menueditor.internal.InitializingMenuItem[name=null, text='Type definitions', selected=false, enabled=true, visible=true, showing=false]
                se.cambiosys.client.framework.core.internal.CambioShortcutMenuButton[name=null, text='', selected=false, enabled=true, visible=true, showing=false]
              se.cambiosys.client.framework.components.CambioMenu[name=null, text='Terms & Concept', selected=false, enabled=true, visible=true, showing=false]
                javax.swing.JPopupMenu[name=null, label=null, enabled=true, visible=false, showing=false]
                  se.cambiosys.client.framework.menueditor.internal.InitializingMenuItem[name=null, text='Terms', selected=false, enabled=true, visible=true, showing=false]
                    se.cambiosys.client.framework.core.internal.CambioShortcutMenuButton[name=null, text='', selected=false, enabled=true, visible=true, showing=false]
                  se.cambiosys.client.framework.menueditor.internal.InitializingMenuItem[name=null, text='Concept', selected=false, enabled=true, visible=true, showing=false]
                    se.cambiosys.client.framework.core.internal.CambioShortcutMenuButton[name=null, text='', selected=false, enabled=true, visible=true, showing=false]
              se.cambiosys.client.framework.menueditor.internal.InitializingMenuItem[name=null, text='Ranges', selected=false, enabled=true, visible=true, showing=false]
                se.cambiosys.client.framework.core.internal.CambioShortcutMenuButton[name=null, text='', selected=false, enabled=true, visible=true, showing=false]
              se.cambiosys.client.framework.menueditor.internal.InitializingMenuItem[name=null, text='Reports', selected=false, enabled=true, visible=true, showing=false]
                se.cambiosys.client.framework.core.internal.CambioShortcutMenuButton[name=null, text='', selected=false, enabled=true, visible=true, showing=false]
              se.cambiosys.client.framework.menueditor.internal.InitializingMenuItem[name=null, text='Import reports', selected=false, enabled=true, visible=true, showing=false]
                se.cambiosys.client.framework.core.internal.CambioShortcutMenuButton[name=null, text='', selected=false, enabled=true, visible=true, showing=false]
              se.cambiosys.client.framework.menueditor.internal.InitializingMenuItem[name=null, text='Phrase editor', selected=false, enabled=true, visible=true, showing=false]
                se.cambiosys.client.framework.core.internal.CambioShortcutMenuButton[name=null, text='', selected=false, enabled=true, visible=true, showing=false]
              se.cambiosys.client.framework.components.CambioMenu[name=null, text='Services', selected=false, enabled=true, visible=true, showing=false]
                javax.swing.JPopupMenu[name=null, label=null, enabled=true, visible=false, showing=false]
                  se.cambiosys.client.framework.menueditor.internal.InitializingMenuItem[name=null, text='Services', selected=false, enabled=true, visible=true, showing=false]
                    se.cambiosys.client.framework.core.internal.CambioShortcutMenuButton[name=null, text='', selected=false, enabled=true, visible=true, showing=false]
                  se.cambiosys.client.framework.menueditor.internal.InitializingMenuItem[name=null, text='Offers of the unit', selected=false, enabled=true, visible=true, showing=false]
                    se.cambiosys.client.framework.core.internal.CambioShortcutMenuButton[name=null, text='', selected=false, enabled=true, visible=true, showing=false]
              se.cambiosys.client.framework.menueditor.internal.InitializingMenuItem[name=null, text='Selection', selected=false, enabled=true, visible=true, showing=false]
                se.cambiosys.client.framework.core.internal.CambioShortcutMenuButton[name=null, text='', selected=false, enabled=true, visible=true, showing=false]
              se.cambiosys.client.framework.menueditor.internal.InitializingMenuItem[name=null, text='Printers', selected=false, enabled=true, visible=true, showing=false]
                se.cambiosys.client.framework.core.internal.CambioShortcutMenuButton[name=null, text='', selected=false, enabled=true, visible=true, showing=false]
              se.cambiosys.client.framework.components.CambioMenu[name=null, text='Secrecy administration', selected=false, enabled=true, visible=true, showing=false]
                javax.swing.JPopupMenu[name=null, label=null, enabled=true, visible=false, showing=false]
                  se.cambiosys.client.framework.menueditor.internal.InitializingMenuItem[name=null, text='Secrecy groups', selected=false, enabled=true, visible=true, showing=false]
                    se.cambiosys.client.framework.core.internal.CambioShortcutMenuButton[name=null, text='', selected=false, enabled=true, visible=true, showing=false]
                  se.cambiosys.client.framework.menueditor.internal.InitializingMenuItem[name=null, text='Secrecy level', selected=false, enabled=true, visible=true, showing=false]
                    se.cambiosys.client.framework.core.internal.CambioShortcutMenuButton[name=null, text='', selected=false, enabled=true, visible=true, showing=false]
                  se.cambiosys.client.framework.menueditor.internal.InitializingMenuItem[name=null, text='Secrecy rules', selected=false, enabled=true, visible=true, showing=false]
                    se.cambiosys.client.framework.core.internal.CambioShortcutMenuButton[name=null, text='', selected=false, enabled=true, visible=true, showing=false]
              se.cambiosys.client.framework.menueditor.internal.InitializingMenuItem[name=null, text='Schedule backup', selected=false, enabled=true, visible=true, showing=false]
                se.cambiosys.client.framework.core.internal.CambioShortcutMenuButton[name=null, text='', selected=false, enabled=true, visible=true, showing=false]
              se.cambiosys.client.framework.menueditor.internal.InitializingMenuItem[name=null, text='Template administration', selected=false, enabled=true, visible=true, showing=false]
                se.cambiosys.client.framework.core.internal.CambioShortcutMenuButton[name=null, text='', selected=false, enabled=true, visible=true, showing=false]
              se.cambiosys.client.framework.menueditor.internal.InitializingMenuItem[name=null, text='Printout Handler', selected=false, enabled=true, visible=true, showing=false]
                se.cambiosys.client.framework.core.internal.CambioShortcutMenuButton[name=null, text='', selected=false, enabled=true, visible=true, showing=false]
              se.cambiosys.client.framework.menueditor.internal.InitializingMenuItem[name=null, text='Unit handler', selected=false, enabled=true, visible=true, showing=false]
                se.cambiosys.client.framework.core.internal.CambioShortcutMenuButton[name=null, text='', selected=false, enabled=true, visible=true, showing=false]
              se.cambiosys.client.framework.menueditor.internal.InitializingMenuItem[name=null, text='Access Log', selected=false, enabled=true, visible=true, showing=false]
                se.cambiosys.client.framework.core.internal.CambioShortcutMenuButton[name=null, text='', selected=false, enabled=true, visible=true, showing=false]
              se.cambiosys.client.framework.menueditor.internal.InitializingMenuItem[name=null, text='Configuration of Access Log', selected=false, enabled=true, visible=true, showing=false]
                se.cambiosys.client.framework.core.internal.CambioShortcutMenuButton[name=null, text='', selected=false, enabled=true, visible=true, showing=false]
              se.cambiosys.client.framework.menueditor.internal.InitializingMenuItem[name=null, text='Application logger', selected=false, enabled=true, visible=true, showing=false]
                se.cambiosys.client.framework.core.internal.CambioShortcutMenuButton[name=null, text='', selected=false, enabled=true, visible=true, showing=false]
              se.cambiosys.client.framework.menueditor.internal.InitializingMenuItem[name=null, text='eVisit Configuration', selected=false, enabled=true, visible=true, showing=false]
                se.cambiosys.client.framework.core.internal.CambioShortcutMenuButton[name=null, text='', selected=false, enabled=true, visible=true, showing=false]
              se.cambiosys.client.framework.components.CambioMenu[name=null, text='Order management', selected=false, enabled=true, visible=true, showing=false]
                javax.swing.JPopupMenu[name=null, label=null, enabled=true, visible=false, showing=false]
                  se.cambiosys.client.framework.menueditor.internal.InitializingMenuItem[name=null, text='Catalog administration', selected=false, enabled=true, visible=true, showing=false]
                    se.cambiosys.client.framework.core.internal.CambioShortcutMenuButton[name=null, text='', selected=false, enabled=true, visible=true, showing=false]
                  se.cambiosys.client.framework.menueditor.internal.InitializingMenuItem[name=null, text='File administration', selected=false, enabled=true, visible=true, showing=false]
                    se.cambiosys.client.framework.core.internal.CambioShortcutMenuButton[name=null, text='', selected=false, enabled=true, visible=true, showing=false]
                  se.cambiosys.client.framework.menueditor.internal.InitializingMenuItem[name=null, text='Secrecy administration', selected=false, enabled=true, visible=true, showing=false]
                    se.cambiosys.client.framework.core.internal.CambioShortcutMenuButton[name=null, text='', selected=false, enabled=true, visible=true, showing=false]
                  se.cambiosys.client.framework.menueditor.internal.InitializingMenuItem[name=null, text='Groups/packages/profiles', selected=false, enabled=true, visible=true, showing=false]
                    se.cambiosys.client.framework.core.internal.CambioShortcutMenuButton[name=null, text='', selected=false, enabled=true, visible=true, showing=false]
                  se.cambiosys.client.framework.menueditor.internal.InitializingMenuItem[name=null, text='Sorting orders', selected=false, enabled=true, visible=true, showing=false]
                    se.cambiosys.client.framework.core.internal.CambioShortcutMenuButton[name=null, text='', selected=false, enabled=true, visible=true, showing=false]
                  se.cambiosys.client.framework.menueditor.internal.InitializingMenuItem[name=null, text='Local analyses', selected=false, enabled=true, visible=true, showing=false]
                    se.cambiosys.client.framework.core.internal.CambioShortcutMenuButton[name=null, text='', selected=false, enabled=true, visible=true, showing=false]
                  se.cambiosys.client.framework.menueditor.internal.InitializingMenuItem[name=null, text='Label printer', selected=false, enabled=true, visible=true, showing=false]
                    se.cambiosys.client.framework.core.internal.CambioShortcutMenuButton[name=null, text='', selected=false, enabled=true, visible=true, showing=false]
              se.cambiosys.client.framework.menueditor.internal.InitializingMenuItem[name=null, text='Configure Y-axis for Clinical Parameter', selected=false, enabled=true, visible=true, showing=false]
                se.cambiosys.client.framework.core.internal.CambioShortcutMenuButton[name=null, text='', selected=false, enabled=true, visible=true, showing=false]
              se.cambiosys.client.framework.components.CambioMenu[name=null, text='Visits and admissions', selected=false, enabled=true, visible=true, showing=false]
                javax.swing.JPopupMenu[name=null, label=null, enabled=true, visible=false, showing=false]
                  se.cambiosys.client.framework.menueditor.internal.InitializingMenuItem[name=null, text='Create new visit / admission', selected=false, enabled=true, visible=true, showing=false]
                    se.cambiosys.client.framework.core.internal.CambioShortcutMenuButton[name=null, text='', selected=false, enabled=true, visible=true, showing=false]
                  se.cambiosys.client.framework.menueditor.internal.InitializingMenuItem[name=null, text='Edit visit / admission', selected=false, enabled=true, visible=true, showing=false]
                    se.cambiosys.client.framework.core.internal.CambioShortcutMenuButton[name=null, text='', selected=false, enabled=true, visible=true, showing=false]
              se.cambiosys.client.framework.components.CambioMenu[name=null, text='Publishing', selected=false, enabled=true, visible=true, showing=false]
                javax.swing.JPopupMenu[name=null, label=null, enabled=true, visible=false, showing=false]
                  se.cambiosys.client.framework.menueditor.internal.InitializingMenuItem[name=null, text='Mining', selected=false, enabled=true, visible=true, showing=false]
                    se.cambiosys.client.framework.core.internal.CambioShortcutMenuButton[name=null, text='', selected=false, enabled=true, visible=true, showing=false]
                  se.cambiosys.client.framework.menueditor.internal.InitializingMenuItem[name=null, text='Error management', selected=false, enabled=true, visible=true, showing=false]
                    se.cambiosys.client.framework.core.internal.CambioShortcutMenuButton[name=null, text='', selected=false, enabled=true, visible=true, showing=false]
              se.cambiosys.client.framework.menueditor.internal.InitializingMenuItem[name=null, text='CCP Filter Configuration', selected=false, enabled=true, visible=true, showing=false]
                se.cambiosys.client.framework.core.internal.CambioShortcutMenuButton[name=null, text='', selected=false, enabled=true, visible=true, showing=false]
              se.cambiosys.client.framework.menueditor.internal.InitializingMenuItem[name=null, text='Menu editor', selected=false, enabled=true, visible=true, showing=false]
                se.cambiosys.client.framework.core.internal.CambioShortcutMenuButton[name=null, text='', selected=false, enabled=true, visible=true, showing=false]
              se.cambiosys.client.framework.menueditor.internal.InitializingMenuItem[name=null, text='Script', selected=false, enabled=true, visible=true, showing=false]
                se.cambiosys.client.framework.core.internal.CambioShortcutMenuButton[name=null, text='', selected=false, enabled=true, visible=true, showing=false]
              se.cambiosys.client.framework.components.CambioMenu[name=null, text='Spell Check', selected=false, enabled=true, visible=true, showing=false]
                javax.swing.JPopupMenu[name=null, label=null, enabled=true, visible=false, showing=false]
                  se.cambiosys.client.framework.menueditor.internal.InitializingMenuItem[name=null, text='Settings', selected=false, enabled=true, visible=true, showing=false]
                    se.cambiosys.client.framework.core.internal.CambioShortcutMenuButton[name=null, text='', selected=false, enabled=true, visible=true, showing=false]
                  se.cambiosys.client.framework.menueditor.internal.InitializingMenuItem[name=null, text='User dictionary', selected=false, enabled=true, visible=true, showing=false]
                    se.cambiosys.client.framework.core.internal.CambioShortcutMenuButton[name=null, text='', selected=false, enabled=true, visible=true, showing=false]
                  se.cambiosys.client.framework.menueditor.internal.InitializingMenuItem[name=null, text='Global dictionary', selected=false, enabled=true, visible=true, showing=false]
                    se.cambiosys.client.framework.core.internal.CambioShortcutMenuButton[name=null, text='', selected=false, enabled=true, visible=true, showing=false]
          se.cambiosys.client.framework.components.CambioMenu[name=null, text='Child Healthcare', selected=false, enabled=true, visible=true, showing=true]
            javax.swing.JPopupMenu[name=null, label=null, enabled=true, visible=false, showing=false]
              se.cambiosys.client.framework.menueditor.internal.InitializingMenuItem[name=null, text='Print Child Healthcare data', selected=false, enabled=true, visible=true, showing=false]
                se.cambiosys.client.framework.core.internal.CambioShortcutMenuButton[name=null, text='', selected=false, enabled=true, visible=true, showing=false]
          se.cambiosys.client.framework.components.CambioMenu[name=null, text='Medication', selected=false, enabled=true, visible=true, showing=true]
            javax.swing.JPopupMenu[name=null, label=null, enabled=true, visible=false, showing=false]
              se.cambiosys.client.framework.components.CambioMenu[name=null, text='Administration', selected=false, enabled=true, visible=true, showing=false]
                javax.swing.JPopupMenu[name=null, label=null, enabled=true, visible=false, showing=false]
                  se.cambiosys.client.framework.menueditor.internal.InitializingMenuItem[name=null, text='Sent e-recipe overview', selected=false, enabled=true, visible=true, showing=false]
                    se.cambiosys.client.framework.core.internal.CambioShortcutMenuButton[name=null, text='', selected=false, enabled=true, visible=true, showing=false]
                  se.cambiosys.client.framework.menueditor.internal.InitializingMenuItem[name=null, text='Catalogue administration', selected=false, enabled=true, visible=true, showing=false]
                    se.cambiosys.client.framework.core.internal.CambioShortcutMenuButton[name=null, text='', selected=false, enabled=true, visible=true, showing=false]
                  se.cambiosys.client.framework.menueditor.internal.InitializingMenuItem[name=null, text='Unit Times and Medicine Cabinet', selected=false, enabled=true, visible=true, showing=false]
                    se.cambiosys.client.framework.core.internal.CambioShortcutMenuButton[name=null, text='', selected=false, enabled=true, visible=true, showing=false]
                  se.cambiosys.client.framework.menueditor.internal.InitializingMenuItem[name=null, text='Order basis for vaccine', selected=false, enabled=true, visible=true, showing=false]
                    se.cambiosys.client.framework.core.internal.CambioShortcutMenuButton[name=null, text='', selected=false, enabled=true, visible=true, showing=false]
              se.cambiosys.client.framework.components.CambioMenu[name=null, text='New prescription', selected=false, enabled=true, visible=true, showing=false]
                javax.swing.JPopupMenu[name=null, label=null, enabled=true, visible=false, showing=false]
                  se.cambiosys.client.framework.menueditor.internal.InitializingMenuItem[name=null, text='Drug', selected=false, enabled=true, visible=true, showing=false]
                    se.cambiosys.client.framework.core.internal.CambioShortcutMenuButton[name=null, text='', selected=false, enabled=true, visible=true, showing=false]
                  se.cambiosys.client.framework.menueditor.internal.InitializingMenuItem[name=null, text='Nutrition product', selected=false, enabled=true, visible=true, showing=false]
                    se.cambiosys.client.framework.core.internal.CambioShortcutMenuButton[name=null, text='', selected=false, enabled=true, visible=true, showing=false]
                  se.cambiosys.client.framework.menueditor.internal.InitializingMenuItem[name=null, text='Consumable', selected=false, enabled=true, visible=true, showing=false]
                    se.cambiosys.client.framework.core.internal.CambioShortcutMenuButton[name=null, text='', selected=false, enabled=true, visible=true, showing=false]
              se.cambiosys.client.framework.components.CambioMenu[name=null, text='Lists', selected=false, enabled=true, visible=true, showing=false]
                javax.swing.JPopupMenu[name=null, label=null, enabled=true, visible=false, showing=false]
                  se.cambiosys.client.framework.menueditor.internal.InitializingMenuItem[name=null, text='Drugs', selected=false, enabled=true, visible=true, showing=false]
                    se.cambiosys.client.framework.core.internal.CambioShortcutMenuButton[name=null, text='', selected=false, enabled=true, visible=true, showing=false]
                  se.cambiosys.client.framework.menueditor.internal.InitializingMenuItem[name=null, text='Nutritions', selected=false, enabled=true, visible=true, showing=false]
                    se.cambiosys.client.framework.core.internal.CambioShortcutMenuButton[name=null, text='', selected=false, enabled=true, visible=true, showing=false]
                  se.cambiosys.client.framework.menueditor.internal.InitializingMenuItem[name=null, text='Consumables', selected=false, enabled=true, visible=true, showing=false]
                    se.cambiosys.client.framework.core.internal.CambioShortcutMenuButton[name=null, text='', selected=false, enabled=true, visible=true, showing=false]
                  se.cambiosys.client.framework.menueditor.internal.InitializingMenuItem[name=null, text='Vaccination list', selected=false, enabled=true, visible=true, showing=false]
                    se.cambiosys.client.framework.core.internal.CambioShortcutMenuButton[name=null, text='', selected=false, enabled=true, visible=true, showing=false]
                  se.cambiosys.client.framework.menueditor.internal.InitializingMenuItem[name=null, text='Recipe overview', selected=false, enabled=true, visible=true, showing=false]
                    se.cambiosys.client.framework.core.internal.CambioShortcutMenuButton[name=null, text='', selected=false, enabled=true, visible=true, showing=false]
              se.cambiosys.client.framework.menueditor.internal.InitializingMenuItem[name=null, text='Nurse view', selected=false, enabled=true, visible=true, showing=false]
                se.cambiosys.client.framework.core.internal.CambioShortcutMenuButton[name=null, text='', selected=false, enabled=true, visible=true, showing=false]
          se.cambiosys.client.framework.components.CambioMenu[name=null, text='Theatre', selected=false, enabled=true, visible=true, showing=true]
            javax.swing.JPopupMenu[name=null, label=null, enabled=true, visible=false, showing=false]
              se.cambiosys.client.framework.menueditor.internal.InitializingMenuItem[name=null, text='Create theatre registration', selected=false, enabled=true, visible=true, showing=false]
                se.cambiosys.client.framework.core.internal.CambioShortcutMenuButton[name=null, text='', selected=false, enabled=true, visible=true, showing=false]
              se.cambiosys.client.framework.menueditor.internal.InitializingMenuItem[name=null, text='Operation list', selected=false, enabled=true, visible=true, showing=false]
                se.cambiosys.client.framework.core.internal.CambioShortcutMenuButton[name=null, text='', selected=false, enabled=true, visible=true, showing=false]
              se.cambiosys.client.framework.menueditor.internal.InitializingMenuItem[name=null, text='Planning schedule', selected=false, enabled=true, visible=true, showing=false]
                se.cambiosys.client.framework.core.internal.CambioShortcutMenuButton[name=null, text='', selected=false, enabled=true, visible=true, showing=false]
              se.cambiosys.client.framework.menueditor.internal.InitializingMenuItem[name=null, text='Schedule overview', selected=false, enabled=true, visible=true, showing=false]
                se.cambiosys.client.framework.core.internal.CambioShortcutMenuButton[name=null, text='', selected=false, enabled=true, visible=true, showing=false]
              se.cambiosys.client.framework.menueditor.internal.InitializingMenuItem[name=null, text='Live Schedule', selected=false, enabled=true, visible=true, showing=false]
                se.cambiosys.client.framework.core.internal.CambioShortcutMenuButton[name=null, text='', selected=false, enabled=true, visible=true, showing=false]
              se.cambiosys.client.framework.components.CambioMenu[name=null, text='Administration', selected=false, enabled=true, visible=true, showing=false]
                javax.swing.JPopupMenu[name=null, label=null, enabled=true, visible=false, showing=false]
                  se.cambiosys.client.framework.menueditor.internal.InitializingMenuItem[name=null, text='Templates for Anaesthetic, Th.record, Recovery', selected=false, enabled=true, visible=true, showing=false]
                    se.cambiosys.client.framework.core.internal.CambioShortcutMenuButton[name=null, text='', selected=false, enabled=true, visible=true, showing=false]
                  se.cambiosys.client.framework.menueditor.internal.InitializingMenuItem[name=null, text='Basic templates for Th. registration', selected=false, enabled=true, visible=true, showing=false]
                    se.cambiosys.client.framework.core.internal.CambioShortcutMenuButton[name=null, text='', selected=false, enabled=true, visible=true, showing=false]
                  se.cambiosys.client.framework.menueditor.internal.InitializingMenuItem[name=null, text='Templates for Waypoints', selected=false, enabled=true, visible=true, showing=false]
                    se.cambiosys.client.framework.core.internal.CambioShortcutMenuButton[name=null, text='', selected=false, enabled=true, visible=true, showing=false]
                  se.cambiosys.client.framework.menueditor.internal.InitializingMenuItem[name=null, text='Theatre suite administration', selected=false, enabled=true, visible=true, showing=false]
                    se.cambiosys.client.framework.core.internal.CambioShortcutMenuButton[name=null, text='', selected=false, enabled=true, visible=true, showing=false]
                  se.cambiosys.client.framework.menueditor.internal.InitializingMenuItem[name=null, text='Medical priority', selected=false, enabled=true, visible=true, showing=false]
                    se.cambiosys.client.framework.core.internal.CambioShortcutMenuButton[name=null, text='', selected=false, enabled=true, visible=true, showing=false]
                  se.cambiosys.client.framework.menueditor.internal.InitializingMenuItem[name=null, text='Keyword mapping', selected=false, enabled=true, visible=true, showing=false]
                    se.cambiosys.client.framework.core.internal.CambioShortcutMenuButton[name=null, text='', selected=false, enabled=true, visible=true, showing=false]
                  se.cambiosys.client.framework.menueditor.internal.InitializingMenuItem[name=null, text='Create theatres', selected=false, enabled=true, visible=true, showing=false]
                    se.cambiosys.client.framework.core.internal.CambioShortcutMenuButton[name=null, text='', selected=false, enabled=true, visible=true, showing=false]
                  se.cambiosys.client.framework.menueditor.internal.InitializingMenuItem[name=null, text='Global filters', selected=false, enabled=true, visible=true, showing=false]
                    se.cambiosys.client.framework.core.internal.CambioShortcutMenuButton[name=null, text='', selected=false, enabled=true, visible=true, showing=false]
                  se.cambiosys.client.framework.menueditor.internal.InitializingMenuItem[name=null, text='Activity lists', selected=false, enabled=true, visible=true, showing=false]
                    se.cambiosys.client.framework.core.internal.CambioShortcutMenuButton[name=null, text='', selected=false, enabled=true, visible=true, showing=false]
                  se.cambiosys.client.framework.menueditor.internal.InitializingMenuItem[name=null, text='Templates for Th. registration', selected=false, enabled=true, visible=true, showing=false]
                    se.cambiosys.client.framework.core.internal.CambioShortcutMenuButton[name=null, text='', selected=false, enabled=true, visible=true, showing=false]
                  se.cambiosys.client.framework.menueditor.internal.InitializingMenuItem[name=null, text='Colour configuration', selected=false, enabled=true, visible=true, showing=false]
                    se.cambiosys.client.framework.core.internal.CambioShortcutMenuButton[name=null, text='', selected=false, enabled=true, visible=true, showing=false]
                  se.cambiosys.client.framework.menueditor.internal.InitializingMenuItem[name=null, text='Surgical Unit Administration', selected=false, enabled=true, visible=true, showing=false]
                    se.cambiosys.client.framework.core.internal.CambioShortcutMenuButton[name=null, text='', selected=false, enabled=true, visible=true, showing=false]
                  se.cambiosys.client.framework.menueditor.internal.InitializingMenuItem[name=null, text='Code Packages', selected=false, enabled=true, visible=true, showing=false]
                    se.cambiosys.client.framework.core.internal.CambioShortcutMenuButton[name=null, text='', selected=false, enabled=true, visible=true, showing=false]
          se.cambiosys.client.framework.components.CambioMenu[name=null, text='Order management', selected=false, enabled=true, visible=true, showing=true]
            javax.swing.JPopupMenu[name=null, label=null, enabled=true, visible=false, showing=false]
              se.cambiosys.client.framework.menueditor.internal.InitializingMenuItem[name=null, text='Request', selected=false, enabled=true, visible=true, showing=false]
                se.cambiosys.client.framework.core.internal.CambioShortcutMenuButton[name=null, text='', selected=false, enabled=true, visible=true, showing=false]
              se.cambiosys.client.framework.menueditor.internal.InitializingMenuItem[name=null, text='Specimen collection', selected=false, enabled=true, visible=true, showing=false]
                se.cambiosys.client.framework.core.internal.CambioShortcutMenuButton[name=null, text='', selected=false, enabled=true, visible=true, showing=false]
              se.cambiosys.client.framework.menueditor.internal.InitializingMenuItem[name=null, text='Radiology Request', selected=false, enabled=true, visible=true, showing=false]
                se.cambiosys.client.framework.core.internal.CambioShortcutMenuButton[name=null, text='', selected=false, enabled=true, visible=true, showing=false]
              se.cambiosys.client.framework.menueditor.internal.InitializingMenuItem[name=null, text='Unsent Radiology Request', selected=false, enabled=true, visible=true, showing=false]
                se.cambiosys.client.framework.core.internal.CambioShortcutMenuButton[name=null, text='', selected=false, enabled=true, visible=true, showing=false]
              se.cambiosys.client.framework.menueditor.internal.InitializingMenuItem[name=null, text='Request status', selected=false, enabled=true, visible=true, showing=false]
                se.cambiosys.client.framework.core.internal.CambioShortcutMenuButton[name=null, text='', selected=false, enabled=true, visible=true, showing=false]
              se.cambiosys.client.framework.menueditor.internal.InitializingMenuItem[name=null, text='Local analyses input', selected=false, enabled=true, visible=true, showing=false]
                se.cambiosys.client.framework.core.internal.CambioShortcutMenuButton[name=null, text='', selected=false, enabled=true, visible=true, showing=false]
              se.cambiosys.client.framework.menueditor.internal.InitializingMenuItem[name=null, text='Result inbox', selected=false, enabled=true, visible=true, showing=false]
                se.cambiosys.client.framework.core.internal.CambioShortcutMenuButton[name=null, text='', selected=false, enabled=true, visible=true, showing=false]
              se.cambiosys.client.framework.menueditor.internal.InitializingMenuItem[name=null, text='Test result', selected=false, enabled=true, visible=true, showing=false]
                se.cambiosys.client.framework.core.internal.CambioShortcutMenuButton[name=null, text='', selected=false, enabled=true, visible=true, showing=false]
              se.cambiosys.client.framework.menueditor.internal.InitializingMenuItem[name=null, text='Radiology Report', selected=false, enabled=true, visible=true, showing=false]
                se.cambiosys.client.framework.core.internal.CambioShortcutMenuButton[name=null, text='', selected=false, enabled=true, visible=true, showing=false]
              se.cambiosys.client.framework.menueditor.internal.InitializingMenuItem[name=null, text='Manual input', selected=false, enabled=true, visible=true, showing=false]
                se.cambiosys.client.framework.core.internal.CambioShortcutMenuButton[name=null, text='', selected=false, enabled=true, visible=true, showing=false]
              se.cambiosys.client.framework.components.CambioMenu[name=null, text='Administration', selected=false, enabled=true, visible=true, showing=false]
                javax.swing.JPopupMenu[name=null, label=null, enabled=true, visible=false, showing=false]
                  se.cambiosys.client.framework.menueditor.internal.InitializingMenuItem[name=null, text='Sketch administration', selected=false, enabled=true, visible=true, showing=false]
                    se.cambiosys.client.framework.core.internal.CambioShortcutMenuButton[name=null, text='', selected=false, enabled=true, visible=true, showing=false]
                  se.cambiosys.client.framework.menueditor.internal.InitializingMenuItem[name=null, text='Pathology request templates', selected=false, enabled=true, visible=true, showing=false]
                    se.cambiosys.client.framework.core.internal.CambioShortcutMenuButton[name=null, text='', selected=false, enabled=true, visible=true, showing=false]
              se.cambiosys.client.framework.menueditor.internal.InitializingMenuItem[name=null, text='Signed Radiology Request ', selected=false, enabled=true, visible=true, showing=false]
                se.cambiosys.client.framework.core.internal.CambioShortcutMenuButton[name=null, text='', selected=false, enabled=true, visible=true, showing=false]
          se.cambiosys.client.framework.components.CambioMenu[name=null, text='Medical record', selected=false, enabled=true, visible=true, showing=true]
            javax.swing.JPopupMenu[name=null, label=null, enabled=true, visible=false, showing=false]
              se.cambiosys.client.framework.components.CambioMenu[name=null, text='Medical record table', selected=false, enabled=true, visible=true, showing=false]
                javax.swing.JPopupMenu[name=null, label=null, enabled=true, visible=false, showing=false]
                  se.cambiosys.client.framework.menueditor.internal.InitializingMenuItem[name=null, text='Administration of templates for medical record tables', selected=false, enabled=true, visible=true, showing=false]
                    se.cambiosys.client.framework.core.internal.CambioShortcutMenuButton[name=null, text='', selected=false, enabled=true, visible=true, showing=false]
                  se.cambiosys.client.framework.menueditor.internal.InitializingMenuItem[name=null, text='New medical record table', selected=false, enabled=false, visible=true, showing=false]
                    se.cambiosys.client.framework.core.internal.CambioShortcutMenuButton[name=null, text='', selected=false, enabled=true, visible=true, showing=false]
              se.cambiosys.client.framework.menueditor.internal.InitializingMenuItem[name=null, text='Medical record', selected=false, enabled=true, visible=true, showing=false]
                se.cambiosys.client.framework.core.internal.CambioShortcutMenuButton[name=null, text='', selected=false, enabled=true, visible=true, showing=false]
              se.cambiosys.client.framework.menueditor.internal.InitializingMenuItem[name=null, text='New note', selected=false, enabled=true, visible=true, showing=false]
                se.cambiosys.client.framework.core.internal.CambioShortcutMenuButton[name=null, text='', selected=false, enabled=true, visible=true, showing=false]
              se.cambiosys.client.framework.menueditor.internal.InitializingMenuItem[name=null, text='New form', selected=false, enabled=true, visible=true, showing=false]
                se.cambiosys.client.framework.core.internal.CambioShortcutMenuButton[name=null, text='', selected=false, enabled=true, visible=true, showing=false]
              se.cambiosys.client.framework.menueditor.internal.InitializingMenuItem[name=null, text='New care plan note', selected=false, enabled=false, visible=false, showing=false]
                se.cambiosys.client.framework.core.internal.CambioShortcutMenuButton[name=null, text='', selected=false, enabled=true, visible=true, showing=false]
              se.cambiosys.client.framework.menueditor.internal.InitializingMenuItem[name=null, text='Observation', selected=false, enabled=true, visible=true, showing=false]
                se.cambiosys.client.framework.core.internal.CambioShortcutMenuButton[name=null, text='', selected=false, enabled=true, visible=true, showing=false]
              se.cambiosys.client.framework.menueditor.internal.InitializingMenuItem[name=null, text='Graphic view', selected=false, enabled=true, visible=true, showing=false]
                se.cambiosys.client.framework.core.internal.CambioShortcutMenuButton[name=null, text='', selected=false, enabled=true, visible=true, showing=false]
              se.cambiosys.client.framework.menueditor.internal.InitializingMenuItem[name=null, text='List of activities', selected=false, enabled=true, visible=true, showing=false]
                se.cambiosys.client.framework.core.internal.CambioShortcutMenuButton[name=null, text='', selected=false, enabled=true, visible=true, showing=false]
              se.cambiosys.client.framework.components.CambioMenu[name=null, text='Administration', selected=false, enabled=true, visible=true, showing=false]
[...]
                  se.cambiosys.client.framework.subjectofcare.internal.group.gui.GroupSOCSelectedPanel[name='Subjectofcare.GroupSOCPanel.selectedPanel']
                    se.cambiosys.client.framework.components.CambioLabel[name='SubjectGroupSOCSelectedPanel.detailLabel', text='', enabled=true, visible=true, showing=false]
                    se.cambiosys.client.framework.subjectofcare.internal.group.gui.GroupDetailsPanel[name='SubjectGroupSOCSelectedPanel.groupDetailsPanel']
                      se.cambiosys.client.framework.components.CambioLabel[name='Subjectofcare.GroupDetailsPanel.groupSizeLabel', text='', enabled=true, visible=true, showing=false]
                      se.cambiosys.client.framework.components.CambioLabel[name='Subjectofcare.GroupDetailsPanel.groupNameLabel', text='', enabled=true, visible=true, showing=false]
                      se.cambiosys.client.framework.components.CambioLabel[name='Subjectofcare.GroupDetailsPanel.dummyLabel', text='', enabled=true, visible=true, showing=false]
                    se.cambiosys.client.framework.subjectofcare.CambioPatientBannerButton[name='SubjectGroupSOCSelectedPanel.clearButton', text='Clear', enabled=true, visible=true, showing=false]
                    se.cambiosys.client.framework.subjectofcare.CambioPatientBannerButton[name='SubjectGroupSOCSelectedPanel.toggleButton', text='', enabled=true, visible=true, showing=false]
            se.cambiosys.client.framework.core.internal.gui.SecurityStatusComponent[name=null]
          se.cambiosys.client.framework.components.CambioSplitPane[,0,62,2880x1469,invalid,layout=javax.swing.plaf.basic.BasicSplitPaneUI$BasicHorizontalLayoutManager,alignmentX=0.0,alignmentY=0.0,border=javax.swing.plaf.synth.SynthBorder@3d9f4d7e,flags=201326920,maximumSize=,minimumSize=,preferredSize=,continuousLayout=false,dividerSize=2,lastDividerLocation=-1,oneTouchExpandable=false,orientation=HORIZONTAL_SPLIT]
            javax.swing.plaf.synth.SynthSplitPaneDivider[,200,0,2x1469,layout=javax.swing.plaf.basic.BasicSplitPaneDivider$DividerLayout]
            se.cambiosys.client.framework.core.internal.gui.SidebarPanel[name=null]
              se.cambiosys.client.framework.components.CambioPanel[name=null]
                se.cambiosys.client.framework.core.internal.gui.ShortcutContainerPanel[name=null]
                  se.cambiosys.client.framework.components.CambioPanel[name=null]
                    se.cambiosys.client.framework.components.CambioPanel[name=null]
                      javax.swing.JLabel[name=null, text='MY SHORTCUTS', enabled=true, visible=true, showing=true]
                    se.cambiosys.client.framework.core.internal.gui.ShortcutContainerPanel$2(se.cambiosys.client.framework.components.CambioPanel)[name=null]
                  se.cambiosys.client.framework.components.CambioPanel[name=null]
                    se.cambiosys.client.framework.components.CambioScrollPane[name=null, enabled=true, visible=true, showing=true]
                      javax.swing.JViewport[,0,0,191x663,layout=javax.swing.ViewportLayout,alignmentX=0.0,alignmentY=0.0,border=,flags=25165832,maximumSize=,minimumSize=,preferredSize=,isViewSizeSet=true,lastPaintPosition=java.awt.Point[x=0,y=0],scrollUnderway=false]
                        se.cambiosys.client.framework.core.internal.gui.ScrollableContainerPanel[name=null]
                          se.cambiosys.client.framework.core.internal.gui.OpenedWindowPanel[name=null]
                            se.cambiosys.client.framework.core.internal.gui.OpenedWindowPanel$2(javax.swing.JToggleButton)[name=null, text='Order', selected=false, enabled=false, visible=true, showing=true]
                            se.cambiosys.client.framework.components.CambioPanel[name=null]
                              javax.swing.JButton[name=null, text='', enabled=false, visible=false, showing=false]
                      javax.swing.JScrollPane$ScrollBar[name=null, value=0, blockIncrement=10, minimum=0, maximum=663, enabled=true, visible=false, showing=false]
                        javax.swing.plaf.synth.SynthScrollBarUI$2(javax.swing.plaf.synth.SynthArrowButton)[name='ScrollBar.button', text='', enabled=true, visible=true, showing=false]
                        javax.swing.plaf.synth.SynthScrollBarUI$1(javax.swing.plaf.synth.SynthArrowButton)[name='ScrollBar.button', text='', enabled=true, visible=true, showing=false]
                      javax.swing.JScrollPane$ScrollBar[name=null, value=0, blockIncrement=10, minimum=0, maximum=191, enabled=true, visible=false, showing=false]
                        javax.swing.plaf.synth.SynthScrollBarUI$2(javax.swing.plaf.synth.SynthArrowButton)[name='ScrollBar.button', text='', enabled=true, visible=true, showing=false]
                        javax.swing.plaf.synth.SynthScrollBarUI$1(javax.swing.plaf.synth.SynthArrowButton)[name='ScrollBar.button', text='', enabled=true, visible=true, showing=false]
                    se.cambiosys.client.framework.core.internal.gui.ShortcutContainerPanel$1(se.cambiosys.client.framework.components.CambioPanel)[name=null]
                se.cambiosys.client.framework.components.CambioPanel[name=null]
                  javax.swing.JSeparator[,0,0,191x3,alignmentX=0.0,alignmentY=0.0,border=javax.swing.plaf.synth.SynthBorder@64c4e2a9,flags=0,maximumSize=,minimumSize=,preferredSize=,orientation=HORIZONTAL]
                  se.cambiosys.client.framework.core.internal.gui.SidebarPanel$1(se.cambiosys.client.framework.components.CambioPanel)[name=null]
                se.cambiosys.client.framework.core.internal.gui.OpenedWindowsContainerPanel[name=null]
                  se.cambiosys.client.framework.components.CambioPanel[name=null]
                    se.cambiosys.client.framework.components.CambioScrollPane[name=null, enabled=true, visible=true, showing=true]
                      javax.swing.JViewport[,0,0,191x640,layout=javax.swing.ViewportLayout,alignmentX=0.0,alignmentY=0.0,border=,flags=25165832,maximumSize=,minimumSize=,preferredSize=,isViewSizeSet=true,lastPaintPosition=java.awt.Point[x=0,y=0],scrollUnderway=false]
                        se.cambiosys.client.framework.core.internal.gui.ScrollableContainerPanel[name=null]
                      javax.swing.JScrollPane$ScrollBar[name=null, value=0, blockIncrement=10, minimum=0, maximum=640, enabled=true, visible=false, showing=false]
                        javax.swing.plaf.synth.SynthScrollBarUI$2(javax.swing.plaf.synth.SynthArrowButton)[name='ScrollBar.button', text='', enabled=true, visible=true, showing=false]
                        javax.swing.plaf.synth.SynthScrollBarUI$1(javax.swing.plaf.synth.SynthArrowButton)[name='ScrollBar.button', text='', enabled=true, visible=true, showing=false]
                      javax.swing.JScrollPane$ScrollBar[name=null, value=0, blockIncrement=10, minimum=0, maximum=191, enabled=true, visible=false, showing=false]
                        javax.swing.plaf.synth.SynthScrollBarUI$2(javax.swing.plaf.synth.SynthArrowButton)[name='ScrollBar.button', text='', enabled=true, visible=true, showing=false]
                        javax.swing.plaf.synth.SynthScrollBarUI$1(javax.swing.plaf.synth.SynthArrowButton)[name='ScrollBar.button', text='', enabled=true, visible=true, showing=false]
                    se.cambiosys.client.framework.core.internal.gui.OpenedWindowsContainerPanel$1(se.cambiosys.client.framework.components.CambioPanel)[name=null]
                  se.cambiosys.client.framework.components.CambioPanel[name=null]
                    se.cambiosys.client.framework.components.CambioCheckBox[name=null, text='Keep windows', selected=true, enabled=true, visible=true, showing=true]
                    se.cambiosys.client.framework.core.internal.multimonitor.MultiMonitorComponent[name=null, text='', enabled=true, visible=true, showing=true]
              se.cambiosys.client.framework.components.notification.plugin.gui.NotificationPluginComponent[name=null]
                se.cambiosys.client.framework.components.progress.CambioBusyLabel[name=null, text='', enabled=true, visible=true, showing=true]
              se.cambiosys.client.framework.core.internal.gui.SideBarBottomPanel[name=null]
                se.cambiosys.client.framework.subjectofcare.gui.CambioClickablePatientBannerButton[name=null, text='', enabled=true, visible=true, showing=true]
                se.cambiosys.client.framework.subjectofcare.gui.CambioClickablePatientBannerButton[name=null, text='', enabled=true, visible=true, showing=true]
                se.cambiosys.client.framework.subjectofcare.gui.CambioClickablePatientBannerButton[name=null, text='', enabled=true, visible=true, showing=true]
                se.cambiosys.client.framework.subjectofcare.gui.CambioClickablePatientBannerButton[name=null, text='', enabled=true, visible=true, showing=true]
                se.cambiosys.client.framework.components.CambioLabel[name='Table.cellRenderer', text='', enabled=true, visible=true, showing=true]
            se.cambiosys.client.framework.components.CambioDesktopPane[]
              javax.swing.JLabel[name=null, text='', enabled=true, visible=true, showing=true]
        se.cambiosys.client.framework.core.internal.gui.ScreenSaverPanel[name=null]
          se.cambiosys.client.framework.components.CambioLabel[name='Table.cellRenderer', text=' ', enabled=true, visible=true, showing=false]
        se.cambiosys.client.framework.core.internal.gui.ScreenSaverLoginPanel[name=null]
        se.cambiosys.client.framework.core.internal.gui.NoPermissionPanel[name=null]
          se.cambiosys.client.framework.core.internal.gui.NoPermissionPanel$1(javax.swing.JPanel)[name=null]
            se.cambiosys.client.framework.components.CambioPanel[name=null]
              se.cambiosys.client.framework.core.internal.gui.NoPermissionPanel$3(se.cambiosys.client.framework.components.CambioLabel)[name='Table.cellRenderer', text='or if the user is inactivated by the system administrator. Click OK to login again.', enabled=true, visible=true, showing=false]
              se.cambiosys.client.framework.components.CambioPanel[name=null]
              se.cambiosys.client.framework.components.CambioButton[name=null, text='OK', enabled=true, visible=true, showing=false]
              se.cambiosys.client.framework.core.internal.gui.NoPermissionPanel$2(se.cambiosys.client.framework.components.CambioLabel)[name='Table.cellRenderer', text='You have been logged out from this computer. This happens if the same user log in to another computer', enabled=true, visible=true, showing=false]
      de.javasoft.plaf.synthetica.SyntheticaTitlePane[name='RootPane.titlePane']
        javax.swing.JButton[name='RootPane.titlePane.menuButton', text='', enabled=true, visible=true, showing=true]
        javax.swing.JLabel[name='RootPane.title', text=' ', enabled=true, visible=true, showing=true]
        javax.swing.JLabel[name='RootPane.menuBar', text=' ', enabled=true, visible=false, showing=false]
        javax.swing.JButton[name='RootPane.titlePane.iconifyButton', text=null, enabled=true, visible=true, showing=true]
        javax.swing.JButton[name='RootPane.titlePane.toggleButton', text=null, enabled=true, visible=true, showing=true]
        javax.swing.JButton[name='RootPane.titlePane.closeButton', text=null, enabled=true, visible=true, showing=true]
  se.cambiosys.client.framework.subjectofcare.internal.group.gui.GroupSOCSelectedPanel$ExtendedGroupBannerDialog[name='dialog2', title=null, enabled=true, modal=false, visible=false, showing=false]
    javax.swing.JRootPane[]
      javax.swing.JPanel[name='null.glassPane']
      javax.swing.JLayeredPane[]
        javax.swing.JPanel[name='null.contentPane']
          se.cambiosys.client.framework.subjectofcare.internal.group.gui.ExtendedGroupBannerPanel[name='SubjectGroupSOCSelectedPanel.groupBannerPanel']
            se.cambiosys.client.framework.components.CambioScrollPane[name='Subjectofcare.ExtendedGroupBannerPanel.scrollPane', enabled=true, visible=true, showing=false]
              javax.swing.JViewport[,0,0,0x0,invalid,layout=javax.swing.ViewportLayout,alignmentX=0.0,alignmentY=0.0,border=,flags=25165824,maximumSize=,minimumSize=,preferredSize=,isViewSizeSet=false,lastPaintPosition=,scrollUnderway=false]
                se.cambiosys.client.framework.subjectofcare.internal.group.gui.ExtendedGroupBannerPanel$1(se.cambiosys.client.framework.components.CambioTextPane)[name='Subjectofcare.ExtendedGroupBannerPanel.textPane', text='<html>
  <head>

  </head>
  <body>
    <p style="margin-top: 0">
      
    </p>
  </body>
</html>
', enabled=true, visible=true, showing=false]
              javax.swing.JScrollPane$ScrollBar[name=null, value=0, blockIncrement=10, minimum=0, maximum=100, enabled=true, visible=true, showing=false]
                javax.swing.plaf.synth.SynthScrollBarUI$2(javax.swing.plaf.synth.SynthArrowButton)[name='ScrollBar.button', text='', enabled=true, visible=true, showing=false]
                javax.swing.plaf.synth.SynthScrollBarUI$1(javax.swing.plaf.synth.SynthArrowButton)[name='ScrollBar.button', text='', enabled=true, visible=true, showing=false]
              javax.swing.JScrollPane$ScrollBar[name=null, value=0, blockIncrement=10, minimum=0, maximum=100, enabled=true, visible=true, showing=false]
                javax.swing.plaf.synth.SynthScrollBarUI$2(javax.swing.plaf.synth.SynthArrowButton)[name='ScrollBar.button', text='', enabled=true, visible=true, showing=false]
                javax.swing.plaf.synth.SynthScrollBarUI$1(javax.swing.plaf.synth.SynthArrowButton)[name='ScrollBar.button', text='', enabled=true, visible=true, showing=false]
            se.cambiosys.client.framework.components.CambioPanel[name='Subjectofcare.ExtendedGroupBannerPanel.buttonPanel']
              se.cambiosys.client.framework.components.CambioButton[name='Subjectofcare.ExtendedGroupBannerPanel.btnGroupCard', text='Group card', enabled=true, visible=true, showing=false]
  se.cambiosys.client.framework.subjectofcare.internal.gui.ExtendedPatientBannerDialog[name='Patients.PatientSOCSelectedPanel.PatientSOCSelectedPanel', title=null, enabled=true, modal=false, visible=false, showing=false]
    javax.swing.JRootPane[]
      javax.swing.JPanel[name='null.glassPane']
      javax.swing.JLayeredPane[]
        javax.swing.JPanel[name='null.contentPane']
          se.cambiosys.client.framework.subjectofcare.internal.gui.ExtendedPatientBannerPanel[name='Patients.PatientSOCSelectedPanel.PatientSOCSelectedPanel']
            se.cambiosys.client.framework.components.CambioScrollPane[name='Subjectofcare.ExtendedPatientBannerPanel.scrollPane', enabled=true, visible=true, showing=false]
              javax.swing.JViewport[,0,0,0x0,invalid,layout=javax.swing.ViewportLayout,alignmentX=0.0,alignmentY=0.0,border=,flags=25165824,maximumSize=,minimumSize=,preferredSize=,isViewSizeSet=false,lastPaintPosition=,scrollUnderway=false]
                se.cambiosys.client.framework.subjectofcare.internal.gui.ExtendedPatientBannerPanel$1(se.cambiosys.client.framework.components.CambioTextPane)[name='Subjectofcare.ExtendedPatientBannerPanel.textPane', text='<html>
  <head>

  </head>
  <body>
    <p style="margin-top: 0">
      
    </p>
  </body>
</html>
', enabled=true, visible=true, showing=false]
              javax.swing.JScrollPane$ScrollBar[name=null, value=0, blockIncrement=10, minimum=0, maximum=100, enabled=true, visible=true, showing=false]
                javax.swing.plaf.synth.SynthScrollBarUI$2(javax.swing.plaf.synth.SynthArrowButton)[name='ScrollBar.button', text='', enabled=true, visible=true, showing=false]
                javax.swing.plaf.synth.SynthScrollBarUI$1(javax.swing.plaf.synth.SynthArrowButton)[name='ScrollBar.button', text='', enabled=true, visible=true, showing=false]
              javax.swing.JScrollPane$ScrollBar[name=null, value=0, blockIncrement=10, minimum=0, maximum=100, enabled=true, visible=true, showing=false]
                javax.swing.plaf.synth.SynthScrollBarUI$2(javax.swing.plaf.synth.SynthArrowButton)[name='ScrollBar.button', text='', enabled=true, visible=true, showing=false]
                javax.swing.plaf.synth.SynthScrollBarUI$1(javax.swing.plaf.synth.SynthArrowButton)[name='ScrollBar.button', text='', enabled=true, visible=true, showing=false]
            se.cambiosys.client.framework.components.CambioPanel[name='Subjectofcare.ExtendedPatientBannerPanel.buttonPanel']
              se.cambiosys.client.framework.components.CambioButton[name='Subjectofcare.ExtendedPatientBannerPanel.btnPatientCard', text='Patient card', enabled=true, visible=true, showing=false]

at se.cambio.test.taf.element.desktop.elementbase.core.BaseElement.handleComponentLookUpException(BaseElement.java:288)
at se.cambio.test.taf.element.desktop.elementbase.core.BaseJMenuItem.<init>(BaseJMenuItem.java:72)
at se.cambio.test.taf.element.desktop.elementbase.core.BaseJMenu.selectMenu(BaseJMenu.java:45)
at se.cambio.test.taf.element.desktop.element.JMenu.selectCosmicMenu(JMenu.java:33)
at se.cambio.test.taf.element.desktop.DesktopContainerLocator.selectMenu(DesktopContainerLocator.java:206)
at se.cambio.test.taf.element.desktop.PageObject.selectMenu(PageObject.java:449)
at se.cambio.qa.panels.CosmicCDECommonHeaderPanel.headerPanel_NavigateToMenu(CosmicCDECommonHeaderPanel.java:109)
at se.cambio.qa.panels.CosmicCDECommonHeaderPanel.landing_mb_navigate_region_membership_section(CosmicCDECommonHeaderPanel.java:345)
at se.cambio.qa.pages.CosmicCDECommonLandingPage.landing_mb_navigate_region_membership_section(CosmicCDECommonLandingPage.java:394)
at se.cambio.qa.dev.MbSampleTest.step_mb_region_membership(MbSampleTest.java:20)
at sun.reflect.NativeMethodAccessorImpl.invoke0(Native Method)
at sun.reflect.NativeMethodAccessorImpl.invoke(NativeMethodAccessorImpl.java:62)
at sun.reflect.DelegatingMethodAccessorImpl.invoke(DelegatingMethodAccessorImpl.java:43)
at java.lang.reflect.Method.invoke(Method.java:498)
at org.testng.internal.MethodInvocationHelper.invokeMethod(MethodInvocationHelper.java:124)
at org.testng.internal.Invoker.invokeMethod(Invoker.java:583)
at org.testng.internal.Invoker.invokeTestMethod(Invoker.java:719)
at org.testng.internal.Invoker.invokeTestMethods(Invoker.java:989)
at org.testng.internal.TestMethodWorker.invokeTestMethods(TestMethodWorker.java:125)
at org.testng.internal.TestMethodWorker.run(TestMethodWorker.java:109)
at org.testng.TestRunner.privateRun(TestRunner.java:648)
at org.testng.TestRunner.run(TestRunner.java:505)
at org.testng.SuiteRunner.runTest(SuiteRunner.java:455)
at org.testng.SuiteRunner.runSequentially(SuiteRunner.java:450)
at org.testng.SuiteRunner.privateRun(SuiteRunner.java:415)
at org.testng.SuiteRunner.run(SuiteRunner.java:364)
at org.testng.SuiteRunnerWorker.runSuite(SuiteRunnerWorker.java:52)
at org.testng.SuiteRunnerWorker.run(SuiteRunnerWorker.java:84)
at org.testng.TestNG.runSuitesSequentially(TestNG.java:1208)
at org.testng.TestNG.runSuitesLocally(TestNG.java:1137)
at org.testng.TestNG.runSuites(TestNG.java:1049)
at org.testng.TestNG.run(TestNG.java:1017)
at se.cambio.test.runner.framework.executor.impl.local.TestNgTestExecutor.runTestSuite(TestNgTestExecutor.java:53)
at se.cambio.test.runner.framework.executor.impl.local.TestNgTestExecutor.execute(TestNgTestExecutor.java:37)
at se.cambio.test.runner.framework.runner.DelegatingTestRunner.run(DelegatingTestRunner.java:34)
... 30 more
]]>
            </full-stacktrace>
          </exception> <!-- java.lang.RuntimeException -->
          <reporter-output>
            <line>
              <![CDATA[login_SuccessfulLogin]]>
            </line>
          </reporter-output>
        </test-method> <!-- step_mb_region_membership -->
      </class> <!-- se.cambio.qa.dev.MbSampleTest -->
    </test> <!-- Unit Test Execution Coverage -->
  </suite> <!-- Unit Test Suite -->
</testng-results>
