<?xml version="1.0" encoding="UTF-8" ?>
<testsuite tests="1" failures="1" name="TestSuite" time="68.928" errors="0" skipped="0">
  <properties>
[...]
</properties>
  <testcase classname="se.cambio.qa.dev.AS_UNIT_01_01Test" name="test_cosmic_as_attention_signal_open_attention_signal_create_new_ContagiousDisease_Type" time="66.457">
    <failure message="se.cambio.test.taf.core.exception.ApplicationException: Component not found on the active window. Unexpected window open. 
Component: se.cambiosys.client.framework.components.CambioButton[,5,58,56x21,alignmentX=0.0,alignmentY=0.5,border=javax.swing.plaf.synth.SynthBorder@7996d0d4,flags=416,maximumSize=,minimumSize=,preferredSize=,defaultIcon=,disabledIcon=,disabledSelectedIcon=,margin=java.awt.Insets[top=2,left=10,bottom=2,right=10],paintBorder=true,paintFocus=true,pressedIcon=,rolloverEnabled=true,rolloverIcon=,rolloverSelectedIcon=,selectedIcon=,text=New...,defaultCapable=true]
Currently Active Window: Information" type="java.lang.RuntimeException">java.lang.RuntimeException: se.cambio.test.taf.core.exception.ApplicationException: Component not found on the active window. Unexpected window open. 
Component: se.cambiosys.client.framework.components.CambioButton[,5,58,56x21,alignmentX=0.0,alignmentY=0.5,border=javax.swing.plaf.synth.SynthBorder@7996d0d4,flags=416,maximumSize=,minimumSize=,preferredSize=,defaultIcon=,disabledIcon=,disabledSelectedIcon=,margin=java.awt.Insets[top=2,left=10,bottom=2,right=10],paintBorder=true,paintFocus=true,pressedIcon=,rolloverEnabled=true,rolloverIcon=,rolloverSelectedIcon=,selectedIcon=,text=New...,defaultCapable=true]
Currently Active Window: Information
	at se.cambio.test.runner.framework.runner.DelegatingTestRunner.run(DelegatingTestRunner.java:38)
	at org.testng.internal.MethodInvocationHelper.invokeHookable(MethodInvocationHelper.java:242)
	at org.testng.internal.Invoker.invokeMethod(Invoker.java:579)
	at org.testng.internal.Invoker.invokeTestMethod(Invoker.java:719)
	at org.testng.internal.Invoker.invokeTestMethods(Invoker.java:989)
	at org.testng.internal.TestMethodWorker.invokeTestMethods(TestMethodWorker.java:125)
	at org.testng.internal.TestMethodWorker.run(TestMethodWorker.java:109)
	at org.testng.TestRunner.privateRun(TestRunner.java:648)
	at org.testng.TestRunner.run(TestRunner.java:505)
	at org.testng.SuiteRunner.runTest(SuiteRunner.java:455)
	at org.testng.SuiteRunner.runSequentially(SuiteRunner.java:450)
	at org.testng.SuiteRunner.privateRun(SuiteRunner.java:415)
	at org.testng.SuiteRunner.run(SuiteRunner.java:364)
	at org.testng.SuiteRunnerWorker.runSuite(SuiteRunnerWorker.java:52)
	at org.testng.SuiteRunnerWorker.run(SuiteRunnerWorker.java:84)
	at org.testng.TestNG.runSuitesSequentially(TestNG.java:1208)
	at org.testng.TestNG.runSuitesLocally(TestNG.java:1137)
	at org.testng.TestNG.runSuites(TestNG.java:1049)
	at org.testng.TestNG.run(TestNG.java:1017)
	at org.apache.maven.surefire.testng.TestNGExecutor.run(TestNGExecutor.java:72)
	at org.apache.maven.surefire.testng.TestNGXmlTestSuite.execute(TestNGXmlTestSuite.java:88)
	at org.apache.maven.surefire.testng.TestNGProvider.invoke(TestNGProvider.java:101)
	at sun.reflect.NativeMethodAccessorImpl.invoke0(Native Method)
	at sun.reflect.NativeMethodAccessorImpl.invoke(NativeMethodAccessorImpl.java:62)
	at sun.reflect.DelegatingMethodAccessorImpl.invoke(DelegatingMethodAccessorImpl.java:43)
	at java.lang.reflect.Method.invoke(Method.java:498)
	at org.apache.maven.surefire.booter.ProviderFactory$ClassLoaderProxy.invoke(ProviderFactory.java:103)
	at com.sun.proxy.$Proxy0.invoke(Unknown Source)
	at org.apache.maven.surefire.booter.SurefireStarter.invokeProvider(SurefireStarter.java:150)
	at org.apache.maven.surefire.booter.SurefireStarter.runSuitesInProcess(SurefireStarter.java:91)
	at org.apache.maven.surefire.booter.ForkedBooter.main(ForkedBooter.java:69)
Caused by: se.cambio.test.taf.core.exception.ApplicationException: Component not found on the active window. Unexpected window open. 
Component: se.cambiosys.client.framework.components.CambioButton[,5,58,56x21,alignmentX=0.0,alignmentY=0.5,border=javax.swing.plaf.synth.SynthBorder@7996d0d4,flags=416,maximumSize=,minimumSize=,preferredSize=,defaultIcon=,disabledIcon=,disabledSelectedIcon=,margin=java.awt.Insets[top=2,left=10,bottom=2,right=10],paintBorder=true,paintFocus=true,pressedIcon=,rolloverEnabled=true,rolloverIcon=,rolloverSelectedIcon=,selectedIcon=,text=New...,defaultCapable=true]
Currently Active Window: Information
	at se.cambio.test.taf.element.desktop.elementbase.core.BaseElement.verifyComponentIsInActiveWindow(BaseElement.java:319)
	at se.cambio.test.taf.element.desktop.elementbase.core.BaseAbstractButton.&lt;init&gt;(BaseAbstractButton.java:146)
	at se.cambio.test.taf.element.desktop.element.JButton.&lt;init&gt;(JButton.java:41)
	at se.cambio.test.taf.element.desktop.element.JButton.findBy(JButton.java:63)
	at se.cambio.test.taf.element.desktop.DesktopContainerLocator.button(DesktopContainerLocator.java:38)
	at se.cambio.qa.as.pages.CosmicASAttentionSignalPage.step_as_attention_signal_perform_new_button(CosmicASAttentionSignalPage.java:106)
	at se.cambio.qa.dev.AS_UNIT_01_01Test.test_cosmic_as_attention_signal_open_attention_signal_create_new_ContagiousDisease_Type(AS_UNIT_01_01Test.java:23)
	at sun.reflect.NativeMethodAccessorImpl.invoke0(Native Method)
	at sun.reflect.NativeMethodAccessorImpl.invoke(NativeMethodAccessorImpl.java:62)
	at sun.reflect.DelegatingMethodAccessorImpl.invoke(DelegatingMethodAccessorImpl.java:43)
	at java.lang.reflect.Method.invoke(Method.java:498)
	at org.testng.internal.MethodInvocationHelper.invokeMethod(MethodInvocationHelper.java:124)
	at org.testng.internal.Invoker.invokeMethod(Invoker.java:583)
	at org.testng.internal.Invoker.invokeTestMethod(Invoker.java:719)
	at org.testng.internal.Invoker.invokeTestMethods(Invoker.java:989)
	at org.testng.internal.TestMethodWorker.invokeTestMethods(TestMethodWorker.java:125)
	at org.testng.internal.TestMethodWorker.run(TestMethodWorker.java:109)
	at org.testng.TestRunner.privateRun(TestRunner.java:648)
	at org.testng.TestRunner.run(TestRunner.java:505)
	at org.testng.SuiteRunner.runTest(SuiteRunner.java:455)
	at org.testng.SuiteRunner.runSequentially(SuiteRunner.java:450)
	at org.testng.SuiteRunner.privateRun(SuiteRunner.java:415)
	at org.testng.SuiteRunner.run(SuiteRunner.java:364)
	at org.testng.SuiteRunnerWorker.runSuite(SuiteRunnerWorker.java:52)
	at org.testng.SuiteRunnerWorker.run(SuiteRunnerWorker.java:84)
	at org.testng.TestNG.runSuitesSequentially(TestNG.java:1208)
	at org.testng.TestNG.runSuitesLocally(TestNG.java:1137)
	at org.testng.TestNG.runSuites(TestNG.java:1049)
	at org.testng.TestNG.run(TestNG.java:1017)
	at se.cambio.test.runner.framework.executor.impl.local.TestNgTestExecutor.runTestSuite(TestNgTestExecutor.java:53)
	at se.cambio.test.runner.framework.executor.impl.local.TestNgTestExecutor.execute(TestNgTestExecutor.java:37)
	at se.cambio.test.runner.framework.runner.DelegatingTestRunner.run(DelegatingTestRunner.java:34)
	... 30 more
Caused by: se.cambio.test.taf.core.exception.ApplicationException: Component not found on the active window. Unexpected window open. 
Component: se.cambiosys.client.framework.components.CambioButton[,5,58,56x21,alignmentX=0.0,alignmentY=0.5,border=javax.swing.plaf.synth.SynthBorder@7996d0d4,flags=416,maximumSize=,minimumSize=,preferredSize=,defaultIcon=,disabledIcon=,disabledSelectedIcon=,margin=java.awt.Insets[top=2,left=10,bottom=2,right=10],paintBorder=true,paintFocus=true,pressedIcon=,rolloverEnabled=true,rolloverIcon=,rolloverSelectedIcon=,selectedIcon=,text=New...,defaultCapable=true]
Currently Active Window: Information
	at se.cambio.test.taf.element.desktop.elementbase.core.BaseElement.verifyComponentIsInActiveWindow(BaseElement.java:319)
	at se.cambio.test.taf.element.desktop.elementbase.core.BaseAbstractButton.&lt;init&gt;(BaseAbstractButton.java:146)
	at se.cambio.test.taf.element.desktop.element.JButton.&lt;init&gt;(JButton.java:41)
	at se.cambio.test.taf.element.desktop.element.JButton.findBy(JButton.java:63)
	at se.cambio.test.taf.element.desktop.DesktopContainerLocator.button(DesktopContainerLocator.java:38)
	at se.cambio.qa.as.pages.CosmicASAttentionSignalPage.step_as_attention_signal_perform_new_button(CosmicASAttentionSignalPage.java:106)
	at se.cambio.qa.dev.AS_UNIT_01_01Test.test_cosmic_as_attention_signal_open_attention_signal_create_new_ContagiousDisease_Type(AS_UNIT_01_01Test.java:23)
	at sun.reflect.NativeMethodAccessorImpl.invoke0(Native Method)
	at sun.reflect.NativeMethodAccessorImpl.invoke(NativeMethodAccessorImpl.java:62)
	at sun.reflect.DelegatingMethodAccessorImpl.invoke(DelegatingMethodAccessorImpl.java:43)
	at java.lang.reflect.Method.invoke(Method.java:498)
	at org.testng.internal.MethodInvocationHelper.invokeMethod(MethodInvocationHelper.java:124)
	at org.testng.internal.Invoker.invokeMethod(Invoker.java:583)
	at org.testng.internal.Invoker.invokeTestMethod(Invoker.java:719)
	at org.testng.internal.Invoker.invokeTestMethods(Invoker.java:989)
	at org.testng.internal.TestMethodWorker.invokeTestMethods(TestMethodWorker.java:125)
	at org.testng.internal.TestMethodWorker.run(TestMethodWorker.java:109)
	at org.testng.TestRunner.privateRun(TestRunner.java:648)
	at org.testng.TestRunner.run(TestRunner.java:505)
	at org.testng.SuiteRunner.runTest(SuiteRunner.java:455)
	at org.testng.SuiteRunner.runSequentially(SuiteRunner.java:450)
	at org.testng.SuiteRunner.privateRun(SuiteRunner.java:415)
	at org.testng.SuiteRunner.run(SuiteRunner.java:364)
	at org.testng.SuiteRunnerWorker.runSuite(SuiteRunnerWorker.java:52)
	at org.testng.SuiteRunnerWorker.run(SuiteRunnerWorker.java:84)
	at org.testng.TestNG.runSuitesSequentially(TestNG.java:1208)
	at org.testng.TestNG.runSuitesLocally(TestNG.java:1137)
	at org.testng.TestNG.runSuites(TestNG.java:1049)
	at org.testng.TestNG.run(TestNG.java:1017)
	at se.cambio.test.runner.framework.executor.impl.local.TestNgTestExecutor.runTestSuite(TestNgTestExecutor.java:53)
	at se.cambio.test.runner.framework.executor.impl.local.TestNgTestExecutor.execute(TestNgTestExecutor.java:37)
	at se.cambio.test.runner.framework.runner.DelegatingTestRunner.run(DelegatingTestRunner.java:34)
	... 30 more
</failure>
    <system-out>@HL
@HL-------------------------------------------------------
@HL T E S T S
@HL-------------------------------------------------------
@SLRunning TestSuite
log4j: reset attribute= &quot;false&quot;.
log4j: Threshold =&quot;null&quot;.
log4j: Retreiving an instance of org.apache.log4j.Logger.
log4j: Setting [com.cambio.qa.web.suite] additivity to [true].
log4j: Class name: [org.apache.log4j.FileAppender]
log4j: Setting property [file] to [info.log].
log4j: Parsing layout of class: &quot;org.apache.log4j.PatternLayout&quot;
log4j: Setting property [conversionPattern] to [%-5p | %d{yyyy-MM-dd HH:mm:ss} | [%t] %C{2} (%F:%L) - %m%n].
log4j: Setting property [levelMin] to [DEBUG].
log4j: Setting property [levelMax] to [INFO].
log4j: Setting property [acceptOnMatch] to [true].
log4j: Adding filter of type [class org.apache.log4j.varia.LevelRangeFilter] to appender named [info-log].
log4j: setFile called: info.log, true
log4j: setFile ended
log4j: Adding appender named [info-log] to category [com.cambio.qa.web.suite].
log4j: Class name: [org.apache.log4j.FileAppender]
log4j: Setting property [append] to [false].
log4j: Setting property [file] to [error.log].
log4j: Parsing layout of class: &quot;org.apache.log4j.PatternLayout&quot;
log4j: Setting property [conversionPattern] to [%-5p | %d{yyyy-MM-dd HH:mm:ss} | [%t] %C{2} (%F:%L) - %m%n].
log4j: Setting property [levelMin] to [WARN].
log4j: Setting property [levelMax] to [FATAL].
log4j: Setting property [acceptOnMatch] to [true].
log4j: Adding filter of type [class org.apache.log4j.varia.LevelRangeFilter] to appender named [error-log].
log4j: setFile called: error.log, false
log4j: setFile ended
log4j: Adding appender named [error-log] to category [com.cambio.qa.web.suite].
log4j: Level value for root is  [debug].
log4j: root level set to DEBUG
log4j: Class name: [org.apache.log4j.ConsoleAppender]
log4j: Setting property [target] to [System.out].
log4j: Parsing layout of class: &quot;org.apache.log4j.PatternLayout&quot;
log4j: Setting property [conversionPattern] to [%-5p | %d{yyyy-MM-dd HH:mm:ss} | [%t] %C{2} (%F:%L) - %m%n].
log4j: Setting property [levelMin] to [INFO].
log4j: Setting property [levelMax] to [INFO].
log4j: Setting property [acceptOnMatch] to [true].
log4j: Adding filter of type [class org.apache.log4j.varia.LevelRangeFilter] to appender named [console].
log4j: Adding appender named [console] to category [root].
--- All Test Execution Started ---
INFO  | 2019-03-13 16:41:18 | [main] runner.DelegatingTestRunner (DelegatingTestRunner.java:61) - 

--------------------- Starting a New Test Suite Run ----------------------
--- Starting : test_cosmic_as_attention_signal_open_attention_signal_create_new_ContagiousDisease_Type

name = chrome
driver = webdriver.chrome.driver
location = chromedriver.exe
os-type = Windows
grid-mode = OFF
headless-mode = OFF
embedded-mode = ON
app-mode = GUI
dashboard = OFF

spider_jboss_server = CSLK-AFTSP-81-2
spider_jboss_port = 14099
spider_jboss_service_name = JBoss_TeamCI_LEO_AFT_R81_Spider_140
ix3_jboss_server = CSLK-AFTIX-81-2
ix3_jboss_servicename = TeamCI_LEO_Cosmic
ix3_jboss_deployments_folder = \\\\CSLK-AFTIX-81-2\\e$\\ix3\\TeamCI_LEO\\instance\\Cosmic\\standalone\\deployments

protocol = http
server = puppies.herokuapp.com
port = 
directory = 
page = 
application-path = C:\\AFTSetup\\Task_2\\R8P1_AFT_LEO\\Client

implicit = 8000
script = 2000
pageload = 10000
env-timeout = 3000
16:41:20,573 |-INFO in ch.qos.logback.classic.LoggerContext[default] - Could NOT find resource [logback.groovy]
16:41:20,575 |-INFO in ch.qos.logback.classic.LoggerContext[default] - Could NOT find resource [logback-test.xml]
16:41:20,576 |-INFO in ch.qos.logback.classic.LoggerContext[default] - Found resource [logback.xml] at [file:/D:/CTAFProject/team-projects/process-support/Client/Application/framework/config/logback.xml]
16:41:20,773 |-INFO in ch.qos.logback.classic.joran.action.ConfigurationAction - debug attribute not set
16:41:20,805 |-ERROR in ch.qos.logback.core.joran.action.PropertyAction - In &lt;property&gt; element, either the &quot;file&quot; attribute alone, or the &quot;resource&quot; element alone, or both the &quot;name&quot; and &quot;value&quot; attributes must be set.
16:41:20,806 |-INFO in ch.qos.logback.core.joran.action.AppenderAction - About to instantiate appender of type [ch.qos.logback.core.ConsoleAppender]
16:41:20,810 |-INFO in ch.qos.logback.core.joran.action.AppenderAction - Naming appender as [STDOUT]
16:41:21,093 |-WARN in ch.qos.logback.core.ConsoleAppender[STDOUT] - This appender no longer admits a layout as a sub-component, set an encoder instead.
16:41:21,094 |-WARN in ch.qos.logback.core.ConsoleAppender[STDOUT] - To ensure compatibility, wrapping your layout in LayoutWrappingEncoder.
16:41:21,094 |-WARN in ch.qos.logback.core.ConsoleAppender[STDOUT] - See also http://logback.qos.ch/codes.html#layoutInsteadOfEncoder for details
16:41:21,095 |-INFO in ch.qos.logback.core.joran.action.AppenderAction - About to instantiate appender of type [ch.qos.logback.core.rolling.RollingFileAppender]
16:41:21,099 |-INFO in ch.qos.logback.core.joran.action.AppenderAction - Naming appender as [LOG-FILE]
16:41:21,218 |-INFO in c.q.l.core.rolling.TimeBasedRollingPolicy - No compression will be used
16:41:21,250 |-INFO in c.q.l.core.rolling.TimeBasedRollingPolicy - Will use the pattern CosmicUserHome_IS_UNDEFINED/log/old/log.%d{yyyyMMdd}_%i.txt for the active file
16:41:21,260 |-INFO in ch.qos.logback.core.rolling.SizeAndTimeBasedFNATP@2445445a - The date pattern is &apos;yyyyMMdd&apos; from file name pattern &apos;CosmicUserHome_IS_UNDEFINED/log/old/log.%d{yyyyMMdd}_%i.txt&apos;.
16:41:21,260 |-INFO in ch.qos.logback.core.rolling.SizeAndTimeBasedFNATP@2445445a - Roll-over at midnight.
16:41:21,267 |-INFO in ch.qos.logback.core.rolling.SizeAndTimeBasedFNATP@2445445a - Setting initial period to Wed Mar 06 15:07:32 IST 2019
16:41:21,271 |-WARN in ch.qos.logback.core.rolling.RollingFileAppender[LOG-FILE] - This appender no longer admits a layout as a sub-component, set an encoder instead.
16:41:21,271 |-WARN in ch.qos.logback.core.rolling.RollingFileAppender[LOG-FILE] - To ensure compatibility, wrapping your layout in LayoutWrappingEncoder.
16:41:21,271 |-WARN in ch.qos.logback.core.rolling.RollingFileAppender[LOG-FILE] - See also http://logback.qos.ch/codes.html#layoutInsteadOfEncoder for details
16:41:21,285 |-INFO in ch.qos.logback.core.rolling.RollingFileAppender[LOG-FILE] - Active log file name: CosmicUserHome_IS_UNDEFINED\log\log.txt
16:41:21,286 |-INFO in ch.qos.logback.core.rolling.RollingFileAppender[LOG-FILE] - File property is set to [CosmicUserHome_IS_UNDEFINED\log\log.txt]
16:41:21,287 |-INFO in ch.qos.logback.core.joran.action.AppenderAction - About to instantiate appender of type [ch.qos.logback.core.rolling.RollingFileAppender]
16:41:21,287 |-INFO in ch.qos.logback.core.joran.action.AppenderAction - Naming appender as [ERROR-FILE]
16:41:21,288 |-INFO in c.q.l.core.rolling.TimeBasedRollingPolicy - No compression will be used
16:41:21,289 |-INFO in c.q.l.core.rolling.TimeBasedRollingPolicy - Will use the pattern CosmicUserHome_IS_UNDEFINED/log/old/errorlog.%d{yyyyMMdd}_%i.txt for the active file
16:41:21,294 |-INFO in ch.qos.logback.core.rolling.SizeAndTimeBasedFNATP@7502291e - The date pattern is &apos;yyyyMMdd&apos; from file name pattern &apos;CosmicUserHome_IS_UNDEFINED/log/old/errorlog.%d{yyyyMMdd}_%i.txt&apos;.
16:41:21,294 |-INFO in ch.qos.logback.core.rolling.SizeAndTimeBasedFNATP@7502291e - Roll-over at midnight.
16:41:21,295 |-INFO in ch.qos.logback.core.rolling.SizeAndTimeBasedFNATP@7502291e - Setting initial period to Wed Mar 06 15:07:32 IST 2019
16:41:21,298 |-WARN in ch.qos.logback.core.rolling.RollingFileAppender[ERROR-FILE] - This appender no longer admits a layout as a sub-component, set an encoder instead.
16:41:21,298 |-WARN in ch.qos.logback.core.rolling.RollingFileAppender[ERROR-FILE] - To ensure compatibility, wrapping your layout in LayoutWrappingEncoder.
16:41:21,298 |-WARN in ch.qos.logback.core.rolling.RollingFileAppender[ERROR-FILE] - See also http://logback.qos.ch/codes.html#layoutInsteadOfEncoder for details
16:41:21,298 |-INFO in ch.qos.logback.core.rolling.RollingFileAppender[ERROR-FILE] - Active log file name: CosmicUserHome_IS_UNDEFINED\log\errorlog.txt
16:41:21,298 |-INFO in ch.qos.logback.core.rolling.RollingFileAppender[ERROR-FILE] - File property is set to [CosmicUserHome_IS_UNDEFINED\log\errorlog.txt]
16:41:21,298 |-INFO in ch.qos.logback.core.joran.action.AppenderAction - About to instantiate appender of type [ch.qos.logback.core.rolling.RollingFileAppender]
16:41:21,298 |-INFO in ch.qos.logback.core.joran.action.AppenderAction - Naming appender as [WINDOW-LOG-FILE]
16:41:21,300 |-INFO in c.q.l.core.rolling.TimeBasedRollingPolicy - No compression will be used
16:41:21,301 |-INFO in c.q.l.core.rolling.TimeBasedRollingPolicy - Will use the pattern CosmicUserHome_IS_UNDEFINED/log/old/windowlog.%d{yyyyMMdd}_%i.txt for the active file
16:41:21,301 |-INFO in ch.qos.logback.core.rolling.SizeAndTimeBasedFNATP@17aad511 - The date pattern is &apos;yyyyMMdd&apos; from file name pattern &apos;CosmicUserHome_IS_UNDEFINED/log/old/windowlog.%d{yyyyMMdd}_%i.txt&apos;.
16:41:21,301 |-INFO in ch.qos.logback.core.rolling.SizeAndTimeBasedFNATP@17aad511 - Roll-over at midnight.
16:41:21,302 |-INFO in ch.qos.logback.core.rolling.SizeAndTimeBasedFNATP@17aad511 - Setting initial period to Wed Mar 13 16:39:09 IST 2019
16:41:21,304 |-WARN in ch.qos.logback.core.rolling.RollingFileAppender[WINDOW-LOG-FILE] - This appender no longer admits a layout as a sub-component, set an encoder instead.
16:41:21,304 |-WARN in ch.qos.logback.core.rolling.RollingFileAppender[WINDOW-LOG-FILE] - To ensure compatibility, wrapping your layout in LayoutWrappingEncoder.
16:41:21,304 |-WARN in ch.qos.logback.core.rolling.RollingFileAppender[WINDOW-LOG-FILE] - See also http://logback.qos.ch/codes.html#layoutInsteadOfEncoder for details
16:41:21,304 |-INFO in ch.qos.logback.core.rolling.RollingFileAppender[WINDOW-LOG-FILE] - Active log file name: CosmicUserHome_IS_UNDEFINED\log\windowlog.txt
16:41:21,304 |-INFO in ch.qos.logback.core.rolling.RollingFileAppender[WINDOW-LOG-FILE] - File property is set to [CosmicUserHome_IS_UNDEFINED\log\windowlog.txt]
16:41:21,304 |-INFO in ch.qos.logback.classic.joran.action.RootLoggerAction - Setting level of ROOT logger to ERROR
16:41:21,307 |-INFO in ch.qos.logback.core.joran.action.AppenderRefAction - Attaching appender named [STDOUT] to Logger[ROOT]
16:41:21,310 |-INFO in ch.qos.logback.core.joran.action.AppenderRefAction - Attaching appender named [LOG-FILE] to Logger[ROOT]
16:41:21,313 |-INFO in ch.qos.logback.classic.joran.action.LoggerAction - Setting level of logger [log] to INFO
16:41:21,313 |-INFO in ch.qos.logback.classic.joran.action.LoggerAction - Setting additivity of logger [log] to false
16:41:21,313 |-INFO in ch.qos.logback.core.joran.action.AppenderRefAction - Attaching appender named [LOG-FILE] to Logger[log]
16:41:21,313 |-INFO in ch.qos.logback.classic.joran.action.LoggerAction - Setting level of logger [windowlog] to INFO
16:41:21,313 |-INFO in ch.qos.logback.classic.joran.action.LoggerAction - Setting additivity of logger [windowlog] to false
16:41:21,313 |-INFO in ch.qos.logback.core.joran.action.AppenderRefAction - Attaching appender named [WINDOW-LOG-FILE] to Logger[windowlog]
16:41:21,313 |-INFO in ch.qos.logback.classic.joran.action.LoggerAction - Setting level of logger [errorlog] to ERROR
16:41:21,313 |-INFO in ch.qos.logback.classic.joran.action.LoggerAction - Setting additivity of logger [errorlog] to false
16:41:21,313 |-INFO in ch.qos.logback.core.joran.action.AppenderRefAction - Attaching appender named [ERROR-FILE] to Logger[errorlog]
16:41:21,313 |-INFO in ch.qos.logback.classic.joran.action.ConfigurationAction - End of configuration.
16:41:21,315 |-INFO in ch.qos.logback.classic.joran.JoranConfigurator@487db668 - Registering current configuration as safe fallback point














































































INFO  | 2019-03-13 16:41:27 | [main] pages.CosmicCDECommonLoginPage (CosmicCDECommonLoginPage.java:24) - Initiate se.cambio.qa.pages.CosmicCDECommonLoginPage

INFO  | 2019-03-13 16:41:28 | [AWT-EventQueue-1] statistics.UserTransactionManager$Factory (UserTransactionManager.java:100) - Found implementation: jar:file:/D:/CTAFProject/team-projects/process-support/Client/Application/modules/Include/External/cambio-cuts-basic.jar!/META-INF/se.cambiosys.client.framework.statistics.UserTransactionManager.properties
INFO  | 2019-03-13 16:41:28 | [AWT-EventQueue-1] statistics.UserTransactionManager$Factory (UserTransactionManager.java:123) - Loaded: se.cambio.cuts.basic.BasicUserTransactionManager@9a99027
INFO  | 2019-03-13 16:41:28 | [AWT-EventQueue-1] impl.InvocationStatisticAttributeAccessorFactory (InvocationStatisticAttributeAccessorFactory.java:174) - Created accessors for: interface se.cambio.cuts.common.stats.ResponseTimeStatistic, accessors: [se.cambio.cuts.jmx.common.impl.InvocationStatisticAttributeAccessor@1af52560]
INFO  | 2019-03-13 16:41:28 | [AWT-EventQueue-1] impl.InvocationStatisticAttributeAccessorFactory (InvocationStatisticAttributeAccessorFactory.java:174) - Created accessors for: interface se.cambio.cuts.common.stats.JDBCStatistic, accessors: [se.cambio.cuts.jmx.common.impl.InvocationStatisticAttributeAccessor@33cfe06, se.cambio.cuts.jmx.common.impl.InvocationStatisticAttributeAccessor@6c2e735c, se.cambio.cuts.jmx.common.impl.InvocationStatisticAttributeAccessor@1b822809, se.cambio.cuts.jmx.common.impl.InvocationStatisticAttributeAccessor@581df4f1, se.cambio.cuts.jmx.common.impl.InvocationStatisticAttributeAccessor@61044b1b]
INFO  | 2019-03-13 16:41:28 | [AWT-EventQueue-1] impl.InvocationStatisticAttributeAccessorFactory (InvocationStatisticAttributeAccessorFactory.java:174) - Created accessors for: interface se.cambio.cuts.common.stats.ExternalJDBCStatistic, accessors: [se.cambio.cuts.jmx.common.impl.InvocationStatisticAttributeAccessor@42234e4a, se.cambio.cuts.jmx.common.impl.InvocationStatisticAttributeAccessor@55012fe0, se.cambio.cuts.jmx.common.impl.InvocationStatisticAttributeAccessor@58b4fb06, se.cambio.cuts.jmx.common.impl.InvocationStatisticAttributeAccessor@1fd8318, se.cambio.cuts.jmx.common.impl.InvocationStatisticAttributeAccessor@2a929d7f]
INFO  | 2019-03-13 16:41:28 | [AWT-EventQueue-1] impl.InvocationStatisticAttributeAccessorFactory (InvocationStatisticAttributeAccessorFactory.java:174) - Created accessors for: interface se.cambio.cuts.common.stats.GCStatistic, accessors: [se.cambio.cuts.jmx.common.impl.InvocationStatisticAttributeAccessor@4a329eea, se.cambio.cuts.jmx.common.impl.InvocationStatisticAttributeAccessor@2a7a4ebc]
INFO  | 2019-03-13 16:41:28 | [AWT-EventQueue-1] impl.InvocationStatisticAttributeAccessorFactory (InvocationStatisticAttributeAccessorFactory.java:174) - Created accessors for: interface se.cambio.cuts.common.stats.ThreadStatistic, accessors: [se.cambio.cuts.jmx.common.impl.InvocationStatisticAttributeAccessor@48bd2c2f, se.cambio.cuts.jmx.common.impl.InvocationStatisticAttributeAccessor@16a62e1c, se.cambio.cuts.jmx.common.impl.InvocationStatisticAttributeAccessor@24d38ac1, se.cambio.cuts.jmx.common.impl.InvocationStatisticAttributeAccessor@40a43ada, se.cambio.cuts.jmx.common.impl.InvocationStatisticAttributeAccessor@5ae0620]
INFO  | 2019-03-13 16:41:28 | [AWT-EventQueue-1] impl.InvocationStatisticAttributeAccessorFactory (InvocationStatisticAttributeAccessorFactory.java:174) - Created accessors for: interface se.cambio.cuts.common.stats.EJBInvocationStatistic, accessors: [se.cambio.cuts.jmx.common.impl.InvocationStatisticAttributeAccessor@4f80e76, se.cambio.cuts.jmx.common.impl.InvocationStatisticAttributeAccessor@526fa4cc]
INFO  | 2019-03-13 16:41:28 | [AWT-EventQueue-1] impl.InvocationStatisticAttributeAccessorFactory (InvocationStatisticAttributeAccessorFactory.java:174) - Created accessors for: interface se.cambio.cuts.common.stats.UserTransactionStatistic, accessors: [se.cambio.cuts.jmx.common.impl.InvocationStatisticAttributeAccessor@4f60ef71, se.cambio.cuts.jmx.common.impl.InvocationStatisticAttributeAccessor@71c7077e, se.cambio.cuts.jmx.common.impl.InvocationStatisticAttributeAccessor@4cbff6cd, se.cambio.cuts.jmx.common.impl.InvocationStatisticAttributeAccessor@22e140ed, se.cambio.cuts.jmx.common.impl.InvocationStatisticAttributeAccessor@60067e79]
INFO  | 2019-03-13 16:41:29 | [AWT-EventQueue-1] security.Version (Version.java:57) - ELY00001: WildFly Elytron version 1.1.12.Final-redhat-00001
INFO  | 2019-03-13 16:41:29 | [AWT-EventQueue-1] client.EJBClient (EJBClient.java:51) - JBoss EJB Client version 4.0.12.Final_discovery_node_selector-SNAPSHOT
INFO  | 2019-03-13 16:41:29 | [AWT-EventQueue-1] xnio.Xnio (Xnio.java:95) - XNIO version 3.5.6.Final-redhat-00001
INFO  | 2019-03-13 16:41:29 | [AWT-EventQueue-1] nio.NioXnio (NioXnio.java:59) - XNIO NIO Implementation Version 3.5.6.Final-redhat-00001
INFO  | 2019-03-13 16:41:29 | [AWT-EventQueue-1] remoting3.EndpointImpl (EndpointImpl.java:99) - JBoss Remoting version 5.0.8.Final-redhat-1
INFO  | 2019-03-13 16:41:34 | [AWT-EventQueue-1] cosmic.CSMModule (CSMModule.java:25) - Created new instance: se.cambio.tools.csm.agent.client.cosmic.CSMModule@600bc7fa
INFO  | 2019-03-13 16:41:36 | [AWT-EventQueue-1] client.Module (Module.java:89) - Found bypassed classes: []
INFO  | 2019-03-13 16:41:36 | [AWT-EventQueue-1] client.Module (Module.java:108) - Found bypassed modules: []





























INFO  | 2019-03-13 16:41:40 | [main] pages.CosmicCDECommonLoginPage (CosmicCDECommonLoginPage.java:136) - Step: Login to the Cosmic [CosmicCDECommonLoginPage#login_Enter_CosmicUserName]
INFO  | 2019-03-13 16:41:49 | [main] pages.CosmicCDECommonLoginPage (CosmicCDECommonLoginPage.java:139) - Step: Login to Cosmic using Given information[CosmicCDECommonLoginPage#login_SuccessfulLogin]
INFO  | 2019-03-13 16:41:59 | [main] panels.CosmicCDECommonHeaderPanel (CosmicCDECommonHeaderPanel.java:35) - Initiate se.cambio.qa.panels.CosmicCDECommonHeaderPanel
INFO  | 2019-03-13 16:41:59 | [main] panels.CosmicCDECommonShortcutsPanel (CosmicCDECommonShortcutsPanel.java:24) - Initiate se.cambio.qa.panels.CosmicCDECommonShortcutsPanel
INFO  | 2019-03-13 16:41:59 | [main] pages.CosmicCDECommonLandingPage (CosmicCDECommonLandingPage.java:65) - Initiate se.cambio.qa.pages.CosmicCDECommonLandingPage

INFO  | 2019-03-13 16:42:13 | [main] pages.CosmicCDECommonLandingPage (CosmicCDECommonLandingPage.java:104) - Step: Search a patient from the SOC bar [CosmicCDECommonLandingPage#landing_SearchPatientById]
INFO  | 2019-03-13 16:42:13 | [AWT-EventQueue-1] controller.AbstractController (AbstractController.java:145) - HMVC Controller id = EmergencyOverviewController, setupModelAndView() called, view hashcode = 1149649958
INFO  | 2019-03-13 16:42:13 | [AWT-EventQueue-1] controller.AbstractController (AbstractController.java:147) - HMVC Controller id = EmergencyOverviewController, setupModelAndView() called, model hashcode = 1512391175
INFO  | 2019-03-13 16:42:13 | [AWT-EventQueue-1] controller.AbstractController (AbstractController.java:145) - HMVC Controller id = OWHighestLevelController, setupModelAndView() called, view hashcode = 833389455
INFO  | 2019-03-13 16:42:13 | [AWT-EventQueue-1] controller.AbstractController (AbstractController.java:147) - HMVC Controller id = OWHighestLevelController, setupModelAndView() called, model hashcode = 563213641
INFO  | 2019-03-13 16:42:13 | [AWT-EventQueue-1] controller.AbstractController (AbstractController.java:145) - HMVC Controller id = OWController, setupModelAndView() called, view hashcode = 397804148
INFO  | 2019-03-13 16:42:13 | [AWT-EventQueue-1] controller.AbstractController (AbstractController.java:147) - HMVC Controller id = OWController, setupModelAndView() called, model hashcode = 1288659936
INFO  | 2019-03-13 16:42:13 | [AWT-EventQueue-1] controller.AbstractController (AbstractController.java:145) - HMVC Controller id = OWLogController, setupModelAndView() called, view hashcode = 1357428762
INFO  | 2019-03-13 16:42:13 | [AWT-EventQueue-1] controller.AbstractController (AbstractController.java:147) - HMVC Controller id = OWLogController, setupModelAndView() called, model hashcode = 1200935173
INFO  | 2019-03-13 16:42:13 | [AWT-EventQueue-1] controller.AbstractController (AbstractController.java:145) - HMVC Controller id = WorkLoadController, setupModelAndView() called, view hashcode = 1901795955
INFO  | 2019-03-13 16:42:13 | [AWT-EventQueue-1] controller.AbstractController (AbstractController.java:147) - HMVC Controller id = WorkLoadController, setupModelAndView() called, model hashcode = 1995181842
INFO  | 2019-03-13 16:42:13 | [AWT-EventQueue-1] controller.AbstractController (AbstractController.java:145) - HMVC Controller id = OWAdministrationController, setupModelAndView() called, view hashcode = 598484756
INFO  | 2019-03-13 16:42:13 | [AWT-EventQueue-1] controller.AbstractController (AbstractController.java:147) - HMVC Controller id = OWAdministrationController, setupModelAndView() called, model hashcode = 1758082339
INFO  | 2019-03-13 16:42:13 | [AWT-EventQueue-1] controller.AbstractController (AbstractController.java:145) - HMVC Controller id = DischargedContactsController, setupModelAndView() called, view hashcode = 1122528687
INFO  | 2019-03-13 16:42:13 | [AWT-EventQueue-1] controller.AbstractController (AbstractController.java:147) - HMVC Controller id = DischargedContactsController, setupModelAndView() called, model hashcode = 2095701674
INFO  | 2019-03-13 16:42:13 | [AWT-EventQueue-1] controller.AbstractController (AbstractController.java:145) - HMVC Controller id = ActiveContactsController, setupModelAndView() called, view hashcode = 1930217397
INFO  | 2019-03-13 16:42:13 | [AWT-EventQueue-1] controller.AbstractController (AbstractController.java:147) - HMVC Controller id = ActiveContactsController, setupModelAndView() called, model hashcode = 1785906
INFO  | 2019-03-13 16:42:13 | [AWT-EventQueue-1] controller.AbstractController (AbstractController.java:145) - HMVC Controller id = BookedContactsController, setupModelAndView() called, view hashcode = 1760810901
INFO  | 2019-03-13 16:42:13 | [AWT-EventQueue-1] controller.AbstractController (AbstractController.java:147) - HMVC Controller id = BookedContactsController, setupModelAndView() called, model hashcode = 987259398
INFO  | 2019-03-13 16:42:13 | [AWT-EventQueue-1] controller.AbstractController (AbstractController.java:145) - HMVC Controller id = TransferContactsController, setupModelAndView() called, view hashcode = 340129621
INFO  | 2019-03-13 16:42:13 | [AWT-EventQueue-1] controller.AbstractController (AbstractController.java:147) - HMVC Controller id = TransferContactsController, setupModelAndView() called, model hashcode = 525109501
INFO  | 2019-03-13 16:42:14 | [AWT-EventQueue-1] client.ActiveModuleListener (ActiveModuleListener.java:120) - Mapped class se.cambiosys.client.emergencycare.emergencyOverview.view.EmergencyOverviewView to id se.cambiosys.client.emergencycare
INFO  | 2019-03-13 16:42:14 | [AWT-EventQueue-1] internal.WindowHandlerImpl$1 (WindowHandlerImpl.java:528) - lastActiveWindow = se.cambiosys.client.emergencycare.emergencyOverview.view.EmergencyOverviewView[CambioInternalFrame_UnitOverview,0,0,800x600,invalid,layout=javax.swing.plaf.basic.BasicInternalFrameUI$Handler,alignmentX=0.0,alignmentY=0.0,border=javax.swing.plaf.synth.SynthBorder@4c751e08,flags=16777664,maximumSize=,minimumSize=java.awt.Dimension[width=800,height=600],preferredSize=,closable=true,defaultCloseOperation=DO_NOTHING_ON_CLOSE,desktopIcon=javax.swing.JInternalFrame$JDesktopIcon[,0,0,26x23,invalid,layout=java.awt.BorderLayout,alignmentX=0.0,alignmentY=0.0,border=javax.swing.plaf.synth.SynthBorder@1889c043,flags=0,maximumSize=,minimumSize=,preferredSize=],frameIcon=javax.swing.ImageIcon@7ba1e89,iconable=true,isClosed=false,isIcon=false,isMaximum=false,isSelected=true,maximizable=true,opened=true,resizable=true,rootPane=se.cambiosys.client.framework.components.CambioRootPane[,2,25,796x573,layout=javax.swing.JRootPane$RootLayout,alignmentX=0.0,alignmentY=0.0,border=,flags=449,maximumSize=,minimumSize=,preferredSize=],rootPaneCheckingEnabled=true,title=Unit overview]
INFO  | 2019-03-13 16:42:18 | [AWT-EventQueue-1] client.ActiveModuleListener (ActiveModuleListener.java:120) - Mapped class se.cambio.attentionsignal.ui.view.PluginFrameImpl to id se.cambio.attentionsignal
INFO  | 2019-03-13 16:42:18 | [AWT-EventQueue-1] internal.WindowHandlerImpl$1 (WindowHandlerImpl.java:528) - lastActiveWindow = se.cambio.attentionsignal.ui.view.PluginFrameImpl[,0,0,800x600,invalid,layout=javax.swing.plaf.basic.BasicInternalFrameUI$Handler,alignmentX=0.0,alignmentY=0.0,border=javax.swing.plaf.synth.SynthBorder@698b024b,flags=16777664,maximumSize=,minimumSize=java.awt.Dimension[width=800,height=600],preferredSize=,closable=true,defaultCloseOperation=DO_NOTHING_ON_CLOSE,desktopIcon=javax.swing.JInternalFrame$JDesktopIcon[,0,0,103x24,invalid,layout=java.awt.BorderLayout,alignmentX=0.0,alignmentY=0.0,border=javax.swing.plaf.synth.SynthBorder@76b7a63f,flags=0,maximumSize=,minimumSize=,preferredSize=],frameIcon=javax.swing.ImageIcon@7ba1e89,iconable=true,isClosed=false,isIcon=false,isMaximum=false,isSelected=true,maximizable=true,opened=true,resizable=true,rootPane=se.cambiosys.client.framework.components.CambioRootPane[,2,25,796x573,layout=javax.swing.JRootPane$RootLayout,alignmentX=0.0,alignmentY=0.0,border=,flags=449,maximumSize=,minimumSize=,preferredSize=],rootPaneCheckingEnabled=true,title=Attention signal 19 800405-2380 Amanda Citron Apelsin]
INFO  | 2019-03-13 16:42:19 | [main] panels.CosmicASAttentionSignalHeaderPanel (CosmicASAttentionSignalHeaderPanel.java:26) - Initiate se.cambio.qa.as.panels.CosmicASAttentionSignalHeaderPanel
INFO  | 2019-03-13 16:42:19 | [main] pages.CosmicASAttentionSignalPage (CosmicASAttentionSignalPage.java:51) - Initiate se.cambio.qa.as.pages.CosmicASAttentionSignalPage

INFO  | 2019-03-13 16:42:19 | [CDEThreadPool-thread-6] binding.XMLBinding (XMLBinding.java:497) - getter: getEncoding, attribute: encoding, value: &lt;xml-fragment xmlns:v1=&quot;http://schemas.openehr.org/v1&quot; xmlns:xsi=&quot;http://www.w3.org/2001/XMLSchema-instance&quot;&gt;
  &lt;v1:terminology_id&gt;
    &lt;v1:value&gt;IANA_character-sets&lt;/v1:value&gt;
  &lt;/v1:terminology_id&gt;
  &lt;v1:code_string&gt;UTF-8&lt;/v1:code_string&gt;
&lt;/xml-fragment&gt;
INFO  | 2019-03-13 16:42:19 | [CDEThreadPool-thread-6] binding.XMLBinding (XMLBinding.java:497) - getter: getCodeString, attribute: codeString, value: UTF-8
INFO  | 2019-03-13 16:42:19 | [CDEThreadPool-thread-6] binding.XMLBinding (XMLBinding.java:497) - getter: getTerminologyId, attribute: terminologyId, value: &lt;v1:value xmlns:v1=&quot;http://schemas.openehr.org/v1&quot; xmlns:xsi=&quot;http://www.w3.org/2001/XMLSchema-instance&quot;&gt;IANA_character-sets&lt;/v1:value&gt;
INFO  | 2019-03-13 16:42:19 | [CDEThreadPool-thread-6] binding.XMLBinding (XMLBinding.java:497) - getter: getValue, attribute: value, value: IANA_character-sets
INFO  | 2019-03-13 16:42:19 | [CDEThreadPool-thread-6] binding.XMLBinding (XMLBinding.java:547) - building rm class: TERMINOLOGYID, with valueMap: {value=IANA_character-sets}
INFO  | 2019-03-13 16:42:19 | [CDEThreadPool-thread-6] binding.XMLBinding (XMLBinding.java:547) - building rm class: CODEPHRASE, with valueMap: {codeString=UTF-8, terminologyId=IANA_character-sets}
INFO  | 2019-03-13 16:42:19 | [CDEThreadPool-thread-6] binding.XMLBinding (XMLBinding.java:497) - getter: getFeederAudit, attribute: feederAudit, value: null
INFO  | 2019-03-13 16:42:19 | [CDEThreadPool-thread-6] binding.XMLBinding (XMLBinding.java:497) - getter: getOtherParticipationsArray, attribute: otherParticipations, value: [Lorg.openehr.schemas.v1.PARTICIPATION;@37b028d6
INFO  | 2019-03-13 16:42:19 | [CDEThreadPool-thread-6] binding.XMLBinding (XMLBinding.java:497) - getter: getName, attribute: name, value: &lt;v1:value xmlns:v1=&quot;http://schemas.openehr.org/v1&quot; xmlns:xsi=&quot;http://www.w3.org/2001/XMLSchema-instance&quot;&gt;Treatment and Condition&lt;/v1:value&gt;
INFO  | 2019-03-13 16:42:19 | [CDEThreadPool-thread-6] binding.XMLBinding (XMLBinding.java:497) - getter: getMappingsArray, attribute: mappings, value: [Lorg.openehr.schemas.v1.TERMMAPPING;@459c7c47
INFO  | 2019-03-13 16:42:19 | [CDEThreadPool-thread-6] binding.XMLBinding (XMLBinding.java:497) - getter: getFormatting, attribute: formatting, value: null
INFO  | 2019-03-13 16:42:19 | [CDEThreadPool-thread-6] binding.XMLBinding (XMLBinding.java:497) - getter: getLanguage, attribute: language, value: null
INFO  | 2019-03-13 16:42:19 | [CDEThreadPool-thread-6] binding.XMLBinding (XMLBinding.java:497) - getter: getEncoding, attribute: encoding, value: null
INFO  | 2019-03-13 16:42:19 | [CDEThreadPool-thread-6] binding.XMLBinding (XMLBinding.java:497) - getter: getValue, attribute: value, value: Treatment and Condition
INFO  | 2019-03-13 16:42:19 | [CDEThreadPool-thread-6] binding.XMLBinding (XMLBinding.java:497) - getter: getHyperlink, attribute: hyperlink, value: null
INFO  | 2019-03-13 16:42:19 | [CDEThreadPool-thread-6] binding.XMLBinding (XMLBinding.java:547) - building rm class: DVTEXT, with valueMap: {value=Treatment and Condition}
INFO  | 2019-03-13 16:42:19 | [CDEThreadPool-thread-6] binding.XMLBinding (XMLBinding.java:497) - getter: getArchetypeNodeId, attribute: archetypeNodeId, value: openEHR-EHR-EVALUATION.treatment_and_diagnosis-cambio.v1
INFO  | 2019-03-13 16:42:19 | [CDEThreadPool-thread-6] binding.XMLBinding (XMLBinding.java:497) - getter: getProtocol, attribute: protocol, value: null
INFO  | 2019-03-13 16:42:19 | [CDEThreadPool-thread-6] binding.XMLBinding (XMLBinding.java:497) - getter: getUid, attribute: uid, value: null
INFO  | 2019-03-13 16:42:19 | [CDEThreadPool-thread-6] binding.XMLBinding (XMLBinding.java:497) - getter: getLinksArray, attribute: links, value: [Lorg.openehr.schemas.v1.LINK;@2dda356f
INFO  | 2019-03-13 16:42:19 | [CDEThreadPool-thread-6] binding.XMLBinding (XMLBinding.java:497) - getter: getSubject, attribute: subject, value: &lt;xml-fragment xsi:type=&quot;v1:PARTY_SELF&quot; xmlns:v1=&quot;http://schemas.openehr.org/v1&quot; xmlns:xsi=&quot;http://www.w3.org/2001/XMLSchema-instance&quot;&gt;
  &lt;v1:external_ref&gt;
    &lt;v1:id xsi:type=&quot;v1:HIER_OBJECT_ID&quot;&gt;
      &lt;v1:value&gt;1.2.4.5.6.12.1&lt;/v1:value&gt;
    &lt;/v1:id&gt;
    &lt;v1:namespace&gt;testnS&lt;/v1:namespace&gt;
    &lt;v1:type&gt;PARTY&lt;/v1:type&gt;
  &lt;/v1:external_ref&gt;
&lt;/xml-fragment&gt;
INFO  | 2019-03-13 16:42:19 | [CDEThreadPool-thread-6] binding.XMLBinding (XMLBinding.java:497) - getter: getExternalRef, attribute: externalRef, value: &lt;xml-fragment xmlns:v1=&quot;http://schemas.openehr.org/v1&quot; xmlns:xsi=&quot;http://www.w3.org/2001/XMLSchema-instance&quot;&gt;
  &lt;v1:id xsi:type=&quot;v1:HIER_OBJECT_ID&quot;&gt;
    &lt;v1:value&gt;1.2.4.5.6.12.1&lt;/v1:value&gt;
  &lt;/v1:id&gt;
  &lt;v1:namespace&gt;testnS&lt;/v1:namespace&gt;
  &lt;v1:type&gt;PARTY&lt;/v1:type&gt;
&lt;/xml-fragment&gt;
INFO  | 2019-03-13 16:42:19 | [CDEThreadPool-thread-6] binding.XMLBinding (XMLBinding.java:497) - getter: getId, attribute: id, value: &lt;xml-fragment xsi:type=&quot;v1:HIER_OBJECT_ID&quot; xmlns:v1=&quot;http://schemas.openehr.org/v1&quot; xmlns:xsi=&quot;http://www.w3.org/2001/XMLSchema-instance&quot;&gt;
  &lt;v1:value&gt;1.2.4.5.6.12.1&lt;/v1:value&gt;
&lt;/xml-fragment&gt;
INFO  | 2019-03-13 16:42:19 | [CDEThreadPool-thread-6] binding.XMLBinding (XMLBinding.java:497) - getter: getValue, attribute: value, value: 1.2.4.5.6.12.1
INFO  | 2019-03-13 16:42:19 | [CDEThreadPool-thread-6] binding.XMLBinding (XMLBinding.java:547) - building rm class: HIEROBJECTID, with valueMap: {value=1.2.4.5.6.12.1}
INFO  | 2019-03-13 16:42:19 | [CDEThreadPool-thread-6] binding.XMLBinding (XMLBinding.java:497) - getter: getType, attribute: type, value: PARTY
INFO  | 2019-03-13 16:42:19 | [CDEThreadPool-thread-6] binding.XMLBinding (XMLBinding.java:547) - building rm class: PARTYREF, with valueMap: {type=PARTY, id=1.2.4.5.6.12.1}
INFO  | 2019-03-13 16:42:19 | [CDEThreadPool-thread-6] binding.XMLBinding (XMLBinding.java:547) - building rm class: PARTYSELF, with valueMap: {externalRef=id: 1.2.4.5.6.12.1, namespace: DEMOGRAPHIC, type: PARTY}
INFO  | 2019-03-13 16:42:19 | [CDEThreadPool-thread-6] binding.XMLBinding (XMLBinding.java:497) - getter: getArchetypeDetails, attribute: archetypeDetails, value: &lt;xml-fragment xmlns:v1=&quot;http://schemas.openehr.org/v1&quot; xmlns:xsi=&quot;http://www.w3.org/2001/XMLSchema-instance&quot;&gt;
  &lt;v1:archetype_id&gt;
    &lt;v1:value&gt;openEHR-EHR-EVALUATION.treatment_and_diagnosis-cambio.v1&lt;/v1:value&gt;
  &lt;/v1:archetype_id&gt;
  &lt;v1:rm_version&gt;1.0.1&lt;/v1:rm_version&gt;
&lt;/xml-fragment&gt;
INFO  | 2019-03-13 16:42:19 | [CDEThreadPool-thread-6] binding.XMLBinding (XMLBinding.java:497) - getter: getArchetypeId, attribute: archetypeId, value: &lt;v1:value xmlns:v1=&quot;http://schemas.openehr.org/v1&quot; xmlns:xsi=&quot;http://www.w3.org/2001/XMLSchema-instance&quot;&gt;openEHR-EHR-EVALUATION.treatment_and_diagnosis-cambio.v1&lt;/v1:value&gt;
INFO  | 2019-03-13 16:42:19 | [CDEThreadPool-thread-6] binding.XMLBinding (XMLBinding.java:497) - getter: getValue, attribute: value, value: openEHR-EHR-EVALUATION.treatment_and_diagnosis-cambio.v1
INFO  | 2019-03-13 16:42:19 | [CDEThreadPool-thread-6] binding.XMLBinding (XMLBinding.java:547) - building rm class: ARCHETYPEID, with valueMap: {value=openEHR-EHR-EVALUATION.treatment_and_diagnosis-cambio.v1}
INFO  | 2019-03-13 16:42:19 | [CDEThreadPool-thread-6] binding.XMLBinding (XMLBinding.java:497) - getter: getTemplateId, attribute: templateId, value: null
INFO  | 2019-03-13 16:42:19 | [CDEThreadPool-thread-6] binding.XMLBinding (XMLBinding.java:497) - getter: getRmVersion, attribute: rmVersion, value: 1.0.1
INFO  | 2019-03-13 16:42:19 | [CDEThreadPool-thread-6] binding.XMLBinding (XMLBinding.java:547) - building rm class: ARCHETYPED, with valueMap: {archetypeId=openEHR-EHR-EVALUATION.treatment_and_diagnosis-cambio.v1, rmVersion=1.0.1}
INFO  | 2019-03-13 16:42:19 | [CDEThreadPool-thread-6] binding.XMLBinding (XMLBinding.java:497) - getter: getGuidelineId, attribute: guidelineId, value: null
INFO  | 2019-03-13 16:42:19 | [CDEThreadPool-thread-6] binding.XMLBinding (XMLBinding.java:497) - getter: getProvider, attribute: provider, value: null
INFO  | 2019-03-13 16:42:19 | [CDEThreadPool-thread-6] binding.XMLBinding (XMLBinding.java:497) - getter: getLanguage, attribute: language, value: &lt;xml-fragment xmlns:v1=&quot;http://schemas.openehr.org/v1&quot; xmlns:xsi=&quot;http://www.w3.org/2001/XMLSchema-instance&quot;&gt;
  &lt;v1:terminology_id&gt;
    &lt;v1:value&gt;ISO_639-1&lt;/v1:value&gt;
  &lt;/v1:terminology_id&gt;
  &lt;v1:code_string&gt;en&lt;/v1:code_string&gt;
&lt;/xml-fragment&gt;
INFO  | 2019-03-13 16:42:19 | [CDEThreadPool-thread-6] binding.XMLBinding (XMLBinding.java:497) - getter: getCodeString, attribute: codeString, value: en
INFO  | 2019-03-13 16:42:19 | [CDEThreadPool-thread-6] binding.XMLBinding (XMLBinding.java:497) - getter: getTerminologyId, attribute: terminologyId, value: &lt;v1:value xmlns:v1=&quot;http://schemas.openehr.org/v1&quot; xmlns:xsi=&quot;http://www.w3.org/2001/XMLSchema-instance&quot;&gt;ISO_639-1&lt;/v1:value&gt;
INFO  | 2019-03-13 16:42:19 | [CDEThreadPool-thread-6] binding.XMLBinding (XMLBinding.java:497) - getter: getValue, attribute: value, value: ISO_639-1
INFO  | 2019-03-13 16:42:19 | [CDEThreadPool-thread-6] binding.XMLBinding (XMLBinding.java:547) - building rm class: TERMINOLOGYID, with valueMap: {value=ISO_639-1}
INFO  | 2019-03-13 16:42:19 | [CDEThreadPool-thread-6] binding.XMLBinding (XMLBinding.java:547) - building rm class: CODEPHRASE, with valueMap: {codeString=en, terminologyId=ISO_639-1}
INFO  | 2019-03-13 16:42:19 | [CDEThreadPool-thread-6] binding.XMLBinding (XMLBinding.java:497) - getter: getData, attribute: data, value: &lt;xml-fragment archetype_node_id=&quot;at0001&quot; xsi:type=&quot;v1:ITEM_TREE&quot; xmlns:v1=&quot;http://schemas.openehr.org/v1&quot; xmlns:xsi=&quot;http://www.w3.org/2001/XMLSchema-instance&quot;&gt;
  &lt;v1:name&gt;
    &lt;v1:value&gt;tree&lt;/v1:value&gt;
  &lt;/v1:name&gt;
  &lt;v1:items archetype_node_id=&quot;at0002&quot; xsi:type=&quot;v1:ELEMENT&quot;&gt;
    &lt;v1:name&gt;
      &lt;v1:value&gt;Type&lt;/v1:value&gt;
    &lt;/v1:name&gt;
    &lt;v1:value xsi:type=&quot;v1:DV_CODED_TEXT&quot;&gt;
      &lt;v1:value&gt;Treatment&lt;/v1:value&gt;
      &lt;v1:defining_code&gt;
        &lt;v1:terminology_id&gt;
          &lt;v1:value&gt;local&lt;/v1:value&gt;
        &lt;/v1:terminology_id&gt;
        &lt;v1:code_string&gt;at0003&lt;/v1:code_string&gt;
      &lt;/v1:defining_code&gt;
    &lt;/v1:value&gt;
  &lt;/v1:items&gt;
  &lt;v1:items archetype_node_id=&quot;at0010&quot; xsi:type=&quot;v1:ELEMENT&quot;&gt;
    &lt;v1:name&gt;
      &lt;v1:value&gt;Reassessment required&lt;/v1:value&gt;
    &lt;/v1:name&gt;
    &lt;v1:value xsi:type=&quot;v1:DV_BOOLEAN&quot;&gt;
      &lt;v1:value&gt;true&lt;/v1:value&gt;
    &lt;/v1:value&gt;
  &lt;/v1:items&gt;
  &lt;v1:items archetype_node_id=&quot;at0005&quot; xsi:type=&quot;v1:CLUSTER&quot;&gt;
    &lt;v1:name&gt;
      &lt;v1:value&gt;Treatment/Diagnosis&lt;/v1:value&gt;
    &lt;/v1:name&gt;
    &lt;v1:items archetype_node_id=&quot;at0022&quot; xsi:type=&quot;v1:ELEMENT&quot;&gt;
      &lt;v1:name&gt;
        &lt;v1:value&gt;TreatmentHeadings&lt;/v1:value&gt;
      &lt;/v1:name&gt;
      &lt;v1:value xsi:type=&quot;v1:DV_CODED_TEXT&quot;&gt;
        &lt;v1:value&gt;OtherTreatmentConditionWarning&lt;/v1:value&gt;
        &lt;v1:defining_code&gt;
          &lt;v1:terminology_id&gt;
            &lt;v1:value&gt;Treatment Warning&lt;/v1:value&gt;
          &lt;/v1:terminology_id&gt;
          &lt;v1:code_string&gt;Treatment Warning:OtherTreatmentConditionWarning&lt;/v1:code_string&gt;
        &lt;/v1:defining_code&gt;
      &lt;/v1:value&gt;
    &lt;/v1:items&gt;
  &lt;/v1:items&gt;
  &lt;v1:items archetype_node_id=&quot;at0009&quot; xsi:type=&quot;v1:ELEMENT&quot;&gt;
    &lt;v1:name&gt;
      &lt;v1:value&gt;Comment&lt;/v1:value&gt;
    &lt;/v1:name&gt;
    &lt;v1:value xsi:type=&quot;v1:DV_TEXT&quot;&gt;
      &lt;v1:value&gt;comment 03&lt;/v1:value&gt;
    &lt;/v1:value&gt;
  &lt;/v1:items&gt;
  &lt;v1:items archetype_node_id=&quot;at0011&quot; xsi:type=&quot;v1:ELEMENT&quot;&gt;
    &lt;v1:name&gt;
      &lt;v1:value&gt;Heading&lt;/v1:value&gt;
    &lt;/v1:name&gt;
    &lt;v1:value xsi:type=&quot;v1:DV_TEXT&quot;&gt;
      &lt;v1:value&gt;header 03&lt;/v1:value&gt;
    &lt;/v1:value&gt;
  &lt;/v1:items&gt;
  &lt;v1:items archetype_node_id=&quot;at0020&quot; xsi:type=&quot;v1:ELEMENT&quot;&gt;
    &lt;v1:name&gt;
      &lt;v1:value&gt;Reassessment Date and Time&lt;/v1:value&gt;
    &lt;/v1:name&gt;
    &lt;v1:value xsi:type=&quot;v1:DV_DATE_TIME&quot;&gt;
      &lt;v1:value&gt;2019-12-10T12:00:00+05:30&lt;/v1:value&gt;
    &lt;/v1:value&gt;
  &lt;/v1:items&gt;
  &lt;v1:items archetype_node_id=&quot;at0021&quot; xsi:type=&quot;v1:ELEMENT&quot;&gt;
    &lt;v1:name&gt;
      &lt;v1:value&gt;Reason for reassessment&lt;/v1:value&gt;
    &lt;/v1:name&gt;
    &lt;v1:value xsi:type=&quot;v1:DV_TEXT&quot;&gt;
      &lt;v1:value&gt;No reason for reassessment&lt;/v1:value&gt;
    &lt;/v1:value&gt;
  &lt;/v1:items&gt;
&lt;/xml-fragment&gt;
INFO  | 2019-03-13 16:42:19 | [CDEThreadPool-thread-6] binding.XMLBinding (XMLBinding.java:497) - getter: getUid, attribute: uid, value: null
INFO  | 2019-03-13 16:42:19 | [CDEThreadPool-thread-6] binding.XMLBinding (XMLBinding.java:497) - getter: getArchetypeNodeId, attribute: archetypeNodeId, value: at0001
INFO  | 2019-03-13 16:42:19 | [CDEThreadPool-thread-6] binding.XMLBinding (XMLBinding.java:497) - getter: getItemsArray, attribute: items, value: [Lorg.openehr.schemas.v1.ITEM;@4cb7eee4
INFO  | 2019-03-13 16:42:19 | [CDEThreadPool-thread-6] binding.XMLBinding (XMLBinding.java:497) - getter: getUid, attribute: uid, value: null
INFO  | 2019-03-13 16:42:19 | [CDEThreadPool-thread-6] binding.XMLBinding (XMLBinding.java:497) - getter: getLinksArray, attribute: links, value: [Lorg.openehr.schemas.v1.LINK;@4dc1ed39
INFO  | 2019-03-13 16:42:19 | [CDEThreadPool-thread-6] binding.XMLBinding (XMLBinding.java:497) - getter: getNullFlavour, attribute: nullFlavour, value: null
INFO  | 2019-03-13 16:42:19 | [CDEThreadPool-thread-6] binding.XMLBinding (XMLBinding.java:497) - getter: getArchetypeNodeId, attribute: archetypeNodeId, value: at0002
INFO  | 2019-03-13 16:42:19 | [CDEThreadPool-thread-6] binding.XMLBinding (XMLBinding.java:497) - getter: getFeederAudit, attribute: feederAudit, value: null
INFO  | 2019-03-13 16:42:19 | [CDEThreadPool-thread-6] binding.XMLBinding (XMLBinding.java:497) - getter: getValue, attribute: value, value: &lt;xml-fragment xsi:type=&quot;v1:DV_CODED_TEXT&quot; xmlns:v1=&quot;http://schemas.openehr.org/v1&quot; xmlns:xsi=&quot;http://www.w3.org/2001/XMLSchema-instance&quot;&gt;
  &lt;v1:value&gt;Treatment&lt;/v1:value&gt;
  &lt;v1:defining_code&gt;
    &lt;v1:terminology_id&gt;
      &lt;v1:value&gt;local&lt;/v1:value&gt;
    &lt;/v1:terminology_id&gt;
    &lt;v1:code_string&gt;at0003&lt;/v1:code_string&gt;
  &lt;/v1:defining_code&gt;
&lt;/xml-fragment&gt;
INFO  | 2019-03-13 16:42:19 | [CDEThreadPool-thread-6] binding.XMLBinding (XMLBinding.java:497) - getter: getDefiningCode, attribute: definingCode, value: &lt;xml-fragment xmlns:v1=&quot;http://schemas.openehr.org/v1&quot; xmlns:xsi=&quot;http://www.w3.org/2001/XMLSchema-instance&quot;&gt;
  &lt;v1:terminology_id&gt;
    &lt;v1:value&gt;local&lt;/v1:value&gt;
  &lt;/v1:terminology_id&gt;
  &lt;v1:code_string&gt;at0003&lt;/v1:code_string&gt;
&lt;/xml-fragment&gt;
INFO  | 2019-03-13 16:42:19 | [CDEThreadPool-thread-6] binding.XMLBinding (XMLBinding.java:497) - getter: getCodeString, attribute: codeString, value: at0003
INFO  | 2019-03-13 16:42:19 | [CDEThreadPool-thread-6] binding.XMLBinding (XMLBinding.java:497) - getter: getTerminologyId, attribute: terminologyId, value: &lt;v1:value xmlns:v1=&quot;http://schemas.openehr.org/v1&quot; xmlns:xsi=&quot;http://www.w3.org/2001/XMLSchema-instance&quot;&gt;local&lt;/v1:value&gt;
INFO  | 2019-03-13 16:42:19 | [CDEThreadPool-thread-6] binding.XMLBinding (XMLBinding.java:497) - getter: getValue, attribute: value, value: local
INFO  | 2019-03-13 16:42:19 | [CDEThreadPool-thread-6] binding.XMLBinding (XMLBinding.java:547) - building rm class: TERMINOLOGYID, with valueMap: {value=local}
INFO  | 2019-03-13 16:42:19 | [CDEThreadPool-thread-6] binding.XMLBinding (XMLBinding.java:547) - building rm class: CODEPHRASE, with valueMap: {codeString=at0003, terminologyId=local}
INFO  | 2019-03-13 16:42:19 | [CDEThreadPool-thread-6] binding.XMLBinding (XMLBinding.java:497) - getter: getLanguage, attribute: language, value: null
INFO  | 2019-03-13 16:42:19 | [CDEThreadPool-thread-6] binding.XMLBinding (XMLBinding.java:497) - getter: getFormatting, attribute: formatting, value: null
INFO  | 2019-03-13 16:42:19 | [CDEThreadPool-thread-6] binding.XMLBinding (XMLBinding.java:497) - getter: getValue, attribute: value, value: Treatment
INFO  | 2019-03-13 16:42:19 | [CDEThreadPool-thread-6] binding.XMLBinding (XMLBinding.java:497) - getter: getHyperlink, attribute: hyperlink, value: null
INFO  | 2019-03-13 16:42:19 | [CDEThreadPool-thread-6] binding.XMLBinding (XMLBinding.java:497) - getter: getMappingsArray, attribute: mappings, value: [Lorg.openehr.schemas.v1.TERMMAPPING;@25871497
INFO  | 2019-03-13 16:42:19 | [CDEThreadPool-thread-6] binding.XMLBinding (XMLBinding.java:547) - building rm class: DVCODEDTEXT, with valueMap: {definingCode=local::at0003, value=Treatment}
INFO  | 2019-03-13 16:42:19 | [CDEThreadPool-thread-6] binding.XMLBinding (XMLBinding.java:497) - getter: getArchetypeDetails, attribute: archetypeDetails, value: null
INFO  | 2019-03-13 16:42:19 | [CDEThreadPool-thread-6] binding.XMLBinding (XMLBinding.java:497) - getter: getName, attribute: name, value: &lt;v1:value xmlns:v1=&quot;http://schemas.openehr.org/v1&quot; xmlns:xsi=&quot;http://www.w3.org/2001/XMLSchema-instance&quot;&gt;Type&lt;/v1:value&gt;
INFO  | 2019-03-13 16:42:19 | [CDEThreadPool-thread-6] binding.XMLBinding (XMLBinding.java:497) - getter: getMappingsArray, attribute: mappings, value: [Lorg.openehr.schemas.v1.TERMMAPPING;@2e1ff10
INFO  | 2019-03-13 16:42:19 | [CDEThreadPool-thread-6] binding.XMLBinding (XMLBinding.java:497) - getter: getFormatting, attribute: formatting, value: null
INFO  | 2019-03-13 16:42:19 | [CDEThreadPool-thread-6] binding.XMLBinding (XMLBinding.java:497) - getter: getLanguage, attribute: language, value: null
INFO  | 2019-03-13 16:42:19 | [CDEThreadPool-thread-6] binding.XMLBinding (XMLBinding.java:497) - getter: getEncoding, attribute: encoding, value: null
INFO  | 2019-03-13 16:42:19 | [CDEThreadPool-thread-6] binding.XMLBinding (XMLBinding.java:497) - getter: getValue, attribute: value, value: Type
INFO  | 2019-03-13 16:42:19 | [CDEThreadPool-thread-6] binding.XMLBinding (XMLBinding.java:497) - getter: getHyperlink, attribute: hyperlink, value: null
INFO  | 2019-03-13 16:42:19 | [CDEThreadPool-thread-6] binding.XMLBinding (XMLBinding.java:547) - building rm class: DVTEXT, with valueMap: {value=Type}
INFO  | 2019-03-13 16:42:19 | [CDEThreadPool-thread-6] binding.XMLBinding (XMLBinding.java:547) - building rm class: ELEMENT, with valueMap: {archetypeNodeId=at0002, name=Type, value=local::at0003|Treatment|}
INFO  | 2019-03-13 16:42:19 | [CDEThreadPool-thread-6] binding.XMLBinding (XMLBinding.java:497) - getter: getUid, attribute: uid, value: null
INFO  | 2019-03-13 16:42:19 | [CDEThreadPool-thread-6] binding.XMLBinding (XMLBinding.java:497) - getter: getLinksArray, attribute: links, value: [Lorg.openehr.schemas.v1.LINK;@1057e295
INFO  | 2019-03-13 16:42:19 | [CDEThreadPool-thread-6] binding.XMLBinding (XMLBinding.java:497) - getter: getNullFlavour, attribute: nullFlavour, value: null
INFO  | 2019-03-13 16:42:19 | [CDEThreadPool-thread-6] binding.XMLBinding (XMLBinding.java:497) - getter: getArchetypeNodeId, attribute: archetypeNodeId, value: at0010
INFO  | 2019-03-13 16:42:19 | [CDEThreadPool-thread-6] binding.XMLBinding (XMLBinding.java:497) - getter: getFeederAudit, attribute: feederAudit, value: null
INFO  | 2019-03-13 16:42:19 | [CDEThreadPool-thread-6] binding.XMLBinding (XMLBinding.java:497) - getter: getValue, attribute: value, value: &lt;xml-fragment xsi:type=&quot;v1:DV_BOOLEAN&quot; xmlns:v1=&quot;http://schemas.openehr.org/v1&quot; xmlns:xsi=&quot;http://www.w3.org/2001/XMLSchema-instance&quot;&gt;
  &lt;v1:value&gt;true&lt;/v1:value&gt;
&lt;/xml-fragment&gt;
INFO  | 2019-03-13 16:42:19 | [CDEThreadPool-thread-6] binding.XMLBinding (XMLBinding.java:497) - getter: getValue, attribute: value, value: true
INFO  | 2019-03-13 16:42:19 | [CDEThreadPool-thread-6] binding.XMLBinding (XMLBinding.java:547) - building rm class: DVBOOLEAN, with valueMap: {value=true}
INFO  | 2019-03-13 16:42:19 | [CDEThreadPool-thread-6] binding.XMLBinding (XMLBinding.java:497) - getter: getArchetypeDetails, attribute: archetypeDetails, value: null
INFO  | 2019-03-13 16:42:19 | [CDEThreadPool-thread-6] binding.XMLBinding (XMLBinding.java:497) - getter: getName, attribute: name, value: &lt;v1:value xmlns:v1=&quot;http://schemas.openehr.org/v1&quot; xmlns:xsi=&quot;http://www.w3.org/2001/XMLSchema-instance&quot;&gt;Reassessment required&lt;/v1:value&gt;
INFO  | 2019-03-13 16:42:19 | [CDEThreadPool-thread-6] binding.XMLBinding (XMLBinding.java:497) - getter: getMappingsArray, attribute: mappings, value: [Lorg.openehr.schemas.v1.TERMMAPPING;@1bbd603c
INFO  | 2019-03-13 16:42:19 | [CDEThreadPool-thread-6] binding.XMLBinding (XMLBinding.java:497) - getter: getFormatting, attribute: formatting, value: null
INFO  | 2019-03-13 16:42:19 | [CDEThreadPool-thread-6] binding.XMLBinding (XMLBinding.java:497) - getter: getLanguage, attribute: language, value: null
INFO  | 2019-03-13 16:42:19 | [CDEThreadPool-thread-6] binding.XMLBinding (XMLBinding.java:497) - getter: getEncoding, attribute: encoding, value: null
INFO  | 2019-03-13 16:42:19 | [CDEThreadPool-thread-6] binding.XMLBinding (XMLBinding.java:497) - getter: getValue, attribute: value, value: Reassessment required
INFO  | 2019-03-13 16:42:19 | [CDEThreadPool-thread-6] binding.XMLBinding (XMLBinding.java:497) - getter: getHyperlink, attribute: hyperlink, value: null
INFO  | 2019-03-13 16:42:19 | [CDEThreadPool-thread-6] binding.XMLBinding (XMLBinding.java:547) - building rm class: DVTEXT, with valueMap: {value=Reassessment required}
INFO  | 2019-03-13 16:42:19 | [CDEThreadPool-thread-6] binding.XMLBinding (XMLBinding.java:547) - building rm class: ELEMENT, with valueMap: {archetypeNodeId=at0010, name=Reassessment required, value=true}
INFO  | 2019-03-13 16:42:19 | [CDEThreadPool-thread-6] binding.XMLBinding (XMLBinding.java:497) - getter: getFeederAudit, attribute: feederAudit, value: null
INFO  | 2019-03-13 16:42:19 | [CDEThreadPool-thread-6] binding.XMLBinding (XMLBinding.java:497) - getter: getArchetypeDetails, attribute: archetypeDetails, value: null
INFO  | 2019-03-13 16:42:19 | [CDEThreadPool-thread-6] binding.XMLBinding (XMLBinding.java:497) - getter: getArchetypeNodeId, attribute: archetypeNodeId, value: at0005
INFO  | 2019-03-13 16:42:19 | [CDEThreadPool-thread-6] binding.XMLBinding (XMLBinding.java:497) - getter: getItemsArray, attribute: items, value: [Lorg.openehr.schemas.v1.ITEM;@2ecf9e73
INFO  | 2019-03-13 16:42:19 | [CDEThreadPool-thread-6] binding.XMLBinding (XMLBinding.java:497) - getter: getUid, attribute: uid, value: null
INFO  | 2019-03-13 16:42:19 | [CDEThreadPool-thread-6] binding.XMLBinding (XMLBinding.java:497) - getter: getLinksArray, attribute: links, value: [Lorg.openehr.schemas.v1.LINK;@25f3e04d
INFO  | 2019-03-13 16:42:19 | [CDEThreadPool-thread-6] binding.XMLBinding (XMLBinding.java:497) - getter: getNullFlavour, attribute: nullFlavour, value: null
INFO  | 2019-03-13 16:42:19 | [CDEThreadPool-thread-6] binding.XMLBinding (XMLBinding.java:497) - getter: getArchetypeNodeId, attribute: archetypeNodeId, value: at0022
INFO  | 2019-03-13 16:42:19 | [CDEThreadPool-thread-6] binding.XMLBinding (XMLBinding.java:497) - getter: getFeederAudit, attribute: feederAudit, value: null
INFO  | 2019-03-13 16:42:19 | [CDEThreadPool-thread-6] binding.XMLBinding (XMLBinding.java:497) - getter: getValue, attribute: value, value: &lt;xml-fragment xsi:type=&quot;v1:DV_CODED_TEXT&quot; xmlns:v1=&quot;http://schemas.openehr.org/v1&quot; xmlns:xsi=&quot;http://www.w3.org/2001/XMLSchema-instance&quot;&gt;
  &lt;v1:value&gt;OtherTreatmentConditionWarning&lt;/v1:value&gt;
  &lt;v1:defining_code&gt;
    &lt;v1:terminology_id&gt;
      &lt;v1:value&gt;Treatment Warning&lt;/v1:value&gt;
    &lt;/v1:terminology_id&gt;
    &lt;v1:code_string&gt;Treatment Warning:OtherTreatmentConditionWarning&lt;/v1:code_string&gt;
  &lt;/v1:defining_code&gt;
&lt;/xml-fragment&gt;
INFO  | 2019-03-13 16:42:19 | [CDEThreadPool-thread-6] binding.XMLBinding (XMLBinding.java:497) - getter: getDefiningCode, attribute: definingCode, value: &lt;xml-fragment xmlns:v1=&quot;http://schemas.openehr.org/v1&quot; xmlns:xsi=&quot;http://www.w3.org/2001/XMLSchema-instance&quot;&gt;
  &lt;v1:terminology_id&gt;
    &lt;v1:value&gt;Treatment Warning&lt;/v1:value&gt;
  &lt;/v1:terminology_id&gt;
  &lt;v1:code_string&gt;Treatment Warning:OtherTreatmentConditionWarning&lt;/v1:code_string&gt;
&lt;/xml-fragment&gt;
INFO  | 2019-03-13 16:42:19 | [CDEThreadPool-thread-6] binding.XMLBinding (XMLBinding.java:497) - getter: getCodeString, attribute: codeString, value: Treatment Warning:OtherTreatmentConditionWarning
INFO  | 2019-03-13 16:42:19 | [CDEThreadPool-thread-6] binding.XMLBinding (XMLBinding.java:497) - getter: getTerminologyId, attribute: terminologyId, value: &lt;v1:value xmlns:v1=&quot;http://schemas.openehr.org/v1&quot; xmlns:xsi=&quot;http://www.w3.org/2001/XMLSchema-instance&quot;&gt;Treatment Warning&lt;/v1:value&gt;
INFO  | 2019-03-13 16:42:19 | [CDEThreadPool-thread-6] binding.XMLBinding (XMLBinding.java:497) - getter: getValue, attribute: value, value: Treatment Warning
INFO  | 2019-03-13 16:42:19 | [CDEThreadPool-thread-6] binding.XMLBinding (XMLBinding.java:547) - building rm class: TERMINOLOGYID, with valueMap: {value=Treatment Warning}
INFO  | 2019-03-13 16:42:19 | [CDEThreadPool-thread-6] binding.XMLBinding (XMLBinding.java:547) - building rm class: CODEPHRASE, with valueMap: {codeString=Treatment Warning:OtherTreatmentConditionWarning, terminologyId=Treatment Warning}
INFO  | 2019-03-13 16:42:19 | [CDEThreadPool-thread-6] binding.XMLBinding (XMLBinding.java:497) - getter: getLanguage, attribute: language, value: null
INFO  | 2019-03-13 16:42:19 | [CDEThreadPool-thread-6] binding.XMLBinding (XMLBinding.java:497) - getter: getFormatting, attribute: formatting, value: null
INFO  | 2019-03-13 16:42:19 | [CDEThreadPool-thread-6] binding.XMLBinding (XMLBinding.java:497) - getter: getValue, attribute: value, value: OtherTreatmentConditionWarning
INFO  | 2019-03-13 16:42:19 | [CDEThreadPool-thread-6] binding.XMLBinding (XMLBinding.java:497) - getter: getHyperlink, attribute: hyperlink, value: null
INFO  | 2019-03-13 16:42:19 | [CDEThreadPool-thread-6] binding.XMLBinding (XMLBinding.java:497) - getter: getMappingsArray, attribute: mappings, value: [Lorg.openehr.schemas.v1.TERMMAPPING;@3397a50f
INFO  | 2019-03-13 16:42:19 | [CDEThreadPool-thread-6] binding.XMLBinding (XMLBinding.java:547) - building rm class: DVCODEDTEXT, with valueMap: {definingCode=Treatment Warning::Treatment Warning:OtherTreatmentConditionWarning, value=OtherTreatmentConditionWarning}
INFO  | 2019-03-13 16:42:19 | [CDEThreadPool-thread-6] binding.XMLBinding (XMLBinding.java:497) - getter: getArchetypeDetails, attribute: archetypeDetails, value: null
INFO  | 2019-03-13 16:42:19 | [CDEThreadPool-thread-6] binding.XMLBinding (XMLBinding.java:497) - getter: getName, attribute: name, value: &lt;v1:value xmlns:v1=&quot;http://schemas.openehr.org/v1&quot; xmlns:xsi=&quot;http://www.w3.org/2001/XMLSchema-instance&quot;&gt;TreatmentHeadings&lt;/v1:value&gt;
INFO  | 2019-03-13 16:42:19 | [CDEThreadPool-thread-6] binding.XMLBinding (XMLBinding.java:497) - getter: getMappingsArray, attribute: mappings, value: [Lorg.openehr.schemas.v1.TERMMAPPING;@50e64141
INFO  | 2019-03-13 16:42:19 | [CDEThreadPool-thread-6] binding.XMLBinding (XMLBinding.java:497) - getter: getFormatting, attribute: formatting, value: null
INFO  | 2019-03-13 16:42:19 | [CDEThreadPool-thread-6] binding.XMLBinding (XMLBinding.java:497) - getter: getLanguage, attribute: language, value: null
INFO  | 2019-03-13 16:42:19 | [CDEThreadPool-thread-6] binding.XMLBinding (XMLBinding.java:497) - getter: getEncoding, attribute: encoding, value: null
INFO  | 2019-03-13 16:42:19 | [CDEThreadPool-thread-6] binding.XMLBinding (XMLBinding.java:497) - getter: getValue, attribute: value, value: TreatmentHeadings
INFO  | 2019-03-13 16:42:19 | [CDEThreadPool-thread-6] binding.XMLBinding (XMLBinding.java:497) - getter: getHyperlink, attribute: hyperlink, value: null
INFO  | 2019-03-13 16:42:19 | [CDEThreadPool-thread-6] binding.XMLBinding (XMLBinding.java:547) - building rm class: DVTEXT, with valueMap: {value=TreatmentHeadings}
INFO  | 2019-03-13 16:42:19 | [CDEThreadPool-thread-6] binding.XMLBinding (XMLBinding.java:547) - building rm class: ELEMENT, with valueMap: {archetypeNodeId=at0022, name=TreatmentHeadings, value=Treatment Warning::Treatment Warning:OtherTreatmentConditionWarning|OtherTreatmentConditionWarning|}
INFO  | 2019-03-13 16:42:19 | [CDEThreadPool-thread-6] binding.XMLBinding (XMLBinding.java:497) - getter: getLinksArray, attribute: links, value: [Lorg.openehr.schemas.v1.LINK;@38c318ac
INFO  | 2019-03-13 16:42:19 | [CDEThreadPool-thread-6] binding.XMLBinding (XMLBinding.java:497) - getter: getUid, attribute: uid, value: null
INFO  | 2019-03-13 16:42:19 | [CDEThreadPool-thread-6] binding.XMLBinding (XMLBinding.java:497) - getter: getName, attribute: name, value: &lt;v1:value xmlns:v1=&quot;http://schemas.openehr.org/v1&quot; xmlns:xsi=&quot;http://www.w3.org/2001/XMLSchema-instance&quot;&gt;Treatment/Diagnosis&lt;/v1:value&gt;
INFO  | 2019-03-13 16:42:19 | [CDEThreadPool-thread-6] binding.XMLBinding (XMLBinding.java:497) - getter: getMappingsArray, attribute: mappings, value: [Lorg.openehr.schemas.v1.TERMMAPPING;@36f26d66
INFO  | 2019-03-13 16:42:19 | [CDEThreadPool-thread-6] binding.XMLBinding (XMLBinding.java:497) - getter: getFormatting, attribute: formatting, value: null
INFO  | 2019-03-13 16:42:19 | [CDEThreadPool-thread-6] binding.XMLBinding (XMLBinding.java:497) - getter: getLanguage, attribute: language, value: null
INFO  | 2019-03-13 16:42:19 | [CDEThreadPool-thread-6] binding.XMLBinding (XMLBinding.java:497) - getter: getEncoding, attribute: encoding, value: null
INFO  | 2019-03-13 16:42:19 | [CDEThreadPool-thread-6] binding.XMLBinding (XMLBinding.java:497) - getter: getValue, attribute: value, value: Treatment/Diagnosis
INFO  | 2019-03-13 16:42:19 | [CDEThreadPool-thread-6] binding.XMLBinding (XMLBinding.java:497) - getter: getHyperlink, attribute: hyperlink, value: null
INFO  | 2019-03-13 16:42:19 | [CDEThreadPool-thread-6] binding.XMLBinding (XMLBinding.java:547) - building rm class: DVTEXT, with valueMap: {value=Treatment/Diagnosis}
INFO  | 2019-03-13 16:42:19 | [CDEThreadPool-thread-6] binding.XMLBinding (XMLBinding.java:547) - building rm class: CLUSTER, with valueMap: {archetypeNodeId=at0005, name=Treatment/Diagnosis, items=[Ljava.lang.Object;@2087128}
INFO  | 2019-03-13 16:42:19 | [CDEThreadPool-thread-6] binding.XMLBinding (XMLBinding.java:497) - getter: getUid, attribute: uid, value: null
INFO  | 2019-03-13 16:42:19 | [CDEThreadPool-thread-6] binding.XMLBinding (XMLBinding.java:497) - getter: getLinksArray, attribute: links, value: [Lorg.openehr.schemas.v1.LINK;@547cceb0
INFO  | 2019-03-13 16:42:19 | [CDEThreadPool-thread-6] binding.XMLBinding (XMLBinding.java:497) - getter: getNullFlavour, attribute: nullFlavour, value: null
INFO  | 2019-03-13 16:42:19 | [CDEThreadPool-thread-6] binding.XMLBinding (XMLBinding.java:497) - getter: getArchetypeNodeId, attribute: archetypeNodeId, value: at0009
INFO  | 2019-03-13 16:42:19 | [CDEThreadPool-thread-6] binding.XMLBinding (XMLBinding.java:497) - getter: getFeederAudit, attribute: feederAudit, value: null
INFO  | 2019-03-13 16:42:19 | [CDEThreadPool-thread-6] binding.XMLBinding (XMLBinding.java:497) - getter: getValue, attribute: value, value: &lt;xml-fragment xsi:type=&quot;v1:DV_TEXT&quot; xmlns:v1=&quot;http://schemas.openehr.org/v1&quot; xmlns:xsi=&quot;http://www.w3.org/2001/XMLSchema-instance&quot;&gt;
  &lt;v1:value&gt;comment 03&lt;/v1:value&gt;
&lt;/xml-fragment&gt;
INFO  | 2019-03-13 16:42:19 | [CDEThreadPool-thread-6] binding.XMLBinding (XMLBinding.java:497) - getter: getMappingsArray, attribute: mappings, value: [Lorg.openehr.schemas.v1.TERMMAPPING;@10a6dadd
INFO  | 2019-03-13 16:42:19 | [CDEThreadPool-thread-6] binding.XMLBinding (XMLBinding.java:497) - getter: getFormatting, attribute: formatting, value: null
INFO  | 2019-03-13 16:42:19 | [CDEThreadPool-thread-6] binding.XMLBinding (XMLBinding.java:497) - getter: getLanguage, attribute: language, value: null
INFO  | 2019-03-13 16:42:19 | [CDEThreadPool-thread-6] binding.XMLBinding (XMLBinding.java:497) - getter: getEncoding, attribute: encoding, value: null
INFO  | 2019-03-13 16:42:19 | [CDEThreadPool-thread-6] binding.XMLBinding (XMLBinding.java:497) - getter: getValue, attribute: value, value: comment 03
INFO  | 2019-03-13 16:42:19 | [CDEThreadPool-thread-6] binding.XMLBinding (XMLBinding.java:497) - getter: getHyperlink, attribute: hyperlink, value: null
INFO  | 2019-03-13 16:42:19 | [CDEThreadPool-thread-6] binding.XMLBinding (XMLBinding.java:547) - building rm class: DVTEXT, with valueMap: {value=comment 03}
INFO  | 2019-03-13 16:42:19 | [CDEThreadPool-thread-6] binding.XMLBinding (XMLBinding.java:497) - getter: getArchetypeDetails, attribute: archetypeDetails, value: null
INFO  | 2019-03-13 16:42:19 | [CDEThreadPool-thread-6] binding.XMLBinding (XMLBinding.java:497) - getter: getName, attribute: name, value: &lt;v1:value xmlns:v1=&quot;http://schemas.openehr.org/v1&quot; xmlns:xsi=&quot;http://www.w3.org/2001/XMLSchema-instance&quot;&gt;Comment&lt;/v1:value&gt;
INFO  | 2019-03-13 16:42:19 | [CDEThreadPool-thread-6] binding.XMLBinding (XMLBinding.java:497) - getter: getMappingsArray, attribute: mappings, value: [Lorg.openehr.schemas.v1.TERMMAPPING;@221d8f37
INFO  | 2019-03-13 16:42:19 | [CDEThreadPool-thread-6] binding.XMLBinding (XMLBinding.java:497) - getter: getFormatting, attribute: formatting, value: null
INFO  | 2019-03-13 16:42:19 | [CDEThreadPool-thread-6] binding.XMLBinding (XMLBinding.java:497) - getter: getLanguage, attribute: language, value: null
INFO  | 2019-03-13 16:42:19 | [CDEThreadPool-thread-6] binding.XMLBinding (XMLBinding.java:497) - getter: getEncoding, attribute: encoding, value: null
INFO  | 2019-03-13 16:42:19 | [CDEThreadPool-thread-6] binding.XMLBinding (XMLBinding.java:497) - getter: getValue, attribute: value, value: Comment
INFO  | 2019-03-13 16:42:19 | [CDEThreadPool-thread-6] binding.XMLBinding (XMLBinding.java:497) - getter: getHyperlink, attribute: hyperlink, value: null
INFO  | 2019-03-13 16:42:19 | [CDEThreadPool-thread-6] binding.XMLBinding (XMLBinding.java:547) - building rm class: DVTEXT, with valueMap: {value=Comment}
INFO  | 2019-03-13 16:42:19 | [CDEThreadPool-thread-6] binding.XMLBinding (XMLBinding.java:547) - building rm class: ELEMENT, with valueMap: {archetypeNodeId=at0009, name=Comment, value=comment 03}
INFO  | 2019-03-13 16:42:19 | [CDEThreadPool-thread-6] binding.XMLBinding (XMLBinding.java:497) - getter: getUid, attribute: uid, value: null
INFO  | 2019-03-13 16:42:19 | [CDEThreadPool-thread-6] binding.XMLBinding (XMLBinding.java:497) - getter: getLinksArray, attribute: links, value: [Lorg.openehr.schemas.v1.LINK;@54f65216
INFO  | 2019-03-13 16:42:19 | [CDEThreadPool-thread-6] binding.XMLBinding (XMLBinding.java:497) - getter: getNullFlavour, attribute: nullFlavour, value: null
INFO  | 2019-03-13 16:42:19 | [CDEThreadPool-thread-6] binding.XMLBinding (XMLBinding.java:497) - getter: getArchetypeNodeId, attribute: archetypeNodeId, value: at0011
INFO  | 2019-03-13 16:42:19 | [CDEThreadPool-thread-6] binding.XMLBinding (XMLBinding.java:497) - getter: getFeederAudit, attribute: feederAudit, value: null
INFO  | 2019-03-13 16:42:19 | [CDEThreadPool-thread-6] binding.XMLBinding (XMLBinding.java:497) - getter: getValue, attribute: value, value: &lt;xml-fragment xsi:type=&quot;v1:DV_TEXT&quot; xmlns:v1=&quot;http://schemas.openehr.org/v1&quot; xmlns:xsi=&quot;http://www.w3.org/2001/XMLSchema-instance&quot;&gt;
  &lt;v1:value&gt;header 03&lt;/v1:value&gt;
&lt;/xml-fragment&gt;
INFO  | 2019-03-13 16:42:19 | [CDEThreadPool-thread-6] binding.XMLBinding (XMLBinding.java:497) - getter: getMappingsArray, attribute: mappings, value: [Lorg.openehr.schemas.v1.TERMMAPPING;@314bb06d
INFO  | 2019-03-13 16:42:19 | [CDEThreadPool-thread-6] binding.XMLBinding (XMLBinding.java:497) - getter: getFormatting, attribute: formatting, value: null
INFO  | 2019-03-13 16:42:19 | [CDEThreadPool-thread-6] binding.XMLBinding (XMLBinding.java:497) - getter: getLanguage, attribute: language, value: null
INFO  | 2019-03-13 16:42:19 | [CDEThreadPool-thread-6] binding.XMLBinding (XMLBinding.java:497) - getter: getEncoding, attribute: encoding, value: null
INFO  | 2019-03-13 16:42:19 | [CDEThreadPool-thread-6] binding.XMLBinding (XMLBinding.java:497) - getter: getValue, attribute: value, value: header 03
INFO  | 2019-03-13 16:42:19 | [CDEThreadPool-thread-6] binding.XMLBinding (XMLBinding.java:497) - getter: getHyperlink, attribute: hyperlink, value: null
INFO  | 2019-03-13 16:42:19 | [CDEThreadPool-thread-6] binding.XMLBinding (XMLBinding.java:547) - building rm class: DVTEXT, with valueMap: {value=header 03}
INFO  | 2019-03-13 16:42:19 | [CDEThreadPool-thread-6] binding.XMLBinding (XMLBinding.java:497) - getter: getArchetypeDetails, attribute: archetypeDetails, value: null
INFO  | 2019-03-13 16:42:19 | [CDEThreadPool-thread-6] binding.XMLBinding (XMLBinding.java:497) - getter: getName, attribute: name, value: &lt;v1:value xmlns:v1=&quot;http://schemas.openehr.org/v1&quot; xmlns:xsi=&quot;http://www.w3.org/2001/XMLSchema-instance&quot;&gt;Heading&lt;/v1:value&gt;
INFO  | 2019-03-13 16:42:19 | [CDEThreadPool-thread-6] binding.XMLBinding (XMLBinding.java:497) - getter: getMappingsArray, attribute: mappings, value: [Lorg.openehr.schemas.v1.TERMMAPPING;@179de4ab
INFO  | 2019-03-13 16:42:19 | [CDEThreadPool-thread-6] binding.XMLBinding (XMLBinding.java:497) - getter: getFormatting, attribute: formatting, value: null
INFO  | 2019-03-13 16:42:19 | [CDEThreadPool-thread-6] binding.XMLBinding (XMLBinding.java:497) - getter: getLanguage, attribute: language, value: null
INFO  | 2019-03-13 16:42:19 | [CDEThreadPool-thread-6] binding.XMLBinding (XMLBinding.java:497) - getter: getEncoding, attribute: encoding, value: null
INFO  | 2019-03-13 16:42:19 | [CDEThreadPool-thread-6] binding.XMLBinding (XMLBinding.java:497) - getter: getValue, attribute: value, value: Heading
INFO  | 2019-03-13 16:42:19 | [CDEThreadPool-thread-6] binding.XMLBinding (XMLBinding.java:497) - getter: getHyperlink, attribute: hyperlink, value: null
INFO  | 2019-03-13 16:42:19 | [CDEThreadPool-thread-6] binding.XMLBinding (XMLBinding.java:547) - building rm class: DVTEXT, with valueMap: {value=Heading}
INFO  | 2019-03-13 16:42:19 | [CDEThreadPool-thread-6] binding.XMLBinding (XMLBinding.java:547) - building rm class: ELEMENT, with valueMap: {archetypeNodeId=at0011, name=Heading, value=header 03}
INFO  | 2019-03-13 16:42:19 | [CDEThreadPool-thread-6] binding.XMLBinding (XMLBinding.java:497) - getter: getUid, attribute: uid, value: null
INFO  | 2019-03-13 16:42:19 | [CDEThreadPool-thread-6] binding.XMLBinding (XMLBinding.java:497) - getter: getLinksArray, attribute: links, value: [Lorg.openehr.schemas.v1.LINK;@5937b558
INFO  | 2019-03-13 16:42:19 | [CDEThreadPool-thread-6] binding.XMLBinding (XMLBinding.java:497) - getter: getNullFlavour, attribute: nullFlavour, value: null
INFO  | 2019-03-13 16:42:19 | [CDEThreadPool-thread-6] binding.XMLBinding (XMLBinding.java:497) - getter: getArchetypeNodeId, attribute: archetypeNodeId, value: at0020
INFO  | 2019-03-13 16:42:19 | [CDEThreadPool-thread-6] binding.XMLBinding (XMLBinding.java:497) - getter: getFeederAudit, attribute: feederAudit, value: null
INFO  | 2019-03-13 16:42:19 | [CDEThreadPool-thread-6] binding.XMLBinding (XMLBinding.java:497) - getter: getValue, attribute: value, value: &lt;xml-fragment xsi:type=&quot;v1:DV_DATE_TIME&quot; xmlns:v1=&quot;http://schemas.openehr.org/v1&quot; xmlns:xsi=&quot;http://www.w3.org/2001/XMLSchema-instance&quot;&gt;
  &lt;v1:value&gt;2019-12-10T12:00:00+05:30&lt;/v1:value&gt;
&lt;/xml-fragment&gt;
INFO  | 2019-03-13 16:42:19 | [CDEThreadPool-thread-6] binding.XMLBinding (XMLBinding.java:497) - getter: getNormalRange, attribute: normalRange, value: null
INFO  | 2019-03-13 16:42:19 | [CDEThreadPool-thread-6] binding.XMLBinding (XMLBinding.java:497) - getter: getNormalStatus, attribute: normalStatus, value: null
INFO  | 2019-03-13 16:42:19 | [CDEThreadPool-thread-6] binding.XMLBinding (XMLBinding.java:497) - getter: getMagnitudeStatus, attribute: magnitudeStatus, value: null
INFO  | 2019-03-13 16:42:19 | [CDEThreadPool-thread-6] binding.XMLBinding (XMLBinding.java:497) - getter: getOtherReferenceRangesArray, attribute: otherReferenceRanges, value: [Lorg.openehr.schemas.v1.REFERENCERANGE;@88f7352
INFO  | 2019-03-13 16:42:19 | [CDEThreadPool-thread-6] binding.XMLBinding (XMLBinding.java:497) - getter: getValue, attribute: value, value: 2019-12-10T12:00:00+05:30
INFO  | 2019-03-13 16:42:19 | [CDEThreadPool-thread-6] binding.XMLBinding (XMLBinding.java:497) - getter: getAccuracy, attribute: accuracy, value: null
INFO  | 2019-03-13 16:42:19 | [CDEThreadPool-thread-6] binding.XMLBinding (XMLBinding.java:547) - building rm class: DVDATETIME, with valueMap: {value=2019-12-10T12:00:00+05:30}
INFO  | 2019-03-13 16:42:19 | [CDEThreadPool-thread-6] binding.XMLBinding (XMLBinding.java:497) - getter: getArchetypeDetails, attribute: archetypeDetails, value: null
INFO  | 2019-03-13 16:42:19 | [CDEThreadPool-thread-6] binding.XMLBinding (XMLBinding.java:497) - getter: getName, attribute: name, value: &lt;v1:value xmlns:v1=&quot;http://schemas.openehr.org/v1&quot; xmlns:xsi=&quot;http://www.w3.org/2001/XMLSchema-instance&quot;&gt;Reassessment Date and Time&lt;/v1:value&gt;
INFO  | 2019-03-13 16:42:19 | [CDEThreadPool-thread-6] binding.XMLBinding (XMLBinding.java:497) - getter: getMappingsArray, attribute: mappings, value: [Lorg.openehr.schemas.v1.TERMMAPPING;@885664c
INFO  | 2019-03-13 16:42:19 | [CDEThreadPool-thread-6] binding.XMLBinding (XMLBinding.java:497) - getter: getFormatting, attribute: formatting, value: null
INFO  | 2019-03-13 16:42:19 | [CDEThreadPool-thread-6] binding.XMLBinding (XMLBinding.java:497) - getter: getLanguage, attribute: language, value: null
INFO  | 2019-03-13 16:42:19 | [CDEThreadPool-thread-6] binding.XMLBinding (XMLBinding.java:497) - getter: getEncoding, attribute: encoding, value: null
[...]
INFO  | 2019-03-13 16:42:20 | [CDEThreadPool-thread-6] binding.XMLBinding (XMLBinding.java:547) - building rm class: ELEMENT, with valueMap: {archetypeNodeId=at0009, name=Non-standard procedure, value=Non-standard Procedure::Non-standard Procedure:OtherNonStandardProcedure|OtherNonStandardProcedure|}
INFO  | 2019-03-13 16:42:20 | [CDEThreadPool-thread-6] binding.XMLBinding (XMLBinding.java:497) - getter: getUid, attribute: uid, value: null
INFO  | 2019-03-13 16:42:20 | [CDEThreadPool-thread-6] binding.XMLBinding (XMLBinding.java:497) - getter: getLinksArray, attribute: links, value: [Lorg.openehr.schemas.v1.LINK;@2e55d1ff
INFO  | 2019-03-13 16:42:20 | [CDEThreadPool-thread-6] binding.XMLBinding (XMLBinding.java:497) - getter: getNullFlavour, attribute: nullFlavour, value: null
INFO  | 2019-03-13 16:42:20 | [CDEThreadPool-thread-6] binding.XMLBinding (XMLBinding.java:497) - getter: getArchetypeNodeId, attribute: archetypeNodeId, value: at0002
INFO  | 2019-03-13 16:42:20 | [CDEThreadPool-thread-6] binding.XMLBinding (XMLBinding.java:497) - getter: getFeederAudit, attribute: feederAudit, value: null
INFO  | 2019-03-13 16:42:20 | [CDEThreadPool-thread-6] binding.XMLBinding (XMLBinding.java:497) - getter: getValue, attribute: value, value: &lt;xml-fragment xsi:type=&quot;v1:DV_TEXT&quot; xmlns:v1=&quot;http://schemas.openehr.org/v1&quot; xmlns:xsi=&quot;http://www.w3.org/2001/XMLSchema-instance&quot;&gt;
  &lt;v1:value&gt;Header 02&lt;/v1:value&gt;
&lt;/xml-fragment&gt;
INFO  | 2019-03-13 16:42:20 | [CDEThreadPool-thread-6] binding.XMLBinding (XMLBinding.java:497) - getter: getMappingsArray, attribute: mappings, value: [Lorg.openehr.schemas.v1.TERMMAPPING;@7643f798
INFO  | 2019-03-13 16:42:20 | [CDEThreadPool-thread-6] binding.XMLBinding (XMLBinding.java:497) - getter: getFormatting, attribute: formatting, value: null
INFO  | 2019-03-13 16:42:20 | [CDEThreadPool-thread-6] binding.XMLBinding (XMLBinding.java:497) - getter: getLanguage, attribute: language, value: null
INFO  | 2019-03-13 16:42:20 | [CDEThreadPool-thread-6] binding.XMLBinding (XMLBinding.java:497) - getter: getEncoding, attribute: encoding, value: null
INFO  | 2019-03-13 16:42:20 | [CDEThreadPool-thread-6] binding.XMLBinding (XMLBinding.java:497) - getter: getValue, attribute: value, value: Header 02
INFO  | 2019-03-13 16:42:20 | [CDEThreadPool-thread-6] binding.XMLBinding (XMLBinding.java:497) - getter: getHyperlink, attribute: hyperlink, value: null
INFO  | 2019-03-13 16:42:20 | [CDEThreadPool-thread-6] binding.XMLBinding (XMLBinding.java:547) - building rm class: DVTEXT, with valueMap: {value=Header 02}
INFO  | 2019-03-13 16:42:20 | [CDEThreadPool-thread-6] binding.XMLBinding (XMLBinding.java:497) - getter: getArchetypeDetails, attribute: archetypeDetails, value: null
INFO  | 2019-03-13 16:42:20 | [CDEThreadPool-thread-6] binding.XMLBinding (XMLBinding.java:497) - getter: getName, attribute: name, value: &lt;v1:value xmlns:v1=&quot;http://schemas.openehr.org/v1&quot; xmlns:xsi=&quot;http://www.w3.org/2001/XMLSchema-instance&quot;&gt;Heading&lt;/v1:value&gt;
INFO  | 2019-03-13 16:42:20 | [CDEThreadPool-thread-6] binding.XMLBinding (XMLBinding.java:497) - getter: getMappingsArray, attribute: mappings, value: [Lorg.openehr.schemas.v1.TERMMAPPING;@1173f649
INFO  | 2019-03-13 16:42:20 | [CDEThreadPool-thread-6] binding.XMLBinding (XMLBinding.java:497) - getter: getFormatting, attribute: formatting, value: null
INFO  | 2019-03-13 16:42:20 | [CDEThreadPool-thread-6] binding.XMLBinding (XMLBinding.java:497) - getter: getLanguage, attribute: language, value: null
INFO  | 2019-03-13 16:42:20 | [CDEThreadPool-thread-6] binding.XMLBinding (XMLBinding.java:497) - getter: getEncoding, attribute: encoding, value: null
INFO  | 2019-03-13 16:42:20 | [CDEThreadPool-thread-6] binding.XMLBinding (XMLBinding.java:497) - getter: getValue, attribute: value, value: Heading
INFO  | 2019-03-13 16:42:20 | [CDEThreadPool-thread-6] binding.XMLBinding (XMLBinding.java:497) - getter: getHyperlink, attribute: hyperlink, value: null
INFO  | 2019-03-13 16:42:20 | [CDEThreadPool-thread-6] binding.XMLBinding (XMLBinding.java:547) - building rm class: DVTEXT, with valueMap: {value=Heading}
INFO  | 2019-03-13 16:42:20 | [CDEThreadPool-thread-6] binding.XMLBinding (XMLBinding.java:547) - building rm class: ELEMENT, with valueMap: {archetypeNodeId=at0002, name=Heading, value=Header 02}
INFO  | 2019-03-13 16:42:20 | [CDEThreadPool-thread-6] binding.XMLBinding (XMLBinding.java:497) - getter: getUid, attribute: uid, value: null
INFO  | 2019-03-13 16:42:20 | [CDEThreadPool-thread-6] binding.XMLBinding (XMLBinding.java:497) - getter: getLinksArray, attribute: links, value: [Lorg.openehr.schemas.v1.LINK;@540f4edc
INFO  | 2019-03-13 16:42:20 | [CDEThreadPool-thread-6] binding.XMLBinding (XMLBinding.java:497) - getter: getNullFlavour, attribute: nullFlavour, value: null
INFO  | 2019-03-13 16:42:20 | [CDEThreadPool-thread-6] binding.XMLBinding (XMLBinding.java:497) - getter: getArchetypeNodeId, attribute: archetypeNodeId, value: at0003
INFO  | 2019-03-13 16:42:20 | [CDEThreadPool-thread-6] binding.XMLBinding (XMLBinding.java:497) - getter: getFeederAudit, attribute: feederAudit, value: null
INFO  | 2019-03-13 16:42:20 | [CDEThreadPool-thread-6] binding.XMLBinding (XMLBinding.java:497) - getter: getValue, attribute: value, value: &lt;xml-fragment xsi:type=&quot;v1:DV_TEXT&quot; xmlns:v1=&quot;http://schemas.openehr.org/v1&quot; xmlns:xsi=&quot;http://www.w3.org/2001/XMLSchema-instance&quot;&gt;
  &lt;v1:value&gt;Comment 02&lt;/v1:value&gt;
&lt;/xml-fragment&gt;
INFO  | 2019-03-13 16:42:20 | [CDEThreadPool-thread-6] binding.XMLBinding (XMLBinding.java:497) - getter: getMappingsArray, attribute: mappings, value: [Lorg.openehr.schemas.v1.TERMMAPPING;@54d5a78b
INFO  | 2019-03-13 16:42:20 | [CDEThreadPool-thread-6] binding.XMLBinding (XMLBinding.java:497) - getter: getFormatting, attribute: formatting, value: null
INFO  | 2019-03-13 16:42:20 | [CDEThreadPool-thread-6] binding.XMLBinding (XMLBinding.java:497) - getter: getLanguage, attribute: language, value: null
INFO  | 2019-03-13 16:42:20 | [CDEThreadPool-thread-6] binding.XMLBinding (XMLBinding.java:497) - getter: getEncoding, attribute: encoding, value: null
INFO  | 2019-03-13 16:42:20 | [CDEThreadPool-thread-6] binding.XMLBinding (XMLBinding.java:497) - getter: getValue, attribute: value, value: Comment 02
INFO  | 2019-03-13 16:42:20 | [CDEThreadPool-thread-6] binding.XMLBinding (XMLBinding.java:497) - getter: getHyperlink, attribute: hyperlink, value: null
INFO  | 2019-03-13 16:42:20 | [CDEThreadPool-thread-6] binding.XMLBinding (XMLBinding.java:547) - building rm class: DVTEXT, with valueMap: {value=Comment 02}
INFO  | 2019-03-13 16:42:20 | [CDEThreadPool-thread-6] binding.XMLBinding (XMLBinding.java:497) - getter: getArchetypeDetails, attribute: archetypeDetails, value: null
INFO  | 2019-03-13 16:42:20 | [CDEThreadPool-thread-6] binding.XMLBinding (XMLBinding.java:497) - getter: getName, attribute: name, value: &lt;v1:value xmlns:v1=&quot;http://schemas.openehr.org/v1&quot; xmlns:xsi=&quot;http://www.w3.org/2001/XMLSchema-instance&quot;&gt;Comment&lt;/v1:value&gt;
INFO  | 2019-03-13 16:42:20 | [CDEThreadPool-thread-6] binding.XMLBinding (XMLBinding.java:497) - getter: getMappingsArray, attribute: mappings, value: [Lorg.openehr.schemas.v1.TERMMAPPING;@3dc375be
INFO  | 2019-03-13 16:42:20 | [CDEThreadPool-thread-6] binding.XMLBinding (XMLBinding.java:497) - getter: getFormatting, attribute: formatting, value: null
INFO  | 2019-03-13 16:42:20 | [CDEThreadPool-thread-6] binding.XMLBinding (XMLBinding.java:497) - getter: getLanguage, attribute: language, value: null
INFO  | 2019-03-13 16:42:20 | [CDEThreadPool-thread-6] binding.XMLBinding (XMLBinding.java:497) - getter: getEncoding, attribute: encoding, value: null
INFO  | 2019-03-13 16:42:20 | [CDEThreadPool-thread-6] binding.XMLBinding (XMLBinding.java:497) - getter: getValue, attribute: value, value: Comment
INFO  | 2019-03-13 16:42:20 | [CDEThreadPool-thread-6] binding.XMLBinding (XMLBinding.java:497) - getter: getHyperlink, attribute: hyperlink, value: null
INFO  | 2019-03-13 16:42:20 | [CDEThreadPool-thread-6] binding.XMLBinding (XMLBinding.java:547) - building rm class: DVTEXT, with valueMap: {value=Comment}
INFO  | 2019-03-13 16:42:20 | [CDEThreadPool-thread-6] binding.XMLBinding (XMLBinding.java:547) - building rm class: ELEMENT, with valueMap: {archetypeNodeId=at0003, name=Comment, value=Comment 02}
INFO  | 2019-03-13 16:42:20 | [CDEThreadPool-thread-6] binding.XMLBinding (XMLBinding.java:497) - getter: getUid, attribute: uid, value: null
INFO  | 2019-03-13 16:42:20 | [CDEThreadPool-thread-6] binding.XMLBinding (XMLBinding.java:497) - getter: getLinksArray, attribute: links, value: [Lorg.openehr.schemas.v1.LINK;@338c0df1
INFO  | 2019-03-13 16:42:20 | [CDEThreadPool-thread-6] binding.XMLBinding (XMLBinding.java:497) - getter: getNullFlavour, attribute: nullFlavour, value: null
INFO  | 2019-03-13 16:42:20 | [CDEThreadPool-thread-6] binding.XMLBinding (XMLBinding.java:497) - getter: getArchetypeNodeId, attribute: archetypeNodeId, value: at0020
INFO  | 2019-03-13 16:42:20 | [CDEThreadPool-thread-6] binding.XMLBinding (XMLBinding.java:497) - getter: getFeederAudit, attribute: feederAudit, value: null
INFO  | 2019-03-13 16:42:20 | [CDEThreadPool-thread-6] binding.XMLBinding (XMLBinding.java:497) - getter: getValue, attribute: value, value: &lt;xml-fragment xsi:type=&quot;v1:DV_DATE_TIME&quot; xmlns:v1=&quot;http://schemas.openehr.org/v1&quot; xmlns:xsi=&quot;http://www.w3.org/2001/XMLSchema-instance&quot;&gt;
  &lt;v1:value&gt;2019-12-10T12:00:00+05:30&lt;/v1:value&gt;
&lt;/xml-fragment&gt;
INFO  | 2019-03-13 16:42:20 | [CDEThreadPool-thread-6] binding.XMLBinding (XMLBinding.java:497) - getter: getNormalRange, attribute: normalRange, value: null
INFO  | 2019-03-13 16:42:20 | [CDEThreadPool-thread-6] binding.XMLBinding (XMLBinding.java:497) - getter: getNormalStatus, attribute: normalStatus, value: null
INFO  | 2019-03-13 16:42:20 | [CDEThreadPool-thread-6] binding.XMLBinding (XMLBinding.java:497) - getter: getMagnitudeStatus, attribute: magnitudeStatus, value: null
INFO  | 2019-03-13 16:42:20 | [CDEThreadPool-thread-6] binding.XMLBinding (XMLBinding.java:497) - getter: getOtherReferenceRangesArray, attribute: otherReferenceRanges, value: [Lorg.openehr.schemas.v1.REFERENCERANGE;@1d5bccf2
INFO  | 2019-03-13 16:42:20 | [CDEThreadPool-thread-6] binding.XMLBinding (XMLBinding.java:497) - getter: getValue, attribute: value, value: 2019-12-10T12:00:00+05:30
INFO  | 2019-03-13 16:42:20 | [CDEThreadPool-thread-6] binding.XMLBinding (XMLBinding.java:497) - getter: getAccuracy, attribute: accuracy, value: null
INFO  | 2019-03-13 16:42:20 | [CDEThreadPool-thread-6] binding.XMLBinding (XMLBinding.java:547) - building rm class: DVDATETIME, with valueMap: {value=2019-12-10T12:00:00+05:30}
INFO  | 2019-03-13 16:42:20 | [CDEThreadPool-thread-6] binding.XMLBinding (XMLBinding.java:497) - getter: getArchetypeDetails, attribute: archetypeDetails, value: null
INFO  | 2019-03-13 16:42:20 | [CDEThreadPool-thread-6] binding.XMLBinding (XMLBinding.java:497) - getter: getName, attribute: name, value: &lt;v1:value xmlns:v1=&quot;http://schemas.openehr.org/v1&quot; xmlns:xsi=&quot;http://www.w3.org/2001/XMLSchema-instance&quot;&gt;Reassessment Date and Time&lt;/v1:value&gt;
INFO  | 2019-03-13 16:42:20 | [CDEThreadPool-thread-6] binding.XMLBinding (XMLBinding.java:497) - getter: getMappingsArray, attribute: mappings, value: [Lorg.openehr.schemas.v1.TERMMAPPING;@64cbd92d
INFO  | 2019-03-13 16:42:20 | [CDEThreadPool-thread-6] binding.XMLBinding (XMLBinding.java:497) - getter: getFormatting, attribute: formatting, value: null
INFO  | 2019-03-13 16:42:20 | [CDEThreadPool-thread-6] binding.XMLBinding (XMLBinding.java:497) - getter: getLanguage, attribute: language, value: null
INFO  | 2019-03-13 16:42:20 | [CDEThreadPool-thread-6] binding.XMLBinding (XMLBinding.java:497) - getter: getEncoding, attribute: encoding, value: null
INFO  | 2019-03-13 16:42:20 | [CDEThreadPool-thread-6] binding.XMLBinding (XMLBinding.java:497) - getter: getValue, attribute: value, value: Reassessment Date and Time
INFO  | 2019-03-13 16:42:20 | [CDEThreadPool-thread-6] binding.XMLBinding (XMLBinding.java:497) - getter: getHyperlink, attribute: hyperlink, value: null
INFO  | 2019-03-13 16:42:20 | [CDEThreadPool-thread-6] binding.XMLBinding (XMLBinding.java:547) - building rm class: DVTEXT, with valueMap: {value=Reassessment Date and Time}
INFO  | 2019-03-13 16:42:20 | [CDEThreadPool-thread-6] binding.XMLBinding (XMLBinding.java:547) - building rm class: ELEMENT, with valueMap: {archetypeNodeId=at0020, name=Reassessment Date and Time, value=2019-12-10T12:00:00+05:30}
INFO  | 2019-03-13 16:42:20 | [CDEThreadPool-thread-6] binding.XMLBinding (XMLBinding.java:497) - getter: getUid, attribute: uid, value: null
INFO  | 2019-03-13 16:42:20 | [CDEThreadPool-thread-6] binding.XMLBinding (XMLBinding.java:497) - getter: getLinksArray, attribute: links, value: [Lorg.openehr.schemas.v1.LINK;@42833e8f
INFO  | 2019-03-13 16:42:20 | [CDEThreadPool-thread-6] binding.XMLBinding (XMLBinding.java:497) - getter: getNullFlavour, attribute: nullFlavour, value: null
INFO  | 2019-03-13 16:42:20 | [CDEThreadPool-thread-6] binding.XMLBinding (XMLBinding.java:497) - getter: getArchetypeNodeId, attribute: archetypeNodeId, value: at0021
INFO  | 2019-03-13 16:42:20 | [CDEThreadPool-thread-6] binding.XMLBinding (XMLBinding.java:497) - getter: getFeederAudit, attribute: feederAudit, value: null
INFO  | 2019-03-13 16:42:20 | [CDEThreadPool-thread-6] binding.XMLBinding (XMLBinding.java:497) - getter: getValue, attribute: value, value: &lt;xml-fragment xsi:type=&quot;v1:DV_TEXT&quot; xmlns:v1=&quot;http://schemas.openehr.org/v1&quot; xmlns:xsi=&quot;http://www.w3.org/2001/XMLSchema-instance&quot;&gt;
  &lt;v1:value&gt;No reason for reassessment&lt;/v1:value&gt;
&lt;/xml-fragment&gt;
INFO  | 2019-03-13 16:42:20 | [CDEThreadPool-thread-6] binding.XMLBinding (XMLBinding.java:497) - getter: getMappingsArray, attribute: mappings, value: [Lorg.openehr.schemas.v1.TERMMAPPING;@11b350ab
INFO  | 2019-03-13 16:42:20 | [CDEThreadPool-thread-6] binding.XMLBinding (XMLBinding.java:497) - getter: getFormatting, attribute: formatting, value: null
INFO  | 2019-03-13 16:42:20 | [CDEThreadPool-thread-6] binding.XMLBinding (XMLBinding.java:497) - getter: getLanguage, attribute: language, value: null
INFO  | 2019-03-13 16:42:20 | [CDEThreadPool-thread-6] binding.XMLBinding (XMLBinding.java:497) - getter: getEncoding, attribute: encoding, value: null
INFO  | 2019-03-13 16:42:20 | [CDEThreadPool-thread-6] binding.XMLBinding (XMLBinding.java:497) - getter: getValue, attribute: value, value: No reason for reassessment
INFO  | 2019-03-13 16:42:20 | [CDEThreadPool-thread-6] binding.XMLBinding (XMLBinding.java:497) - getter: getHyperlink, attribute: hyperlink, value: null
INFO  | 2019-03-13 16:42:20 | [CDEThreadPool-thread-6] binding.XMLBinding (XMLBinding.java:547) - building rm class: DVTEXT, with valueMap: {value=No reason for reassessment}
INFO  | 2019-03-13 16:42:20 | [CDEThreadPool-thread-6] binding.XMLBinding (XMLBinding.java:497) - getter: getArchetypeDetails, attribute: archetypeDetails, value: null
INFO  | 2019-03-13 16:42:20 | [CDEThreadPool-thread-6] binding.XMLBinding (XMLBinding.java:497) - getter: getName, attribute: name, value: &lt;v1:value xmlns:v1=&quot;http://schemas.openehr.org/v1&quot; xmlns:xsi=&quot;http://www.w3.org/2001/XMLSchema-instance&quot;&gt;Reason for reassessment&lt;/v1:value&gt;
INFO  | 2019-03-13 16:42:20 | [CDEThreadPool-thread-6] binding.XMLBinding (XMLBinding.java:497) - getter: getMappingsArray, attribute: mappings, value: [Lorg.openehr.schemas.v1.TERMMAPPING;@524c2233
INFO  | 2019-03-13 16:42:20 | [CDEThreadPool-thread-6] binding.XMLBinding (XMLBinding.java:497) - getter: getFormatting, attribute: formatting, value: null
INFO  | 2019-03-13 16:42:20 | [CDEThreadPool-thread-6] binding.XMLBinding (XMLBinding.java:497) - getter: getLanguage, attribute: language, value: null
INFO  | 2019-03-13 16:42:20 | [CDEThreadPool-thread-6] binding.XMLBinding (XMLBinding.java:497) - getter: getEncoding, attribute: encoding, value: null
INFO  | 2019-03-13 16:42:20 | [CDEThreadPool-thread-6] binding.XMLBinding (XMLBinding.java:497) - getter: getValue, attribute: value, value: Reason for reassessment
INFO  | 2019-03-13 16:42:20 | [CDEThreadPool-thread-6] binding.XMLBinding (XMLBinding.java:497) - getter: getHyperlink, attribute: hyperlink, value: null
INFO  | 2019-03-13 16:42:20 | [CDEThreadPool-thread-6] binding.XMLBinding (XMLBinding.java:547) - building rm class: DVTEXT, with valueMap: {value=Reason for reassessment}
INFO  | 2019-03-13 16:42:20 | [CDEThreadPool-thread-6] binding.XMLBinding (XMLBinding.java:547) - building rm class: ELEMENT, with valueMap: {archetypeNodeId=at0021, name=Reason for reassessment, value=No reason for reassessment}
INFO  | 2019-03-13 16:42:20 | [CDEThreadPool-thread-6] binding.XMLBinding (XMLBinding.java:497) - getter: getArchetypeDetails, attribute: archetypeDetails, value: null
INFO  | 2019-03-13 16:42:20 | [CDEThreadPool-thread-6] binding.XMLBinding (XMLBinding.java:497) - getter: getLinksArray, attribute: links, value: [Lorg.openehr.schemas.v1.LINK;@3358a721
INFO  | 2019-03-13 16:42:20 | [CDEThreadPool-thread-6] binding.XMLBinding (XMLBinding.java:497) - getter: getFeederAudit, attribute: feederAudit, value: null
INFO  | 2019-03-13 16:42:20 | [CDEThreadPool-thread-6] binding.XMLBinding (XMLBinding.java:497) - getter: getName, attribute: name, value: &lt;v1:value xmlns:v1=&quot;http://schemas.openehr.org/v1&quot; xmlns:xsi=&quot;http://www.w3.org/2001/XMLSchema-instance&quot;&gt;tree&lt;/v1:value&gt;
INFO  | 2019-03-13 16:42:20 | [CDEThreadPool-thread-6] binding.XMLBinding (XMLBinding.java:497) - getter: getMappingsArray, attribute: mappings, value: [Lorg.openehr.schemas.v1.TERMMAPPING;@38659fe9
INFO  | 2019-03-13 16:42:20 | [CDEThreadPool-thread-6] binding.XMLBinding (XMLBinding.java:497) - getter: getFormatting, attribute: formatting, value: null
INFO  | 2019-03-13 16:42:20 | [CDEThreadPool-thread-6] binding.XMLBinding (XMLBinding.java:497) - getter: getLanguage, attribute: language, value: null
INFO  | 2019-03-13 16:42:20 | [CDEThreadPool-thread-6] binding.XMLBinding (XMLBinding.java:497) - getter: getEncoding, attribute: encoding, value: null
INFO  | 2019-03-13 16:42:20 | [CDEThreadPool-thread-6] binding.XMLBinding (XMLBinding.java:497) - getter: getValue, attribute: value, value: tree
INFO  | 2019-03-13 16:42:20 | [CDEThreadPool-thread-6] binding.XMLBinding (XMLBinding.java:497) - getter: getHyperlink, attribute: hyperlink, value: null
INFO  | 2019-03-13 16:42:20 | [CDEThreadPool-thread-6] binding.XMLBinding (XMLBinding.java:547) - building rm class: DVTEXT, with valueMap: {value=tree}
INFO  | 2019-03-13 16:42:20 | [CDEThreadPool-thread-6] binding.XMLBinding (XMLBinding.java:547) - building rm class: ITEMTREE, with valueMap: {archetypeNodeId=at0001, name=tree, items=[Ljava.lang.Object;@68749be6}
INFO  | 2019-03-13 16:42:20 | [CDEThreadPool-thread-6] binding.XMLBinding (XMLBinding.java:547) - building rm class: EVALUATION, with valueMap: {data=at0001, tree, subject=org.openehr.rm.common.generic.PartySelf@4e596c39, language=ISO_639-1::en, encoding=IANA_character-sets::UTF-8, archetypeNodeId=openEHR-EHR-EVALUATION.non_standard_procedure-cambio.v1, name=Non standard procedure, archetypeDetails=org.openehr.rm.common.archetyped.Archetyped@56f763e5}
INFO  | 2019-03-13 16:42:23 | [main] local.TestNgTestExecutor (TestNgTestExecutor.java:93) - Test Method:se.cambio.qa.dev.AS_UNIT_01_01Test.test_cosmic_as_attention_signal_open_attention_signal_create_new_ContagiousDisease_Type - Result :Failure
</system-out>
  </testcase>
</testsuite>