<?xml version="1.0" encoding="UTF-8"?>
<!-- Generated by org.testng.reporters.JUnitXMLReporter -->
<testsuite hostname="CLLK-SHIWANTHAL" ignored="4" name="Smoke Scope Execution Coverage" tests="1" failures="1" timestamp="13 Mar 2019 11:12:24 GMT" time="66.5" errors="0">
  <testcase name="test_cosmic_as_attention_signal_open_attention_signal_create_new_ContagiousDisease_Type" time="66.452" classname="se.cambio.qa.dev.AS_UNIT_01_01Test">
    <failure type="java.lang.RuntimeException" message="se.cambio.test.taf.core.exception.ApplicationException: Component not found on the active window. Unexpected window open. 
Component: se.cambiosys.client.framework.components.CambioButton[,5,58,56x21,alignmentX=0.0,alignmentY=0.5,border=javax.swing.plaf.synth.SynthBorder@7996d0d4,flags=416,maximumSize=,minimumSize=,preferredSize=,defaultIcon=,disabledIcon=,disabledSelectedIcon=,margin=java.awt.Insets[top=2,left=10,bottom=2,right=10],paintBorder=true,paintFocus=true,pressedIcon=,rolloverEnabled=true,rolloverIcon=,rolloverSelectedIcon=,selectedIcon=,text=New...,defaultCapable=true]
Currently Active Window: Information">
      <![CDATA[java.lang.RuntimeException: se.cambio.test.taf.core.exception.ApplicationException: Component not found on the active window. Unexpected window open. 
Component: se.cambiosys.client.framework.components.CambioButton[,5,58,56x21,alignmentX=0.0,alignmentY=0.5,border=javax.swing.plaf.synth.SynthBorder@7996d0d4,flags=416,maximumSize=,minimumSize=,preferredSize=,defaultIcon=,disabledIcon=,disabledSelectedIcon=,margin=java.awt.Insets[top=2,left=10,bottom=2,right=10],paintBorder=true,paintFocus=true,pressedIcon=,rolloverEnabled=true,rolloverIcon=,rolloverSelectedIcon=,selectedIcon=,text=New...,defaultCapable=true]
Currently Active Window: Information
at se.cambio.test.runner.framework.runner.DelegatingTestRunner.run(DelegatingTestRunner.java:38)
at com.sun.proxy.$Proxy0.invoke(Unknown Source)
Caused by: se.cambio.test.taf.core.exception.ApplicationException: Component not found on the active window. Unexpected window open. 
Component: se.cambiosys.client.framework.components.CambioButton[,5,58,56x21,alignmentX=0.0,alignmentY=0.5,border=javax.swing.plaf.synth.SynthBorder@7996d0d4,flags=416,maximumSize=,minimumSize=,preferredSize=,defaultIcon=,disabledIcon=,disabledSelectedIcon=,margin=java.awt.Insets[top=2,left=10,bottom=2,right=10],paintBorder=true,paintFocus=true,pressedIcon=,rolloverEnabled=true,rolloverIcon=,rolloverSelectedIcon=,selectedIcon=,text=New...,defaultCapable=true]
Currently Active Window: Information
at se.cambio.test.taf.element.desktop.elementbase.core.BaseElement.verifyComponentIsInActiveWindow(BaseElement.java:319)
at se.cambio.test.taf.element.desktop.elementbase.core.BaseAbstractButton.<init>(BaseAbstractButton.java:146)
at se.cambio.test.taf.element.desktop.element.JButton.<init>(JButton.java:41)
at se.cambio.test.taf.element.desktop.element.JButton.findBy(JButton.java:63)
at se.cambio.test.taf.element.desktop.DesktopContainerLocator.button(DesktopContainerLocator.java:38)
at se.cambio.qa.as.pages.CosmicASAttentionSignalPage.step_as_attention_signal_perform_new_button(CosmicASAttentionSignalPage.java:106)
at se.cambio.qa.dev.AS_UNIT_01_01Test.test_cosmic_as_attention_signal_open_attention_signal_create_new_ContagiousDisease_Type(AS_UNIT_01_01Test.java:23)
at se.cambio.test.runner.framework.executor.impl.local.TestNgTestExecutor.runTestSuite(TestNgTestExecutor.java:53)
at se.cambio.test.runner.framework.executor.impl.local.TestNgTestExecutor.execute(TestNgTestExecutor.java:37)
at se.cambio.test.runner.framework.runner.DelegatingTestRunner.run(DelegatingTestRunner.java:34)
... 30 more
... Removed 51 stack frames]]>
    </failure>
  </testcase> <!-- test_cosmic_as_attention_signal_open_attention_signal_create_new_ContagiousDisease_Type -->
  <testcase name="test_cosmic_as_attention_signal_existing_attention_signal_create_new_assessment_and_make_obsolete" time="0.0" classname="se.cambio.qa.dev.AS_UNIT_01_01Test">
    <ignored/>
  </testcase> <!-- test_cosmic_as_attention_signal_existing_attention_signal_create_new_assessment_and_make_obsolete -->
  <testcase name="test_cosmic_as_attention_signal_existing_attention_signal_show_details" time="0.0" classname="se.cambio.qa.dev.AS_UNIT_01_01Test">
    <ignored/>
  </testcase> <!-- test_cosmic_as_attention_signal_existing_attention_signal_show_details -->
  <testcase name="test_cosmic_as_attention_signal_open_attention_signal_create_new_treatments_and_condition_Type" time="0.0" classname="se.cambio.qa.dev.AS_UNIT_01_01Test">
    <ignored/>
  </testcase> <!-- test_cosmic_as_attention_signal_open_attention_signal_create_new_treatments_and_condition_Type -->
  <testcase name="test_cosmic_as_attention_signal_open_attention_signal_create_new_hypersensitivity_Type" time="0.0" classname="se.cambio.qa.dev.AS_UNIT_01_01Test">
    <ignored/>
  </testcase> <!-- test_cosmic_as_attention_signal_open_attention_signal_create_new_hypersensitivity_Type -->
</testsuite> <!-- Smoke Scope Execution Coverage -->
